[0.000000] (-) TimerEvent: {}
[0.000146] (ros2_arm_viz) JobQueued: {'identifier': 'ros2_arm_viz', 'dependencies': OrderedDict()}
[0.000229] (ros2_arm_viz) JobStarted: {'identifier': 'ros2_arm_viz'}
[0.103276] (-) TimerEvent: {}
[0.207772] (-) TimerEvent: {}
[0.311760] (-) TimerEvent: {}
[0.412307] (-) TimerEvent: {}
[0.512785] (-) TimerEvent: {}
[0.618707] (-) TimerEvent: {}
[0.723845] (-) TimerEvent: {}
[0.828362] (-) TimerEvent: {}
[0.935243] (-) TimerEvent: {}
[1.037033] (-) TimerEvent: {}
[1.140218] (-) TimerEvent: {}
[1.245176] (-) TimerEvent: {}
[1.349839] (-) TimerEvent: {}
[1.454907] (-) TimerEvent: {}
[1.558870] (-) TimerEvent: {}
[1.662162] (-) TimerEvent: {}
[1.766276] (-) TimerEvent: {}
[1.872615] (-) TimerEvent: {}
[1.942557] (ros2_arm_viz) Command: {'cmd': ['/Users/alvin/y/envs/ros_env/bin/python3.11', '-W', 'ignore:setup.py install is deprecated', '-W', 'ignore:easy_install command is deprecated', 'setup.py', 'egg_info', '--egg-base', '../../build/ros2_arm_viz', 'build', '--build-base', "/Users/alvin/Documents/Alvin/College/Academics/Master's Thesis/Code/Neuromorphic-Robot-Control/build/ros2_arm_viz/build", 'install', '--record', "/Users/alvin/Documents/Alvin/College/Academics/Master's Thesis/Code/Neuromorphic-Robot-Control/build/ros2_arm_viz/install.log", '--single-version-externally-managed', 'install_data'], 'cwd': "/Users/alvin/Documents/Alvin/College/Academics/Master's Thesis/Code/Neuromorphic-Robot-Control/src/ros2_arm_viz", 'env': {'_ZO_DOCTOR': '0', 'VSCODE_CRASH_REPORTER_PROCESS_TYPE': 'extensionHost', 'TERM': 'dumb', 'SHELL': '/bin/zsh', 'VSCODE_PROCESS_TITLE': 'extension-host (agent-exec) [3-18]', 'TMPDIR': '/var/folders/tb/skn1f_1957v8kj6tkdl4dsp80000gn/T/', 'CONDA_SHLVL': '0', 'MallocNanoZone': '0', 'CURSOR_TRACE_ID': 'd7b977746b004392a88b89ec2f616972', 'NO_COLOR': '1', 'PNPM_HOME': '/Users/alvin/Library/pnpm', 'USER': 'alvin', 'COMMAND_MODE': 'unix2003', 'SSH_AUTH_SOCK': '/private/tmp/com.apple.launchd.DnEUgPaxZp/Listeners', '__CF_USER_TEXT_ENCODING': '0x1F5:0:2', 'MAMBA_EXE': '/Users/alvin/.local/bin/micromamba', 'PATH': '/Users/alvin/y/envs/ros_env/bin:/Users/alvin/y/condabin:/Users/alvin/.antigravity/antigravity/bin:/Users/alvin/.codeium/windsurf/bin:/Library/Frameworks/Python.framework/Versions/3.13/bin:/usr/local/bin:/usr/bin:/bin:/usr/sbin:/sbin:/Library/TeX/texbin:/Users/alvin/.antigravity/antigravity/bin:/Users/alvin/.codeium/windsurf/bin:/Users/alvin/Library/pnpm:/Library/Frameworks/Python.framework/Versions/3.13/bin', '__CFBundleIdentifier': 'com.todesktop.230313mzl4w4u92', 'PWD': "/Users/alvin/Documents/Alvin/College/Academics/Master's Thesis/Code/Neuromorphic-Robot-Control/build/ros2_arm_viz", 'COLCON': '1', 'MAMBA_ROOT_PREFIX': '/Users/alvin/y', 'VSCODE_HANDLES_UNCAUGHT_ERRORS': 'true', 'VSCODE_ESM_ENTRYPOINT': 'vs/workbench/api/node/extensionHostProcess', 'CURSOR_AGENT': '1', 'XPC_FLAGS': '0x0', 'CURSOR_EXTENSION_HOST_ROLE': 'agent-exec', 'FORCE_COLOR': '0', 'XPC_SERVICE_NAME': '0', 'SHLVL': '2', 'HOME': '/Users/alvin', 'VSCODE_NLS_CONFIG': '{"userLocale":"en-gb","osLocale":"en-gb","resolvedLanguage":"en","defaultMessagesFile":"/Applications/Cursor.app/Contents/Resources/app/out/nls.messages.json","locale":"en-gb","availableLanguages":{}}', 'CI': '1', 'LOGNAME': 'alvin', 'LC_CTYPE': 'UTF-8', 'VSCODE_IPC_HOOK': '/Users/alvin/Library/Application Support/Cursor/2.5.-main.sock', 'VSCODE_CODE_CACHE_PATH': '/Users/alvin/Library/Application Support/Cursor/CachedData/7d96c2a03bb088ad367615e9da1a3fe20fbbc6a0', 'VSCODE_PID': '32668', 'VSCODE_CWD': '/', '_': '/usr/bin/env', 'PYTHONPATH': "/Users/alvin/Documents/Alvin/College/Academics/Master's Thesis/Code/Neuromorphic-Robot-Control/build/ros2_arm_viz/prefix_override:/Users/alvin/y/envs/ros_env/lib/python3.11/site-packages/colcon_core/task/python/colcon_distutils_commands:/Users/alvin/Documents/Alvin/College/Academics/Master's Thesis/Code/Neuromorphic-Robot-Control/install/ros2_arm_viz/lib/python3.11/site-packages:"}, 'shell': False}
[1.978799] (-) TimerEvent: {}
[2.098713] (-) TimerEvent: {}
[2.203727] (-) TimerEvent: {}
[2.307206] (-) TimerEvent: {}
[2.411765] (-) TimerEvent: {}
[2.514917] (-) TimerEvent: {}
[2.620166] (-) TimerEvent: {}
[2.720544] (-) TimerEvent: {}
[2.772211] (ros2_arm_viz) StdoutLine: {'line': b'running egg_info\n'}
[2.801420] (ros2_arm_viz) StdoutLine: {'line': b'creating ../../build/ros2_arm_viz/ros2_arm_viz.egg-info\n'}
[2.801889] (ros2_arm_viz) StdoutLine: {'line': b'writing ../../build/ros2_arm_viz/ros2_arm_viz.egg-info/PKG-INFO\n'}
[2.803039] (ros2_arm_viz) StdoutLine: {'line': b'writing dependency_links to ../../build/ros2_arm_viz/ros2_arm_viz.egg-info/dependency_links.txt\n'}
[2.803656] (ros2_arm_viz) StdoutLine: {'line': b'writing entry points to ../../build/ros2_arm_viz/ros2_arm_viz.egg-info/entry_points.txt\n'}
[2.804759] (ros2_arm_viz) StdoutLine: {'line': b'writing requirements to ../../build/ros2_arm_viz/ros2_arm_viz.egg-info/requires.txt\n'}
[2.805596] (ros2_arm_viz) StdoutLine: {'line': b'writing top-level names to ../../build/ros2_arm_viz/ros2_arm_viz.egg-info/top_level.txt\n'}
[2.805946] (ros2_arm_viz) StdoutLine: {'line': b"writing manifest file '../../build/ros2_arm_viz/ros2_arm_viz.egg-info/SOURCES.txt'\n"}
[2.821770] (-) TimerEvent: {}
[2.873376] (ros2_arm_viz) StdoutLine: {'line': b"reading manifest file '../../build/ros2_arm_viz/ros2_arm_viz.egg-info/SOURCES.txt'\n"}
[2.874794] (ros2_arm_viz) StdoutLine: {'line': b"writing manifest file '../../build/ros2_arm_viz/ros2_arm_viz.egg-info/SOURCES.txt'\n"}
[2.875224] (ros2_arm_viz) StdoutLine: {'line': b'running build\n'}
[2.875352] (ros2_arm_viz) StdoutLine: {'line': b'running build_py\n'}
[2.875672] (ros2_arm_viz) StdoutLine: {'line': b"creating /Users/alvin/Documents/Alvin/College/Academics/Master's Thesis/Code/Neuromorphic-Robot-Control/build/ros2_arm_viz/build/lib/ros2_arm_viz\n"}
[2.876242] (ros2_arm_viz) StdoutLine: {'line': b"copying ros2_arm_viz/__init__.py -> /Users/alvin/Documents/Alvin/College/Academics/Master's Thesis/Code/Neuromorphic-Robot-Control/build/ros2_arm_viz/build/lib/ros2_arm_viz\n"}
[2.878147] (ros2_arm_viz) StdoutLine: {'line': b"copying ros2_arm_viz/joint_state_mpc_node.py -> /Users/alvin/Documents/Alvin/College/Academics/Master's Thesis/Code/Neuromorphic-Robot-Control/build/ros2_arm_viz/build/lib/ros2_arm_viz\n"}
[2.880000] (ros2_arm_viz) StdoutLine: {'line': b'running install\n'}
[2.892749] (ros2_arm_viz) StdoutLine: {'line': b'running install_lib\n'}
[2.921843] (-) TimerEvent: {}
[2.924027] (ros2_arm_viz) StdoutLine: {'line': b"creating /Users/alvin/Documents/Alvin/College/Academics/Master's Thesis/Code/Neuromorphic-Robot-Control/install/ros2_arm_viz/lib/python3.11/site-packages/ros2_arm_viz\n"}
[2.924447] (ros2_arm_viz) StdoutLine: {'line': b"copying /Users/alvin/Documents/Alvin/College/Academics/Master's Thesis/Code/Neuromorphic-Robot-Control/build/ros2_arm_viz/build/lib/ros2_arm_viz/__init__.py -> /Users/alvin/Documents/Alvin/College/Academics/Master's Thesis/Code/Neuromorphic-Robot-Control/install/ros2_arm_viz/lib/python3.11/site-packages/ros2_arm_viz\n"}
[2.924867] (ros2_arm_viz) StdoutLine: {'line': b"copying /Users/alvin/Documents/Alvin/College/Academics/Master's Thesis/Code/Neuromorphic-Robot-Control/build/ros2_arm_viz/build/lib/ros2_arm_viz/joint_state_mpc_node.py -> /Users/alvin/Documents/Alvin/College/Academics/Master's Thesis/Code/Neuromorphic-Robot-Control/install/ros2_arm_viz/lib/python3.11/site-packages/ros2_arm_viz\n"}
[2.926237] (ros2_arm_viz) StdoutLine: {'line': b"byte-compiling /Users/alvin/Documents/Alvin/College/Academics/Master's Thesis/Code/Neuromorphic-Robot-Control/install/ros2_arm_viz/lib/python3.11/site-packages/ros2_arm_viz/__init__.py to __init__.cpython-311.pyc\n"}
[2.927026] (ros2_arm_viz) StdoutLine: {'line': b"byte-compiling /Users/alvin/Documents/Alvin/College/Academics/Master's Thesis/Code/Neuromorphic-Robot-Control/install/ros2_arm_viz/lib/python3.11/site-packages/ros2_arm_viz/joint_state_mpc_node.py to joint_state_mpc_node.cpython-311.pyc\n"}
[2.929435] (ros2_arm_viz) StdoutLine: {'line': b'running install_data\n'}
[2.930015] (ros2_arm_viz) StdoutLine: {'line': b"creating /Users/alvin/Documents/Alvin/College/Academics/Master's Thesis/Code/Neuromorphic-Robot-Control/install/ros2_arm_viz/share/ament_index/resource_index/packages\n"}
[2.931158] (ros2_arm_viz) StdoutLine: {'line': b"copying resource/ros2_arm_viz -> /Users/alvin/Documents/Alvin/College/Academics/Master's Thesis/Code/Neuromorphic-Robot-Control/install/ros2_arm_viz/share/ament_index/resource_index/packages\n"}
[2.932972] (ros2_arm_viz) StdoutLine: {'line': b"copying package.xml -> /Users/alvin/Documents/Alvin/College/Academics/Master's Thesis/Code/Neuromorphic-Robot-Control/install/ros2_arm_viz/share/ros2_arm_viz\n"}
[2.934800] (ros2_arm_viz) StdoutLine: {'line': b"creating /Users/alvin/Documents/Alvin/College/Academics/Master's Thesis/Code/Neuromorphic-Robot-Control/install/ros2_arm_viz/share/ros2_arm_viz/urdf\n"}
[2.935478] (ros2_arm_viz) StdoutLine: {'line': b"copying urdf/planar_arm_2dof.urdf -> /Users/alvin/Documents/Alvin/College/Academics/Master's Thesis/Code/Neuromorphic-Robot-Control/install/ros2_arm_viz/share/ros2_arm_viz/urdf\n"}
[2.937210] (ros2_arm_viz) StdoutLine: {'line': b"creating /Users/alvin/Documents/Alvin/College/Academics/Master's Thesis/Code/Neuromorphic-Robot-Control/install/ros2_arm_viz/share/ros2_arm_viz/launch\n"}
[2.937808] (ros2_arm_viz) StdoutLine: {'line': b"copying launch/display_arm_mpc.launch.py -> /Users/alvin/Documents/Alvin/College/Academics/Master's Thesis/Code/Neuromorphic-Robot-Control/install/ros2_arm_viz/share/ros2_arm_viz/launch\n"}
[2.939692] (ros2_arm_viz) StdoutLine: {'line': b"creating /Users/alvin/Documents/Alvin/College/Academics/Master's Thesis/Code/Neuromorphic-Robot-Control/install/ros2_arm_viz/share/ros2_arm_viz/rviz\n"}
[2.940055] (ros2_arm_viz) StdoutLine: {'line': b"copying rviz/planar_arm.rviz -> /Users/alvin/Documents/Alvin/College/Academics/Master's Thesis/Code/Neuromorphic-Robot-Control/install/ros2_arm_viz/share/ros2_arm_viz/rviz\n"}
[2.942085] (ros2_arm_viz) StdoutLine: {'line': b'running install_egg_info\n'}
[2.976062] (ros2_arm_viz) StdoutLine: {'line': b"Copying ../../build/ros2_arm_viz/ros2_arm_viz.egg-info to /Users/alvin/Documents/Alvin/College/Academics/Master's Thesis/Code/Neuromorphic-Robot-Control/install/ros2_arm_viz/lib/python3.11/site-packages/ros2_arm_viz-0.1.0-py3.11.egg-info\n"}
[2.982684] (ros2_arm_viz) StdoutLine: {'line': b'running install_scripts\n'}
[3.022043] (-) TimerEvent: {}
[3.052946] (ros2_arm_viz) StdoutLine: {'line': b"Installing joint_state_mpc_node script to /Users/alvin/Documents/Alvin/College/Academics/Master's Thesis/Code/Neuromorphic-Robot-Control/install/ros2_arm_viz/lib/ros2_arm_viz\n"}
[3.054607] (ros2_arm_viz) StdoutLine: {'line': b"writing list of installed files to '/Users/alvin/Documents/Alvin/College/Academics/Master's Thesis/Code/Neuromorphic-Robot-Control/build/ros2_arm_viz/install.log'\n"}
[3.106304] (ros2_arm_viz) CommandEnded: {'returncode': 0}
[3.126603] (-) TimerEvent: {}
[3.158302] (ros2_arm_viz) JobEnded: {'identifier': 'ros2_arm_viz', 'rc': 0}
[3.162299] (-) EventReactorShutdown: {}
