[0.000000] (-) TimerEvent: {}
[0.000224] (ros2_arm_viz) JobQueued: {'identifier': 'ros2_arm_viz', 'dependencies': OrderedDict()}
[0.000502] (ros2_arm_viz) JobStarted: {'identifier': 'ros2_arm_viz'}
[0.106242] (-) TimerEvent: {}
[0.212811] (-) TimerEvent: {}
[0.318557] (-) TimerEvent: {}
[0.422714] (-) TimerEvent: {}
[0.525281] (-) TimerEvent: {}
[0.627208] (-) TimerEvent: {}
[0.731764] (-) TimerEvent: {}
[0.832958] (-) TimerEvent: {}
[0.938375] (-) TimerEvent: {}
[1.039650] (-) TimerEvent: {}
[1.144425] (-) TimerEvent: {}
[1.244999] (-) TimerEvent: {}
[1.346075] (-) TimerEvent: {}
[1.447556] (-) TimerEvent: {}
[1.547779] (-) TimerEvent: {}
[1.651920] (-) TimerEvent: {}
[1.755015] (-) TimerEvent: {}
[1.859733] (-) TimerEvent: {}
[1.962399] (-) TimerEvent: {}
[2.062937] (-) TimerEvent: {}
[2.163366] (-) TimerEvent: {}
[2.265238] (-) TimerEvent: {}
[2.366236] (-) TimerEvent: {}
[2.474385] (-) TimerEvent: {}
[2.575816] (-) TimerEvent: {}
[2.676117] (-) TimerEvent: {}
[2.776468] (-) TimerEvent: {}
[2.878524] (-) TimerEvent: {}
[2.982574] (-) TimerEvent: {}
[3.085805] (-) TimerEvent: {}
[3.189350] (-) TimerEvent: {}
[3.275563] (ros2_arm_viz) Command: {'cmd': ['/Users/alvin/y/envs/ros_env/bin/python3.11', '-W', 'ignore:setup.py install is deprecated', '-W', 'ignore:easy_install command is deprecated', 'setup.py', 'egg_info', '--egg-base', '../../build/ros2_arm_viz', 'build', '--build-base', "/Users/alvin/Documents/Alvin/College/Academics/Master's Thesis/Code/Neuromorphic-Robot-Control/build/ros2_arm_viz/build", 'install', '--record', "/Users/alvin/Documents/Alvin/College/Academics/Master's Thesis/Code/Neuromorphic-Robot-Control/build/ros2_arm_viz/install.log", '--single-version-externally-managed', 'install_data'], 'cwd': "/Users/alvin/Documents/Alvin/College/Academics/Master's Thesis/Code/Neuromorphic-Robot-Control/src/ros2_arm_viz", 'env': {'_ZO_DOCTOR': '0', 'VSCODE_CRASH_REPORTER_PROCESS_TYPE': 'extensionHost', 'SHELL': '/bin/zsh', 'TERM': 'dumb', 'VSCODE_PROCESS_TITLE': 'extension-host (agent-exec) [3-18]', 'NEUROMORPHIC_ARM_PROJECT_ROOT': "/Users/alvin/Documents/Alvin/College/Academics/Master's Thesis/Code/Neuromorphic-Robot-Control", 'TMPDIR': '/var/folders/tb/skn1f_1957v8kj6tkdl4dsp80000gn/T/', 'CONDA_SHLVL': '0', 'CURSOR_TRACE_ID': 'd7b977746b004392a88b89ec2f616972', 'MallocNanoZone': '0', 'ROS_PYTHON_VERSION': '3', 'NO_COLOR': '1', 'ROS_VERSION': '2', 'COLCON_PREFIX_PATH': "/Users/alvin/Documents/Alvin/College/Academics/Master's Thesis/Code/Neuromorphic-Robot-Control/install", 'AMENT_PREFIX_PATH': "/Users/alvin/Documents/Alvin/College/Academics/Master's Thesis/Code/Neuromorphic-Robot-Control/install/ros2_arm_viz:/Users/alvin/y/envs/ros_env", 'PNPM_HOME': '/Users/alvin/Library/pnpm', 'USER': 'alvin', 'COMMAND_MODE': 'unix2003', 'SSH_AUTH_SOCK': '/private/tmp/com.apple.launchd.DnEUgPaxZp/Listeners', '__CF_USER_TEXT_ENCODING': '0x1F5:0:2', 'MAMBA_EXE': '/Users/alvin/.local/bin/micromamba', 'PATH': '/Users/alvin/y/envs/ros_env/bin:/Users/alvin/y/envs/ros_env/bin:/Users/alvin/y/envs/ros_env/bin:/Users/alvin/y/envs/ros_env/bin:/Users/alvin/y/envs/ros_env/bin:/Users/alvin/y/envs/ros_env/bin:/Users/alvin/y/envs/ros_env/bin:/Users/alvin/y/envs/ros_env/bin:/Users/alvin/y/condabin:/Users/alvin/.antigravity/antigravity/bin:/Users/alvin/.codeium/windsurf/bin:/Library/Frameworks/Python.framework/Versions/3.13/bin:/usr/local/bin:/usr/bin:/bin:/usr/sbin:/sbin:/Library/TeX/texbin:/Users/alvin/.antigravity/antigravity/bin:/Users/alvin/.codeium/windsurf/bin:/Users/alvin/Library/pnpm:/Library/Frameworks/Python.framework/Versions/3.13/bin', '__CFBundleIdentifier': 'com.todesktop.230313mzl4w4u92', 'CONDA_PREFIX': '/Users/alvin/y/envs/ros_env', 'PWD': "/Users/alvin/Documents/Alvin/College/Academics/Master's Thesis/Code/Neuromorphic-Robot-Control/build/ros2_arm_viz", 'COLCON': '1', 'VSCODE_HANDLES_UNCAUGHT_ERRORS': 'true', 'MAMBA_ROOT_PREFIX': '/Users/alvin/y', 'VSCODE_ESM_ENTRYPOINT': 'vs/workbench/api/node/extensionHostProcess', 'CURSOR_AGENT': '1', 'XPC_FLAGS': '0x0', 'CURSOR_EXTENSION_HOST_ROLE': 'agent-exec', 'FORCE_COLOR': '0', 'XPC_SERVICE_NAME': '0', 'HOME': '/Users/alvin', 'SHLVL': '3', 'ROS_DISTRO': 'humble', 'VSCODE_NLS_CONFIG': '{"userLocale":"en-gb","osLocale":"en-gb","resolvedLanguage":"en","defaultMessagesFile":"/Applications/Cursor.app/Contents/Resources/app/out/nls.messages.json","locale":"en-gb","availableLanguages":{}}', 'CI': '1', 'LOGNAME': 'alvin', 'PYTHONPATH': "/Users/alvin/Documents/Alvin/College/Academics/Master's Thesis/Code/Neuromorphic-Robot-Control/build/ros2_arm_viz/prefix_override:/Users/alvin/y/envs/ros_env/lib/python3.11/site-packages/colcon_core/task/python/colcon_distutils_commands:/Users/alvin/Documents/Alvin/College/Academics/Master's Thesis/Code/Neuromorphic-Robot-Control/install/ros2_arm_viz/lib/python3.11/site-packages:/Users/alvin/Documents/Alvin/College/Academics/Master's Thesis/Code/Neuromorphic-Robot-Control/install/ros2_arm_viz/lib/python3.11/site-packages:/Users/alvin/y/envs/ros_env/lib/python311/site-packages:/Users/alvin/y/envs/ros_env/lib/python3.11/site-packages", 'LC_CTYPE': 'UTF-8', 'VSCODE_CODE_CACHE_PATH': '/Users/alvin/Library/Application Support/Cursor/CachedData/7d96c2a03bb088ad367615e9da1a3fe20fbbc6a0', 'VSCODE_IPC_HOOK': '/Users/alvin/Library/Application Support/Cursor/2.5.-main.sock', 'VSCODE_PID': '32668', 'ROS_LOCALHOST_ONLY': '0', 'VSCODE_CWD': '/', '_': '/usr/bin/env'}, 'shell': False}
[3.289806] (-) TimerEvent: {}
[3.393170] (-) TimerEvent: {}
[3.496789] (-) TimerEvent: {}
[3.598025] (-) TimerEvent: {}
[3.699502] (-) TimerEvent: {}
[3.804626] (-) TimerEvent: {}
[3.909868] (-) TimerEvent: {}
[4.015802] (-) TimerEvent: {}
[4.120720] (-) TimerEvent: {}
[4.225575] (-) TimerEvent: {}
[4.326218] (-) TimerEvent: {}
[4.429964] (-) TimerEvent: {}
[4.532833] (-) TimerEvent: {}
[4.636959] (-) TimerEvent: {}
[4.738733] (-) TimerEvent: {}
[4.840289] (-) TimerEvent: {}
[4.941511] (-) TimerEvent: {}
[4.960240] (ros2_arm_viz) StdoutLine: {'line': b'running egg_info\n'}
[5.025539] (ros2_arm_viz) StdoutLine: {'line': b'writing ../../build/ros2_arm_viz/ros2_arm_viz.egg-info/PKG-INFO\n'}
[5.030289] (ros2_arm_viz) StdoutLine: {'line': b'writing dependency_links to ../../build/ros2_arm_viz/ros2_arm_viz.egg-info/dependency_links.txt\n'}
[5.031026] (ros2_arm_viz) StdoutLine: {'line': b'writing entry points to ../../build/ros2_arm_viz/ros2_arm_viz.egg-info/entry_points.txt\n'}
[5.031808] (ros2_arm_viz) StdoutLine: {'line': b'writing requirements to ../../build/ros2_arm_viz/ros2_arm_viz.egg-info/requires.txt\n'}
[5.032306] (ros2_arm_viz) StdoutLine: {'line': b'writing top-level names to ../../build/ros2_arm_viz/ros2_arm_viz.egg-info/top_level.txt\n'}
[5.042248] (-) TimerEvent: {}
[5.143299] (-) TimerEvent: {}
[5.165051] (ros2_arm_viz) StdoutLine: {'line': b"reading manifest file '../../build/ros2_arm_viz/ros2_arm_viz.egg-info/SOURCES.txt'\n"}
[5.168130] (ros2_arm_viz) StdoutLine: {'line': b"writing manifest file '../../build/ros2_arm_viz/ros2_arm_viz.egg-info/SOURCES.txt'\n"}
[5.168593] (ros2_arm_viz) StdoutLine: {'line': b'running build\n'}
[5.172757] (ros2_arm_viz) StdoutLine: {'line': b'running build_py\n'}
[5.174692] (ros2_arm_viz) StdoutLine: {'line': b"copying ros2_arm_viz/__init__.py -> /Users/alvin/Documents/Alvin/College/Academics/Master's Thesis/Code/Neuromorphic-Robot-Control/build/ros2_arm_viz/build/lib/ros2_arm_viz\n"}
[5.175262] (ros2_arm_viz) StdoutLine: {'line': b"copying ros2_arm_viz/joint_state_mpc_node.py -> /Users/alvin/Documents/Alvin/College/Academics/Master's Thesis/Code/Neuromorphic-Robot-Control/build/ros2_arm_viz/build/lib/ros2_arm_viz\n"}
[5.176477] (ros2_arm_viz) StdoutLine: {'line': b"copying ros2_arm_viz/robot_description_publisher_node.py -> /Users/alvin/Documents/Alvin/College/Academics/Master's Thesis/Code/Neuromorphic-Robot-Control/build/ros2_arm_viz/build/lib/ros2_arm_viz\n"}
[5.181140] (ros2_arm_viz) StdoutLine: {'line': b'running install\n'}
[5.199170] (ros2_arm_viz) StdoutLine: {'line': b'running install_lib\n'}
[5.245619] (-) TimerEvent: {}
[5.265070] (ros2_arm_viz) StdoutLine: {'line': b'running install_data\n'}
[5.265538] (ros2_arm_viz) StdoutLine: {'line': b"copying resource/ros2_arm_viz -> /Users/alvin/Documents/Alvin/College/Academics/Master's Thesis/Code/Neuromorphic-Robot-Control/install/ros2_arm_viz/share/ament_index/resource_index/packages\n"}
[5.266087] (ros2_arm_viz) StdoutLine: {'line': b"copying package.xml -> /Users/alvin/Documents/Alvin/College/Academics/Master's Thesis/Code/Neuromorphic-Robot-Control/install/ros2_arm_viz/share/ros2_arm_viz\n"}
[5.266832] (ros2_arm_viz) StdoutLine: {'line': b"copying urdf/planar_arm_2dof.urdf -> /Users/alvin/Documents/Alvin/College/Academics/Master's Thesis/Code/Neuromorphic-Robot-Control/install/ros2_arm_viz/share/ros2_arm_viz/urdf\n"}
[5.274790] (ros2_arm_viz) StdoutLine: {'line': b"copying launch/display_arm_mpc.launch.py -> /Users/alvin/Documents/Alvin/College/Academics/Master's Thesis/Code/Neuromorphic-Robot-Control/install/ros2_arm_viz/share/ros2_arm_viz/launch\n"}
[5.275221] (ros2_arm_viz) StdoutLine: {'line': b"copying rviz/planar_arm.rviz -> /Users/alvin/Documents/Alvin/College/Academics/Master's Thesis/Code/Neuromorphic-Robot-Control/install/ros2_arm_viz/share/ros2_arm_viz/rviz\n"}
[5.276517] (ros2_arm_viz) StdoutLine: {'line': b'running install_egg_info\n'}
[5.346113] (-) TimerEvent: {}
[5.384881] (ros2_arm_viz) StdoutLine: {'line': b"removing '/Users/alvin/Documents/Alvin/College/Academics/Master's Thesis/Code/Neuromorphic-Robot-Control/install/ros2_arm_viz/lib/python3.11/site-packages/ros2_arm_viz-0.1.0-py3.11.egg-info' (and everything under it)\n"}
[5.396520] (ros2_arm_viz) StdoutLine: {'line': b"Copying ../../build/ros2_arm_viz/ros2_arm_viz.egg-info to /Users/alvin/Documents/Alvin/College/Academics/Master's Thesis/Code/Neuromorphic-Robot-Control/install/ros2_arm_viz/lib/python3.11/site-packages/ros2_arm_viz-0.1.0-py3.11.egg-info\n"}
[5.416864] (ros2_arm_viz) StdoutLine: {'line': b'running install_scripts\n'}
[5.447616] (-) TimerEvent: {}
[5.553897] (-) TimerEvent: {}
[5.592254] (ros2_arm_viz) StdoutLine: {'line': b"Installing joint_state_mpc_node script to /Users/alvin/Documents/Alvin/College/Academics/Master's Thesis/Code/Neuromorphic-Robot-Control/install/ros2_arm_viz/lib/ros2_arm_viz\n"}
[5.592812] (ros2_arm_viz) StdoutLine: {'line': b"Installing robot_description_publisher_node script to /Users/alvin/Documents/Alvin/College/Academics/Master's Thesis/Code/Neuromorphic-Robot-Control/install/ros2_arm_viz/lib/ros2_arm_viz\n"}
[5.596525] (ros2_arm_viz) StdoutLine: {'line': b"writing list of installed files to '/Users/alvin/Documents/Alvin/College/Academics/Master's Thesis/Code/Neuromorphic-Robot-Control/build/ros2_arm_viz/install.log'\n"}
[5.653074] (-) TimerEvent: {}
[5.669882] (ros2_arm_viz) CommandEnded: {'returncode': 0}
[5.748624] (ros2_arm_viz) JobEnded: {'identifier': 'ros2_arm_viz', 'rc': 0}
[5.750873] (-) EventReactorShutdown: {}
