[0.000000] (-) TimerEvent: {}
[0.001084] (ros2_arm_viz) JobQueued: {'identifier': 'ros2_arm_viz', 'dependencies': OrderedDict()}
[0.002993] (ros2_arm_viz) JobStarted: {'identifier': 'ros2_arm_viz'}
[0.107858] (-) TimerEvent: {}
[0.213931] (-) TimerEvent: {}
[0.319079] (-) TimerEvent: {}
[0.419903] (-) TimerEvent: {}
[0.523945] (-) TimerEvent: {}
[0.628509] (-) TimerEvent: {}
[0.729312] (-) TimerEvent: {}
[0.834325] (-) TimerEvent: {}
[0.937677] (-) TimerEvent: {}
[1.040929] (-) TimerEvent: {}
[1.141911] (-) TimerEvent: {}
[1.242267] (-) TimerEvent: {}
[1.343081] (-) TimerEvent: {}
[1.446668] (-) TimerEvent: {}
[1.555204] (-) TimerEvent: {}
[1.656123] (-) TimerEvent: {}
[1.756918] (-) TimerEvent: {}
[1.860635] (-) TimerEvent: {}
[1.963919] (-) TimerEvent: {}
[2.064711] (-) TimerEvent: {}
[2.169121] (-) TimerEvent: {}
[2.274094] (-) TimerEvent: {}
[2.380837] (-) TimerEvent: {}
[2.485078] (-) TimerEvent: {}
[2.586939] (-) TimerEvent: {}
[2.687429] (-) TimerEvent: {}
[2.794029] (-) TimerEvent: {}
[2.897009] (ros2_arm_viz) Command: {'cmd': ['/Users/alvin/y/envs/ros_env/bin/python3.11', '-W', 'ignore:setup.py install is deprecated', '-W', 'ignore:easy_install command is deprecated', 'setup.py', 'egg_info', '--egg-base', '../../build/ros2_arm_viz', 'build', '--build-base', "/Users/alvin/Documents/Alvin/College/Academics/Master's Thesis/Code/Neuromorphic-Robot-Control/build/ros2_arm_viz/build", 'install', '--record', "/Users/alvin/Documents/Alvin/College/Academics/Master's Thesis/Code/Neuromorphic-Robot-Control/build/ros2_arm_viz/install.log", '--single-version-externally-managed', 'install_data'], 'cwd': "/Users/alvin/Documents/Alvin/College/Academics/Master's Thesis/Code/Neuromorphic-Robot-Control/src/ros2_arm_viz", 'env': {'_ZO_DOCTOR': '0', 'VSCODE_CRASH_REPORTER_PROCESS_TYPE': 'extensionHost', 'SHELL': '/bin/zsh', 'TERM': 'dumb', 'VSCODE_PROCESS_TITLE': 'extension-host (agent-exec) [3-18]', 'NEUROMORPHIC_ARM_PROJECT_ROOT': "/Users/alvin/Documents/Alvin/College/Academics/Master's Thesis/Code/Neuromorphic-Robot-Control", 'TMPDIR': '/var/folders/tb/skn1f_1957v8kj6tkdl4dsp80000gn/T/', 'CONDA_SHLVL': '0', 'CURSOR_TRACE_ID': 'd7b977746b004392a88b89ec2f616972', 'MallocNanoZone': '0', 'ROS_PYTHON_VERSION': '3', 'NO_COLOR': '1', 'ROS_VERSION': '2', 'COLCON_PREFIX_PATH': "/Users/alvin/Documents/Alvin/College/Academics/Master's Thesis/Code/Neuromorphic-Robot-Control/install", 'AMENT_PREFIX_PATH': "/Users/alvin/Documents/Alvin/College/Academics/Master's Thesis/Code/Neuromorphic-Robot-Control/install/ros2_arm_viz:/Users/alvin/y/envs/ros_env", 'PNPM_HOME': '/Users/alvin/Library/pnpm', 'USER': 'alvin', 'COMMAND_MODE': 'unix2003', 'SSH_AUTH_SOCK': '/private/tmp/com.apple.launchd.DnEUgPaxZp/Listeners', '__CF_USER_TEXT_ENCODING': '0x1F5:0:2', 'MAMBA_EXE': '/Users/alvin/.local/bin/micromamba', 'PATH': '/Users/alvin/y/envs/ros_env/bin:/Users/alvin/y/envs/ros_env/bin:/Users/alvin/y/envs/ros_env/bin:/Users/alvin/y/envs/ros_env/bin:/Users/alvin/y/envs/ros_env/bin:/Users/alvin/y/condabin:/Users/alvin/.antigravity/antigravity/bin:/Users/alvin/.codeium/windsurf/bin:/Library/Frameworks/Python.framework/Versions/3.13/bin:/usr/local/bin:/usr/bin:/bin:/usr/sbin:/sbin:/Library/TeX/texbin:/Users/alvin/.antigravity/antigravity/bin:/Users/alvin/.codeium/windsurf/bin:/Users/alvin/Library/pnpm:/Library/Frameworks/Python.framework/Versions/3.13/bin', '__CFBundleIdentifier': 'com.todesktop.230313mzl4w4u92', 'CONDA_PREFIX': '/Users/alvin/y/envs/ros_env', 'PWD': "/Users/alvin/Documents/Alvin/College/Academics/Master's Thesis/Code/Neuromorphic-Robot-Control/build/ros2_arm_viz", 'COLCON': '1', 'VSCODE_HANDLES_UNCAUGHT_ERRORS': 'true', 'MAMBA_ROOT_PREFIX': '/Users/alvin/y', 'VSCODE_ESM_ENTRYPOINT': 'vs/workbench/api/node/extensionHostProcess', 'CURSOR_AGENT': '1', 'XPC_FLAGS': '0x0', 'CURSOR_EXTENSION_HOST_ROLE': 'agent-exec', 'FORCE_COLOR': '0', 'XPC_SERVICE_NAME': '0', 'HOME': '/Users/alvin', 'SHLVL': '3', 'ROS_DISTRO': 'humble', 'VSCODE_NLS_CONFIG': '{"userLocale":"en-gb","osLocale":"en-gb","resolvedLanguage":"en","defaultMessagesFile":"/Applications/Cursor.app/Contents/Resources/app/out/nls.messages.json","locale":"en-gb","availableLanguages":{}}', 'CI': '1', 'LOGNAME': 'alvin', 'PYTHONPATH': "/Users/alvin/Documents/Alvin/College/Academics/Master's Thesis/Code/Neuromorphic-Robot-Control/build/ros2_arm_viz/prefix_override:/Users/alvin/y/envs/ros_env/lib/python3.11/site-packages/colcon_core/task/python/colcon_distutils_commands:/Users/alvin/Documents/Alvin/College/Academics/Master's Thesis/Code/Neuromorphic-Robot-Control/install/ros2_arm_viz/lib/python3.11/site-packages:/Users/alvin/Documents/Alvin/College/Academics/Master's Thesis/Code/Neuromorphic-Robot-Control/install/ros2_arm_viz/lib/python3.11/site-packages:/Users/alvin/y/envs/ros_env/lib/python311/site-packages:/Users/alvin/y/envs/ros_env/lib/python3.11/site-packages", 'LC_CTYPE': 'UTF-8', 'VSCODE_CODE_CACHE_PATH': '/Users/alvin/Library/Application Support/Cursor/CachedData/7d96c2a03bb088ad367615e9da1a3fe20fbbc6a0', 'VSCODE_IPC_HOOK': '/Users/alvin/Library/Application Support/Cursor/2.5.-main.sock', 'VSCODE_PID': '32668', 'ROS_LOCALHOST_ONLY': '0', 'VSCODE_CWD': '/', '_': '/usr/bin/env'}, 'shell': False}
[2.906910] (-) TimerEvent: {}
[3.009419] (-) TimerEvent: {}
[3.113902] (-) TimerEvent: {}
[3.217420] (-) TimerEvent: {}
[3.322463] (-) TimerEvent: {}
[3.427106] (-) TimerEvent: {}
[3.532099] (-) TimerEvent: {}
[3.636004] (-) TimerEvent: {}
[3.683258] (ros2_arm_viz) StdoutLine: {'line': b'running egg_info\n'}
[3.736537] (-) TimerEvent: {}
[3.738390] (ros2_arm_viz) StdoutLine: {'line': b'writing ../../build/ros2_arm_viz/ros2_arm_viz.egg-info/PKG-INFO\n'}
[3.739482] (ros2_arm_viz) StdoutLine: {'line': b'writing dependency_links to ../../build/ros2_arm_viz/ros2_arm_viz.egg-info/dependency_links.txt\n'}
[3.740039] (ros2_arm_viz) StdoutLine: {'line': b'writing entry points to ../../build/ros2_arm_viz/ros2_arm_viz.egg-info/entry_points.txt\n'}
[3.740768] (ros2_arm_viz) StdoutLine: {'line': b'writing requirements to ../../build/ros2_arm_viz/ros2_arm_viz.egg-info/requires.txt\n'}
[3.741450] (ros2_arm_viz) StdoutLine: {'line': b'writing top-level names to ../../build/ros2_arm_viz/ros2_arm_viz.egg-info/top_level.txt\n'}
[3.841147] (-) TimerEvent: {}
[3.942775] (-) TimerEvent: {}
[3.990380] (ros2_arm_viz) StdoutLine: {'line': b"reading manifest file '../../build/ros2_arm_viz/ros2_arm_viz.egg-info/SOURCES.txt'\n"}
[3.994380] (ros2_arm_viz) StdoutLine: {'line': b"writing manifest file '../../build/ros2_arm_viz/ros2_arm_viz.egg-info/SOURCES.txt'\n"}
[3.994793] (ros2_arm_viz) StdoutLine: {'line': b'running build\n'}
[3.995085] (ros2_arm_viz) StdoutLine: {'line': b'running build_py\n'}
[3.996114] (ros2_arm_viz) StdoutLine: {'line': b"copying ros2_arm_viz/__init__.py -> /Users/alvin/Documents/Alvin/College/Academics/Master's Thesis/Code/Neuromorphic-Robot-Control/build/ros2_arm_viz/build/lib/ros2_arm_viz\n"}
[3.998345] (ros2_arm_viz) StdoutLine: {'line': b"copying ros2_arm_viz/joint_state_mpc_node.py -> /Users/alvin/Documents/Alvin/College/Academics/Master's Thesis/Code/Neuromorphic-Robot-Control/build/ros2_arm_viz/build/lib/ros2_arm_viz\n"}
[4.001780] (ros2_arm_viz) StdoutLine: {'line': b"copying ros2_arm_viz/robot_description_publisher_node.py -> /Users/alvin/Documents/Alvin/College/Academics/Master's Thesis/Code/Neuromorphic-Robot-Control/build/ros2_arm_viz/build/lib/ros2_arm_viz\n"}
[4.004497] (ros2_arm_viz) StdoutLine: {'line': b'running install\n'}
[4.020999] (ros2_arm_viz) StdoutLine: {'line': b'running install_lib\n'}
[4.046913] (-) TimerEvent: {}
[4.101847] (ros2_arm_viz) StdoutLine: {'line': b'running install_data\n'}
[4.102873] (ros2_arm_viz) StdoutLine: {'line': b"copying resource/ros2_arm_viz -> /Users/alvin/Documents/Alvin/College/Academics/Master's Thesis/Code/Neuromorphic-Robot-Control/install/ros2_arm_viz/share/ament_index/resource_index/packages\n"}
[4.103605] (ros2_arm_viz) StdoutLine: {'line': b"copying package.xml -> /Users/alvin/Documents/Alvin/College/Academics/Master's Thesis/Code/Neuromorphic-Robot-Control/install/ros2_arm_viz/share/ros2_arm_viz\n"}
[4.104380] (ros2_arm_viz) StdoutLine: {'line': b"copying urdf/planar_arm_2dof.urdf -> /Users/alvin/Documents/Alvin/College/Academics/Master's Thesis/Code/Neuromorphic-Robot-Control/install/ros2_arm_viz/share/ros2_arm_viz/urdf\n"}
[4.105976] (ros2_arm_viz) StdoutLine: {'line': b"copying launch/display_arm_mpc.launch.py -> /Users/alvin/Documents/Alvin/College/Academics/Master's Thesis/Code/Neuromorphic-Robot-Control/install/ros2_arm_viz/share/ros2_arm_viz/launch\n"}
[4.112941] (ros2_arm_viz) StdoutLine: {'line': b"copying rviz/planar_arm.rviz -> /Users/alvin/Documents/Alvin/College/Academics/Master's Thesis/Code/Neuromorphic-Robot-Control/install/ros2_arm_viz/share/ros2_arm_viz/rviz\n"}
[4.114468] (ros2_arm_viz) StdoutLine: {'line': b'running install_egg_info\n'}
[4.153733] (-) TimerEvent: {}
[4.182736] (ros2_arm_viz) StdoutLine: {'line': b"removing '/Users/alvin/Documents/Alvin/College/Academics/Master's Thesis/Code/Neuromorphic-Robot-Control/install/ros2_arm_viz/lib/python3.11/site-packages/ros2_arm_viz-0.1.0-py3.11.egg-info' (and everything under it)\n"}
[4.187811] (ros2_arm_viz) StdoutLine: {'line': b"Copying ../../build/ros2_arm_viz/ros2_arm_viz.egg-info to /Users/alvin/Documents/Alvin/College/Academics/Master's Thesis/Code/Neuromorphic-Robot-Control/install/ros2_arm_viz/lib/python3.11/site-packages/ros2_arm_viz-0.1.0-py3.11.egg-info\n"}
[4.205377] (ros2_arm_viz) StdoutLine: {'line': b'running install_scripts\n'}
[4.261545] (-) TimerEvent: {}
[4.321802] (ros2_arm_viz) StdoutLine: {'line': b"Installing joint_state_mpc_node script to /Users/alvin/Documents/Alvin/College/Academics/Master's Thesis/Code/Neuromorphic-Robot-Control/install/ros2_arm_viz/lib/ros2_arm_viz\n"}
[4.322514] (ros2_arm_viz) StdoutLine: {'line': b"Installing robot_description_publisher_node script to /Users/alvin/Documents/Alvin/College/Academics/Master's Thesis/Code/Neuromorphic-Robot-Control/install/ros2_arm_viz/lib/ros2_arm_viz\n"}
[4.324147] (ros2_arm_viz) StdoutLine: {'line': b"writing list of installed files to '/Users/alvin/Documents/Alvin/College/Academics/Master's Thesis/Code/Neuromorphic-Robot-Control/build/ros2_arm_viz/install.log'\n"}
[4.366348] (-) TimerEvent: {}
[4.399533] (ros2_arm_viz) CommandEnded: {'returncode': 0}
[4.459237] (ros2_arm_viz) JobEnded: {'identifier': 'ros2_arm_viz', 'rc': 0}
[4.462183] (-) EventReactorShutdown: {}
