[0.000000] (-) TimerEvent: {}
[0.000128] (ros2_arm_viz) JobQueued: {'identifier': 'ros2_arm_viz', 'dependencies': OrderedDict()}
[0.001038] (ros2_arm_viz) JobStarted: {'identifier': 'ros2_arm_viz'}
[0.103096] (-) TimerEvent: {}
[0.210241] (-) TimerEvent: {}
[0.315397] (-) TimerEvent: {}
[0.416466] (-) TimerEvent: {}
[0.517749] (-) TimerEvent: {}
[0.622358] (-) TimerEvent: {}
[0.724890] (-) TimerEvent: {}
[0.828648] (-) TimerEvent: {}
[0.933501] (-) TimerEvent: {}
[1.034848] (-) TimerEvent: {}
[1.138036] (-) TimerEvent: {}
[1.238829] (-) TimerEvent: {}
[1.339236] (-) TimerEvent: {}
[1.440067] (-) TimerEvent: {}
[1.544481] (-) TimerEvent: {}
[1.649320] (-) TimerEvent: {}
[1.750902] (-) TimerEvent: {}
[1.855713] (-) TimerEvent: {}
[1.955968] (-) TimerEvent: {}
[2.056541] (-) TimerEvent: {}
[2.157891] (ros2_arm_viz) Command: {'cmd': ['/Users/alvin/y/envs/ros_env/bin/python3.11', '-W', 'ignore:setup.py install is deprecated', '-W', 'ignore:easy_install command is deprecated', 'setup.py', 'egg_info', '--egg-base', '../../build/ros2_arm_viz', 'build', '--build-base', "/Users/alvin/Documents/Alvin/College/Academics/Master's Thesis/Code/Neuromorphic-Robot-Control/build/ros2_arm_viz/build", 'install', '--record', "/Users/alvin/Documents/Alvin/College/Academics/Master's Thesis/Code/Neuromorphic-Robot-Control/build/ros2_arm_viz/install.log", '--single-version-externally-managed', 'install_data'], 'cwd': "/Users/alvin/Documents/Alvin/College/Academics/Master's Thesis/Code/Neuromorphic-Robot-Control/src/ros2_arm_viz", 'env': {'_ZO_DOCTOR': '0', 'VSCODE_CRASH_REPORTER_PROCESS_TYPE': 'extensionHost', 'SHELL': '/bin/zsh', 'TERM': 'dumb', 'VSCODE_PROCESS_TITLE': 'extension-host (agent-exec) [3-18]', 'TMPDIR': '/var/folders/tb/skn1f_1957v8kj6tkdl4dsp80000gn/T/', 'CONDA_SHLVL': '0', 'CURSOR_TRACE_ID': 'd7b977746b004392a88b89ec2f616972', 'MallocNanoZone': '0', 'ROS_PYTHON_VERSION': '3', 'NO_COLOR': '1', 'ROS_VERSION': '2', 'COLCON_PREFIX_PATH': "/Users/alvin/Documents/Alvin/College/Academics/Master's Thesis/Code/Neuromorphic-Robot-Control/install", 'AMENT_PREFIX_PATH': "/Users/alvin/Documents/Alvin/College/Academics/Master's Thesis/Code/Neuromorphic-Robot-Control/install/ros2_arm_viz:/Users/alvin/y/envs/ros_env", 'PNPM_HOME': '/Users/alvin/Library/pnpm', 'USER': 'alvin', 'COMMAND_MODE': 'unix2003', 'SSH_AUTH_SOCK': '/private/tmp/com.apple.launchd.DnEUgPaxZp/Listeners', '__CF_USER_TEXT_ENCODING': '0x1F5:0:2', 'MAMBA_EXE': '/Users/alvin/.local/bin/micromamba', 'PATH': '/Users/alvin/y/envs/ros_env/bin:/Users/alvin/y/envs/ros_env/bin:/Users/alvin/y/condabin:/Users/alvin/.antigravity/antigravity/bin:/Users/alvin/.codeium/windsurf/bin:/Library/Frameworks/Python.framework/Versions/3.13/bin:/usr/local/bin:/usr/bin:/bin:/usr/sbin:/sbin:/Library/TeX/texbin:/Users/alvin/.antigravity/antigravity/bin:/Users/alvin/.codeium/windsurf/bin:/Users/alvin/Library/pnpm:/Library/Frameworks/Python.framework/Versions/3.13/bin', '__CFBundleIdentifier': 'com.todesktop.230313mzl4w4u92', 'PWD': "/Users/alvin/Documents/Alvin/College/Academics/Master's Thesis/Code/Neuromorphic-Robot-Control/build/ros2_arm_viz", 'COLCON': '1', 'VSCODE_HANDLES_UNCAUGHT_ERRORS': 'true', 'MAMBA_ROOT_PREFIX': '/Users/alvin/y', 'VSCODE_ESM_ENTRYPOINT': 'vs/workbench/api/node/extensionHostProcess', 'CURSOR_AGENT': '1', 'XPC_FLAGS': '0x0', 'CURSOR_EXTENSION_HOST_ROLE': 'agent-exec', 'FORCE_COLOR': '0', 'XPC_SERVICE_NAME': '0', 'HOME': '/Users/alvin', 'SHLVL': '3', 'ROS_DISTRO': 'humble', 'VSCODE_NLS_CONFIG': '{"userLocale":"en-gb","osLocale":"en-gb","resolvedLanguage":"en","defaultMessagesFile":"/Applications/Cursor.app/Contents/Resources/app/out/nls.messages.json","locale":"en-gb","availableLanguages":{}}', 'CI': '1', 'LOGNAME': 'alvin', 'PYTHONPATH': "/Users/alvin/Documents/Alvin/College/Academics/Master's Thesis/Code/Neuromorphic-Robot-Control/build/ros2_arm_viz/prefix_override:/Users/alvin/y/envs/ros_env/lib/python3.11/site-packages/colcon_core/task/python/colcon_distutils_commands:/Users/alvin/Documents/Alvin/College/Academics/Master's Thesis/Code/Neuromorphic-Robot-Control/install/ros2_arm_viz/lib/python3.11/site-packages:/Users/alvin/Documents/Alvin/College/Academics/Master's Thesis/Code/Neuromorphic-Robot-Control/install/ros2_arm_viz/lib/python3.11/site-packages:/Users/alvin/y/envs/ros_env/lib/python311/site-packages:/Users/alvin/y/envs/ros_env/lib/python3.11/site-packages", 'LC_CTYPE': 'UTF-8', 'VSCODE_CODE_CACHE_PATH': '/Users/alvin/Library/Application Support/Cursor/CachedData/7d96c2a03bb088ad367615e9da1a3fe20fbbc6a0', 'VSCODE_IPC_HOOK': '/Users/alvin/Library/Application Support/Cursor/2.5.-main.sock', 'VSCODE_PID': '32668', 'ROS_LOCALHOST_ONLY': '0', 'VSCODE_CWD': '/', '_': '/usr/bin/env'}, 'shell': False}
[2.166988] (-) TimerEvent: {}
[2.274053] (-) TimerEvent: {}
[2.380679] (-) TimerEvent: {}
[2.481593] (-) TimerEvent: {}
[2.585942] (-) TimerEvent: {}
[2.687088] (-) TimerEvent: {}
[2.788731] (-) TimerEvent: {}
[2.889110] (-) TimerEvent: {}
[2.989320] (-) TimerEvent: {}
[3.091732] (-) TimerEvent: {}
[3.198160] (-) TimerEvent: {}
[3.299314] (-) TimerEvent: {}
[3.399518] (-) TimerEvent: {}
[3.502631] (-) TimerEvent: {}
[3.607439] (-) TimerEvent: {}
[3.712362] (-) TimerEvent: {}
[3.804458] (ros2_arm_viz) StdoutLine: {'line': b'running egg_info\n'}
[3.814508] (-) TimerEvent: {}
[3.872904] (ros2_arm_viz) StdoutLine: {'line': b'writing ../../build/ros2_arm_viz/ros2_arm_viz.egg-info/PKG-INFO\n'}
[3.876035] (ros2_arm_viz) StdoutLine: {'line': b'writing dependency_links to ../../build/ros2_arm_viz/ros2_arm_viz.egg-info/dependency_links.txt\n'}
[3.876641] (ros2_arm_viz) StdoutLine: {'line': b'writing entry points to ../../build/ros2_arm_viz/ros2_arm_viz.egg-info/entry_points.txt\n'}
[3.877181] (ros2_arm_viz) StdoutLine: {'line': b'writing requirements to ../../build/ros2_arm_viz/ros2_arm_viz.egg-info/requires.txt\n'}
[3.877605] (ros2_arm_viz) StdoutLine: {'line': b'writing top-level names to ../../build/ros2_arm_viz/ros2_arm_viz.egg-info/top_level.txt\n'}
[3.919315] (-) TimerEvent: {}
[4.021299] (-) TimerEvent: {}
[4.042699] (ros2_arm_viz) StdoutLine: {'line': b"reading manifest file '../../build/ros2_arm_viz/ros2_arm_viz.egg-info/SOURCES.txt'\n"}
[4.054297] (ros2_arm_viz) StdoutLine: {'line': b"writing manifest file '../../build/ros2_arm_viz/ros2_arm_viz.egg-info/SOURCES.txt'\n"}
[4.057422] (ros2_arm_viz) StdoutLine: {'line': b'running build\n'}
[4.058088] (ros2_arm_viz) StdoutLine: {'line': b'running build_py\n'}
[4.059399] (ros2_arm_viz) StdoutLine: {'line': b"copying ros2_arm_viz/__init__.py -> /Users/alvin/Documents/Alvin/College/Academics/Master's Thesis/Code/Neuromorphic-Robot-Control/build/ros2_arm_viz/build/lib/ros2_arm_viz\n"}
[4.066500] (ros2_arm_viz) StdoutLine: {'line': b"copying ros2_arm_viz/joint_state_mpc_node.py -> /Users/alvin/Documents/Alvin/College/Academics/Master's Thesis/Code/Neuromorphic-Robot-Control/build/ros2_arm_viz/build/lib/ros2_arm_viz\n"}
[4.073920] (ros2_arm_viz) StdoutLine: {'line': b'running install\n'}
[4.096173] (ros2_arm_viz) StdoutLine: {'line': b'running install_lib\n'}
[4.126190] (-) TimerEvent: {}
[4.172527] (ros2_arm_viz) StdoutLine: {'line': b"copying /Users/alvin/Documents/Alvin/College/Academics/Master's Thesis/Code/Neuromorphic-Robot-Control/build/ros2_arm_viz/build/lib/ros2_arm_viz/joint_state_mpc_node.py -> /Users/alvin/Documents/Alvin/College/Academics/Master's Thesis/Code/Neuromorphic-Robot-Control/install/ros2_arm_viz/lib/python3.11/site-packages/ros2_arm_viz\n"}
[4.174141] (ros2_arm_viz) StdoutLine: {'line': b"byte-compiling /Users/alvin/Documents/Alvin/College/Academics/Master's Thesis/Code/Neuromorphic-Robot-Control/install/ros2_arm_viz/lib/python3.11/site-packages/ros2_arm_viz/joint_state_mpc_node.py to joint_state_mpc_node.cpython-311.pyc\n"}
[4.176803] (ros2_arm_viz) StdoutLine: {'line': b'running install_data\n'}
[4.177281] (ros2_arm_viz) StdoutLine: {'line': b"copying resource/ros2_arm_viz -> /Users/alvin/Documents/Alvin/College/Academics/Master's Thesis/Code/Neuromorphic-Robot-Control/install/ros2_arm_viz/share/ament_index/resource_index/packages\n"}
[4.181892] (ros2_arm_viz) StdoutLine: {'line': b"copying package.xml -> /Users/alvin/Documents/Alvin/College/Academics/Master's Thesis/Code/Neuromorphic-Robot-Control/install/ros2_arm_viz/share/ros2_arm_viz\n"}
[4.183773] (ros2_arm_viz) StdoutLine: {'line': b"copying urdf/planar_arm_2dof.urdf -> /Users/alvin/Documents/Alvin/College/Academics/Master's Thesis/Code/Neuromorphic-Robot-Control/install/ros2_arm_viz/share/ros2_arm_viz/urdf\n"}
[4.187163] (ros2_arm_viz) StdoutLine: {'line': b"copying launch/display_arm_mpc.launch.py -> /Users/alvin/Documents/Alvin/College/Academics/Master's Thesis/Code/Neuromorphic-Robot-Control/install/ros2_arm_viz/share/ros2_arm_viz/launch\n"}
[4.194393] (ros2_arm_viz) StdoutLine: {'line': b"copying rviz/planar_arm.rviz -> /Users/alvin/Documents/Alvin/College/Academics/Master's Thesis/Code/Neuromorphic-Robot-Control/install/ros2_arm_viz/share/ros2_arm_viz/rviz\n"}
[4.200042] (ros2_arm_viz) StdoutLine: {'line': b'running install_egg_info\n'}
[4.231044] (-) TimerEvent: {}
[4.263235] (ros2_arm_viz) StdoutLine: {'line': b"removing '/Users/alvin/Documents/Alvin/College/Academics/Master's Thesis/Code/Neuromorphic-Robot-Control/install/ros2_arm_viz/lib/python3.11/site-packages/ros2_arm_viz-0.1.0-py3.11.egg-info' (and everything under it)\n"}
[4.265006] (ros2_arm_viz) StdoutLine: {'line': b"Copying ../../build/ros2_arm_viz/ros2_arm_viz.egg-info to /Users/alvin/Documents/Alvin/College/Academics/Master's Thesis/Code/Neuromorphic-Robot-Control/install/ros2_arm_viz/lib/python3.11/site-packages/ros2_arm_viz-0.1.0-py3.11.egg-info\n"}
[4.272833] (ros2_arm_viz) StdoutLine: {'line': b'running install_scripts\n'}
[4.332067] (-) TimerEvent: {}
[4.416608] (ros2_arm_viz) StdoutLine: {'line': b"Installing joint_state_mpc_node script to /Users/alvin/Documents/Alvin/College/Academics/Master's Thesis/Code/Neuromorphic-Robot-Control/install/ros2_arm_viz/lib/ros2_arm_viz\n"}
[4.418160] (ros2_arm_viz) StdoutLine: {'line': b"writing list of installed files to '/Users/alvin/Documents/Alvin/College/Academics/Master's Thesis/Code/Neuromorphic-Robot-Control/build/ros2_arm_viz/install.log'\n"}
[4.435350] (-) TimerEvent: {}
[4.497615] (ros2_arm_viz) CommandEnded: {'returncode': 0}
[4.538722] (-) TimerEvent: {}
[4.559793] (ros2_arm_viz) JobEnded: {'identifier': 'ros2_arm_viz', 'rc': 0}
[4.569652] (-) EventReactorShutdown: {}
