[2.164s] Invoking command in '/Users/alvin/Documents/Alvin/College/Academics/Master's Thesis/Code/Neuromorphic-Robot-Control/src/ros2_arm_viz': PYTHONPATH=/Users/alvin/Documents/Alvin/College/Academics/Master's Thesis/Code/Neuromorphic-Robot-Control/build/ros2_arm_viz/prefix_override:/Users/alvin/y/envs/ros_env/lib/python3.11/site-packages/colcon_core/task/python/colcon_distutils_commands:/Users/alvin/Documents/Alvin/College/Academics/Master's Thesis/Code/Neuromorphic-Robot-Control/install/ros2_arm_viz/lib/python3.11/site-packages:${PYTHONPATH} SHLVL=3 _=/usr/bin/env /Users/alvin/y/envs/ros_env/bin/python3.11 -W ignore:setup.py install is deprecated -W ignore:easy_install command is deprecated setup.py egg_info --egg-base ../../build/ros2_arm_viz build --build-base /Users/alvin/Documents/Alvin/College/Academics/Master's Thesis/Code/Neuromorphic-Robot-Control/build/ros2_arm_viz/build install --record /Users/alvin/Documents/Alvin/College/Academics/Master's Thesis/Code/Neuromorphic-Robot-Control/build/ros2_arm_viz/install.log --single-version-externally-managed install_data
[3.804s] running egg_info
[3.872s] writing ../../build/ros2_arm_viz/ros2_arm_viz.egg-info/PKG-INFO
[3.875s] writing dependency_links to ../../build/ros2_arm_viz/ros2_arm_viz.egg-info/dependency_links.txt
[3.876s] writing entry points to ../../build/ros2_arm_viz/ros2_arm_viz.egg-info/entry_points.txt
[3.876s] writing requirements to ../../build/ros2_arm_viz/ros2_arm_viz.egg-info/requires.txt
[3.877s] writing top-level names to ../../build/ros2_arm_viz/ros2_arm_viz.egg-info/top_level.txt
[4.042s] reading manifest file '../../build/ros2_arm_viz/ros2_arm_viz.egg-info/SOURCES.txt'
[4.053s] writing manifest file '../../build/ros2_arm_viz/ros2_arm_viz.egg-info/SOURCES.txt'
[4.056s] running build
[4.057s] running build_py
[4.058s] copying ros2_arm_viz/__init__.py -> /Users/alvin/Documents/Alvin/College/Academics/Master's Thesis/Code/Neuromorphic-Robot-Control/build/ros2_arm_viz/build/lib/ros2_arm_viz
[4.066s] copying ros2_arm_viz/joint_state_mpc_node.py -> /Users/alvin/Documents/Alvin/College/Academics/Master's Thesis/Code/Neuromorphic-Robot-Control/build/ros2_arm_viz/build/lib/ros2_arm_viz
[4.073s] running install
[4.096s] running install_lib
[4.172s] copying /Users/alvin/Documents/Alvin/College/Academics/Master's Thesis/Code/Neuromorphic-Robot-Control/build/ros2_arm_viz/build/lib/ros2_arm_viz/joint_state_mpc_node.py -> /Users/alvin/Documents/Alvin/College/Academics/Master's Thesis/Code/Neuromorphic-Robot-Control/install/ros2_arm_viz/lib/python3.11/site-packages/ros2_arm_viz
[4.173s] byte-compiling /Users/alvin/Documents/Alvin/College/Academics/Master's Thesis/Code/Neuromorphic-Robot-Control/install/ros2_arm_viz/lib/python3.11/site-packages/ros2_arm_viz/joint_state_mpc_node.py to joint_state_mpc_node.cpython-311.pyc
[4.176s] running install_data
[4.176s] copying resource/ros2_arm_viz -> /Users/alvin/Documents/Alvin/College/Academics/Master's Thesis/Code/Neuromorphic-Robot-Control/install/ros2_arm_viz/share/ament_index/resource_index/packages
[4.181s] copying package.xml -> /Users/alvin/Documents/Alvin/College/Academics/Master's Thesis/Code/Neuromorphic-Robot-Control/install/ros2_arm_viz/share/ros2_arm_viz
[4.183s] copying urdf/planar_arm_2dof.urdf -> /Users/alvin/Documents/Alvin/College/Academics/Master's Thesis/Code/Neuromorphic-Robot-Control/install/ros2_arm_viz/share/ros2_arm_viz/urdf
[4.186s] copying launch/display_arm_mpc.launch.py -> /Users/alvin/Documents/Alvin/College/Academics/Master's Thesis/Code/Neuromorphic-Robot-Control/install/ros2_arm_viz/share/ros2_arm_viz/launch
[4.196s] copying rviz/planar_arm.rviz -> /Users/alvin/Documents/Alvin/College/Academics/Master's Thesis/Code/Neuromorphic-Robot-Control/install/ros2_arm_viz/share/ros2_arm_viz/rviz
[4.199s] running install_egg_info
[4.263s] removing '/Users/alvin/Documents/Alvin/College/Academics/Master's Thesis/Code/Neuromorphic-Robot-Control/install/ros2_arm_viz/lib/python3.11/site-packages/ros2_arm_viz-0.1.0-py3.11.egg-info' (and everything under it)
[4.264s] Copying ../../build/ros2_arm_viz/ros2_arm_viz.egg-info to /Users/alvin/Documents/Alvin/College/Academics/Master's Thesis/Code/Neuromorphic-Robot-Control/install/ros2_arm_viz/lib/python3.11/site-packages/ros2_arm_viz-0.1.0-py3.11.egg-info
[4.272s] running install_scripts
[4.416s] Installing joint_state_mpc_node script to /Users/alvin/Documents/Alvin/College/Academics/Master's Thesis/Code/Neuromorphic-Robot-Control/install/ros2_arm_viz/lib/ros2_arm_viz
[4.417s] writing list of installed files to '/Users/alvin/Documents/Alvin/College/Academics/Master's Thesis/Code/Neuromorphic-Robot-Control/build/ros2_arm_viz/install.log'
[4.497s] Invoked command in '/Users/alvin/Documents/Alvin/College/Academics/Master's Thesis/Code/Neuromorphic-Robot-Control/src/ros2_arm_viz' returned '0': PYTHONPATH=/Users/alvin/Documents/Alvin/College/Academics/Master's Thesis/Code/Neuromorphic-Robot-Control/build/ros2_arm_viz/prefix_override:/Users/alvin/y/envs/ros_env/lib/python3.11/site-packages/colcon_core/task/python/colcon_distutils_commands:/Users/alvin/Documents/Alvin/College/Academics/Master's Thesis/Code/Neuromorphic-Robot-Control/install/ros2_arm_viz/lib/python3.11/site-packages:${PYTHONPATH} SHLVL=3 _=/usr/bin/env /Users/alvin/y/envs/ros_env/bin/python3.11 -W ignore:setup.py install is deprecated -W ignore:easy_install command is deprecated setup.py egg_info --egg-base ../../build/ros2_arm_viz build --build-base /Users/alvin/Documents/Alvin/College/Academics/Master's Thesis/Code/Neuromorphic-Robot-Control/build/ros2_arm_viz/build install --record /Users/alvin/Documents/Alvin/College/Academics/Master's Thesis/Code/Neuromorphic-Robot-Control/build/ros2_arm_viz/install.log --single-version-externally-managed install_data
