[0.000000] (-) TimerEvent: {}
[0.001857] (ros2_arm_viz) JobQueued: {'identifier': 'ros2_arm_viz', 'dependencies': OrderedDict()}
[0.002872] (ros2_arm_viz) JobStarted: {'identifier': 'ros2_arm_viz'}
[0.120766] (-) TimerEvent: {}
[0.264411] (-) TimerEvent: {}
[0.365757] (-) TimerEvent: {}
[0.469137] (-) TimerEvent: {}
[0.574352] (-) TimerEvent: {}
[0.676823] (-) TimerEvent: {}
[0.782021] (-) TimerEvent: {}
[0.882704] (-) TimerEvent: {}
[0.984149] (-) TimerEvent: {}
[1.089158] (-) TimerEvent: {}
[1.190241] (-) TimerEvent: {}
[1.291106] (-) TimerEvent: {}
[1.396604] (-) TimerEvent: {}
[1.500166] (-) TimerEvent: {}
[1.603839] (-) TimerEvent: {}
[1.707063] (-) TimerEvent: {}
[1.809051] (-) TimerEvent: {}
[1.909601] (-) TimerEvent: {}
[2.013859] (-) TimerEvent: {}
[2.119010] (-) TimerEvent: {}
[2.223219] (-) TimerEvent: {}
[2.326793] (-) TimerEvent: {}
[2.431464] (-) TimerEvent: {}
[2.532063] (-) TimerEvent: {}
[2.632730] (-) TimerEvent: {}
[2.733397] (-) TimerEvent: {}
[2.837639] (-) TimerEvent: {}
[2.941068] (-) TimerEvent: {}
[3.046257] (-) TimerEvent: {}
[3.148249] (-) TimerEvent: {}
[3.252592] (-) TimerEvent: {}
[3.357399] (-) TimerEvent: {}
[3.459019] (-) TimerEvent: {}
[3.563813] (-) TimerEvent: {}
[3.664999] (-) TimerEvent: {}
[3.765328] (-) TimerEvent: {}
[3.867680] (-) TimerEvent: {}
[3.971810] (-) TimerEvent: {}
[4.076206] (-) TimerEvent: {}
[4.136310] (ros2_arm_viz) Command: {'cmd': ['/Users/alvin/y/envs/ros_env/bin/python3.11', '-W', 'ignore:setup.py install is deprecated', '-W', 'ignore:easy_install command is deprecated', 'setup.py', 'egg_info', '--egg-base', '../../build/ros2_arm_viz', 'build', '--build-base', "/Users/alvin/Documents/Alvin/College/Academics/Master's Thesis/Code/Neuromorphic-Robot-Control/build/ros2_arm_viz/build", 'install', '--record', "/Users/alvin/Documents/Alvin/College/Academics/Master's Thesis/Code/Neuromorphic-Robot-Control/build/ros2_arm_viz/install.log", '--single-version-externally-managed', 'install_data'], 'cwd': "/Users/alvin/Documents/Alvin/College/Academics/Master's Thesis/Code/Neuromorphic-Robot-Control/src/ros2_arm_viz", 'env': {'_ZO_DOCTOR': '0', 'VSCODE_CRASH_REPORTER_PROCESS_TYPE': 'extensionHost', 'SHELL': '/bin/zsh', 'TERM': 'dumb', 'VSCODE_PROCESS_TITLE': 'extension-host (agent-exec) [3-18]', 'NEUROMORPHIC_ARM_PROJECT_ROOT': "/Users/alvin/Documents/Alvin/College/Academics/Master's Thesis/Code/Neuromorphic-Robot-Control", 'TMPDIR': '/var/folders/tb/skn1f_1957v8kj6tkdl4dsp80000gn/T/', 'CONDA_SHLVL': '0', 'CURSOR_TRACE_ID': 'd7b977746b004392a88b89ec2f616972', 'MallocNanoZone': '0', 'ROS_PYTHON_VERSION': '3', 'NO_COLOR': '1', 'ROS_VERSION': '2', 'COLCON_PREFIX_PATH': "/Users/alvin/Documents/Alvin/College/Academics/Master's Thesis/Code/Neuromorphic-Robot-Control/install", 'AMENT_PREFIX_PATH': "/Users/alvin/Documents/Alvin/College/Academics/Master's Thesis/Code/Neuromorphic-Robot-Control/install/ros2_arm_viz:/Users/alvin/y/envs/ros_env", 'PNPM_HOME': '/Users/alvin/Library/pnpm', 'USER': 'alvin', 'COMMAND_MODE': 'unix2003', 'SSH_AUTH_SOCK': '/private/tmp/com.apple.launchd.DnEUgPaxZp/Listeners', '__CF_USER_TEXT_ENCODING': '0x1F5:0:2', 'MAMBA_EXE': '/Users/alvin/.local/bin/micromamba', 'PATH': '/Users/alvin/y/envs/ros_env/bin:/Users/alvin/y/envs/ros_env/bin:/Users/alvin/y/envs/ros_env/bin:/Users/alvin/y/envs/ros_env/bin:/Users/alvin/y/envs/ros_env/bin:/Users/alvin/y/envs/ros_env/bin:/Users/alvin/y/envs/ros_env/bin:/Users/alvin/y/envs/ros_env/bin:/Users/alvin/y/envs/ros_env/bin:/Users/alvin/y/envs/ros_env/bin:/Users/alvin/y/envs/ros_env/bin:/Users/alvin/y/condabin:/Users/alvin/.antigravity/antigravity/bin:/Users/alvin/.codeium/windsurf/bin:/Library/Frameworks/Python.framework/Versions/3.13/bin:/usr/local/bin:/usr/bin:/bin:/usr/sbin:/sbin:/Library/TeX/texbin:/Users/alvin/.antigravity/antigravity/bin:/Users/alvin/.codeium/windsurf/bin:/Users/alvin/Library/pnpm:/Library/Frameworks/Python.framework/Versions/3.13/bin', '__CFBundleIdentifier': 'com.todesktop.230313mzl4w4u92', 'CONDA_PREFIX': '/Users/alvin/y/envs/ros_env', 'PWD': "/Users/alvin/Documents/Alvin/College/Academics/Master's Thesis/Code/Neuromorphic-Robot-Control/build/ros2_arm_viz", 'COLCON': '1', 'VSCODE_HANDLES_UNCAUGHT_ERRORS': 'true', 'MAMBA_ROOT_PREFIX': '/Users/alvin/y', 'VSCODE_ESM_ENTRYPOINT': 'vs/workbench/api/node/extensionHostProcess', 'CURSOR_AGENT': '1', 'XPC_FLAGS': '0x0', 'CURSOR_EXTENSION_HOST_ROLE': 'agent-exec', 'FORCE_COLOR': '0', 'XPC_SERVICE_NAME': '0', 'HOME': '/Users/alvin', 'SHLVL': '3', 'ROS_DISTRO': 'humble', 'VSCODE_NLS_CONFIG': '{"userLocale":"en-gb","osLocale":"en-gb","resolvedLanguage":"en","defaultMessagesFile":"/Applications/Cursor.app/Contents/Resources/app/out/nls.messages.json","locale":"en-gb","availableLanguages":{}}', 'CI': '1', 'LOGNAME': 'alvin', 'PYTHONPATH': "/Users/alvin/Documents/Alvin/College/Academics/Master's Thesis/Code/Neuromorphic-Robot-Control/build/ros2_arm_viz/prefix_override:/Users/alvin/y/envs/ros_env/lib/python3.11/site-packages/colcon_core/task/python/colcon_distutils_commands:/Users/alvin/Documents/Alvin/College/Academics/Master's Thesis/Code/Neuromorphic-Robot-Control/install/ros2_arm_viz/lib/python3.11/site-packages:/Users/alvin/Documents/Alvin/College/Academics/Master's Thesis/Code/Neuromorphic-Robot-Control/install/ros2_arm_viz/lib/python3.11/site-packages:/Users/alvin/y/envs/ros_env/lib/python311/site-packages:/Users/alvin/y/envs/ros_env/lib/python3.11/site-packages", 'LC_CTYPE': 'UTF-8', 'VSCODE_CODE_CACHE_PATH': '/Users/alvin/Library/Application Support/Cursor/CachedData/7d96c2a03bb088ad367615e9da1a3fe20fbbc6a0', 'VSCODE_IPC_HOOK': '/Users/alvin/Library/Application Support/Cursor/2.5.-main.sock', 'VSCODE_PID': '32668', 'ROS_LOCALHOST_ONLY': '0', 'VSCODE_CWD': '/', '_': '/usr/bin/env'}, 'shell': False}
[4.176976] (-) TimerEvent: {}
[4.281463] (-) TimerEvent: {}
[4.383066] (-) TimerEvent: {}
[4.487076] (-) TimerEvent: {}
[4.589428] (-) TimerEvent: {}
[4.694728] (-) TimerEvent: {}
[4.798017] (-) TimerEvent: {}
[4.899335] (-) TimerEvent: {}
[5.000066] (-) TimerEvent: {}
[5.101066] (-) TimerEvent: {}
[5.206103] (-) TimerEvent: {}
[5.308893] (-) TimerEvent: {}
[5.313283] (ros2_arm_viz) StdoutLine: {'line': b'running egg_info\n'}
[5.383746] (ros2_arm_viz) StdoutLine: {'line': b'writing ../../build/ros2_arm_viz/ros2_arm_viz.egg-info/PKG-INFO\n'}
[5.385770] (ros2_arm_viz) StdoutLine: {'line': b'writing dependency_links to ../../build/ros2_arm_viz/ros2_arm_viz.egg-info/dependency_links.txt\n'}
[5.386446] (ros2_arm_viz) StdoutLine: {'line': b'writing entry points to ../../build/ros2_arm_viz/ros2_arm_viz.egg-info/entry_points.txt\n'}
[5.386887] (ros2_arm_viz) StdoutLine: {'line': b'writing requirements to ../../build/ros2_arm_viz/ros2_arm_viz.egg-info/requires.txt\n'}
[5.387484] (ros2_arm_viz) StdoutLine: {'line': b'writing top-level names to ../../build/ros2_arm_viz/ros2_arm_viz.egg-info/top_level.txt\n'}
[5.412022] (-) TimerEvent: {}
[5.516571] (-) TimerEvent: {}
[5.525247] (ros2_arm_viz) StdoutLine: {'line': b"reading manifest file '../../build/ros2_arm_viz/ros2_arm_viz.egg-info/SOURCES.txt'\n"}
[5.527942] (ros2_arm_viz) StdoutLine: {'line': b"writing manifest file '../../build/ros2_arm_viz/ros2_arm_viz.egg-info/SOURCES.txt'\n"}
[5.528383] (ros2_arm_viz) StdoutLine: {'line': b'running build\n'}
[5.528615] (ros2_arm_viz) StdoutLine: {'line': b'running build_py\n'}
[5.529951] (ros2_arm_viz) StdoutLine: {'line': b"copying ros2_arm_viz/__init__.py -> /Users/alvin/Documents/Alvin/College/Academics/Master's Thesis/Code/Neuromorphic-Robot-Control/build/ros2_arm_viz/build/lib/ros2_arm_viz\n"}
[5.531214] (ros2_arm_viz) StdoutLine: {'line': b"copying ros2_arm_viz/joint_state_mpc_node.py -> /Users/alvin/Documents/Alvin/College/Academics/Master's Thesis/Code/Neuromorphic-Robot-Control/build/ros2_arm_viz/build/lib/ros2_arm_viz\n"}
[5.536053] (ros2_arm_viz) StdoutLine: {'line': b"copying ros2_arm_viz/robot_description_publisher_node.py -> /Users/alvin/Documents/Alvin/College/Academics/Master's Thesis/Code/Neuromorphic-Robot-Control/build/ros2_arm_viz/build/lib/ros2_arm_viz\n"}
[5.537649] (ros2_arm_viz) StdoutLine: {'line': b'running install\n'}
[5.554064] (ros2_arm_viz) StdoutLine: {'line': b'running install_lib\n'}
[5.620716] (-) TimerEvent: {}
[5.626750] (ros2_arm_viz) StdoutLine: {'line': b"copying /Users/alvin/Documents/Alvin/College/Academics/Master's Thesis/Code/Neuromorphic-Robot-Control/build/ros2_arm_viz/build/lib/ros2_arm_viz/joint_state_mpc_node.py -> /Users/alvin/Documents/Alvin/College/Academics/Master's Thesis/Code/Neuromorphic-Robot-Control/install/ros2_arm_viz/lib/python3.11/site-packages/ros2_arm_viz\n"}
[5.629048] (ros2_arm_viz) StdoutLine: {'line': b"byte-compiling /Users/alvin/Documents/Alvin/College/Academics/Master's Thesis/Code/Neuromorphic-Robot-Control/install/ros2_arm_viz/lib/python3.11/site-packages/ros2_arm_viz/joint_state_mpc_node.py to joint_state_mpc_node.cpython-311.pyc\n"}
[5.639629] (ros2_arm_viz) StdoutLine: {'line': b'running install_data\n'}
[5.643492] (ros2_arm_viz) StdoutLine: {'line': b"copying resource/ros2_arm_viz -> /Users/alvin/Documents/Alvin/College/Academics/Master's Thesis/Code/Neuromorphic-Robot-Control/install/ros2_arm_viz/share/ament_index/resource_index/packages\n"}
[5.644201] (ros2_arm_viz) StdoutLine: {'line': b"copying package.xml -> /Users/alvin/Documents/Alvin/College/Academics/Master's Thesis/Code/Neuromorphic-Robot-Control/install/ros2_arm_viz/share/ros2_arm_viz\n"}
[5.646051] (ros2_arm_viz) StdoutLine: {'line': b"copying urdf/planar_arm_2dof.urdf -> /Users/alvin/Documents/Alvin/College/Academics/Master's Thesis/Code/Neuromorphic-Robot-Control/install/ros2_arm_viz/share/ros2_arm_viz/urdf\n"}
[5.652296] (ros2_arm_viz) StdoutLine: {'line': b"copying launch/display_arm_mpc.launch.py -> /Users/alvin/Documents/Alvin/College/Academics/Master's Thesis/Code/Neuromorphic-Robot-Control/install/ros2_arm_viz/share/ros2_arm_viz/launch\n"}
[5.660221] (ros2_arm_viz) StdoutLine: {'line': b"copying rviz/planar_arm.rviz -> /Users/alvin/Documents/Alvin/College/Academics/Master's Thesis/Code/Neuromorphic-Robot-Control/install/ros2_arm_viz/share/ros2_arm_viz/rviz\n"}
[5.662446] (ros2_arm_viz) StdoutLine: {'line': b'running install_egg_info\n'}
[5.723745] (-) TimerEvent: {}
[5.744225] (ros2_arm_viz) StdoutLine: {'line': b"removing '/Users/alvin/Documents/Alvin/College/Academics/Master's Thesis/Code/Neuromorphic-Robot-Control/install/ros2_arm_viz/lib/python3.11/site-packages/ros2_arm_viz-0.1.0-py3.11.egg-info' (and everything under it)\n"}
[5.745808] (ros2_arm_viz) StdoutLine: {'line': b"Copying ../../build/ros2_arm_viz/ros2_arm_viz.egg-info to /Users/alvin/Documents/Alvin/College/Academics/Master's Thesis/Code/Neuromorphic-Robot-Control/install/ros2_arm_viz/lib/python3.11/site-packages/ros2_arm_viz-0.1.0-py3.11.egg-info\n"}
[5.763849] (ros2_arm_viz) StdoutLine: {'line': b'running install_scripts\n'}
[5.827641] (-) TimerEvent: {}
[5.931550] (-) TimerEvent: {}
[5.961169] (ros2_arm_viz) StdoutLine: {'line': b"Installing joint_state_mpc_node script to /Users/alvin/Documents/Alvin/College/Academics/Master's Thesis/Code/Neuromorphic-Robot-Control/install/ros2_arm_viz/lib/ros2_arm_viz\n"}
[5.961698] (ros2_arm_viz) StdoutLine: {'line': b"Installing robot_description_publisher_node script to /Users/alvin/Documents/Alvin/College/Academics/Master's Thesis/Code/Neuromorphic-Robot-Control/install/ros2_arm_viz/lib/ros2_arm_viz\n"}
[5.963725] (ros2_arm_viz) StdoutLine: {'line': b"writing list of installed files to '/Users/alvin/Documents/Alvin/College/Academics/Master's Thesis/Code/Neuromorphic-Robot-Control/build/ros2_arm_viz/install.log'\n"}
[6.035359] (-) TimerEvent: {}
[6.071461] (ros2_arm_viz) CommandEnded: {'returncode': 0}
[6.137236] (ros2_arm_viz) JobEnded: {'identifier': 'ros2_arm_viz', 'rc': 0}
[6.142690] (-) TimerEvent: {}
[6.142785] (-) EventReactorShutdown: {}
