[1.414s] colcon DEBUG Command line arguments: ['/Users/alvin/y/envs/ros_env/bin/colcon', 'build', '--packages-select', 'ros2_arm_viz']
[1.414s] colcon DEBUG Parsed command line arguments: Namespace(log_base=None, log_level=None, verb_name='build', build_base='build', install_base='install', merge_install=False, symlink_install=False, test_result_base=None, continue_on_error=False, executor='parallel', parallel_workers=4, event_handlers=None, ignore_user_meta=False, metas=['./colcon.meta'], base_paths=['.'], packages_ignore=None, packages_ignore_regex=None, paths=None, packages_up_to=None, packages_up_to_regex=None, packages_above=None, packages_above_and_dependencies=None, packages_above_depth=None, packages_select_by_dep=None, packages_skip_by_dep=None, packages_skip_up_to=None, packages_select_build_failed=False, packages_skip_build_finished=False, packages_select_test_failures=False, packages_skip_test_passed=False, packages_select=['ros2_arm_viz'], packages_skip=None, packages_select_regex=None, packages_skip_regex=None, packages_start=None, packages_end=None, cmake_args=None, cmake_target=None, cmake_target_skip_unavailable=False, cmake_clean_cache=False, cmake_clean_first=False, cmake_force_configure=False, ament_cmake_args=None, catkin_cmake_args=None, catkin_skip_building_tests=False, mixin_files=None, mixin=None, verb_parser=<colcon_mixin.mixin.mixin_argument.MixinArgumentDecorator object at 0x10a2d0450>, verb_extension=<colcon_core.verb.build.BuildVerb object at 0x10a2c3ed0>, main=<bound method BuildVerb.main of <colcon_core.verb.build.BuildVerb object at 0x10a2c3ed0>>, mixin_verb=('build',))
[1.758s] colcon.colcon_core.package_discovery Level 1 discover_packages(colcon_meta) check parameters
[1.759s] colcon.colcon_core.package_discovery Level 1 discover_packages(recursive) check parameters
[1.760s] colcon.colcon_core.package_discovery Level 1 discover_packages(ignore) check parameters
[1.760s] colcon.colcon_core.package_discovery Level 1 discover_packages(path) check parameters
[1.760s] colcon.colcon_core.package_discovery Level 1 discover_packages(colcon_meta) discover
[1.764s] colcon.colcon_core.package_discovery Level 1 discover_packages(recursive) discover
[1.764s] colcon.colcon_core.package_discovery INFO Crawling recursively for packages in '/Users/alvin/Documents/Alvin/College/Academics/Master's Thesis/Code/Neuromorphic-Robot-Control'
[1.764s] colcon.colcon_core.package_identification Level 1 _identify(.) by extensions ['ignore', 'ignore_ament_install']
[1.765s] colcon.colcon_core.package_identification Level 1 _identify(.) by extension 'ignore'
[1.765s] colcon.colcon_core.package_identification Level 1 _identify(.) by extension 'ignore_ament_install'
[1.765s] colcon.colcon_core.package_identification Level 1 _identify(.) by extensions ['colcon_pkg']
[1.765s] colcon.colcon_core.package_identification Level 1 _identify(.) by extension 'colcon_pkg'
[1.765s] colcon.colcon_core.package_identification Level 1 _identify(.) by extensions ['colcon_meta']
[1.765s] colcon.colcon_core.package_identification Level 1 _identify(.) by extension 'colcon_meta'
[1.765s] colcon.colcon_core.package_identification Level 1 _identify(.) by extensions ['ros']
[1.765s] colcon.colcon_core.package_identification Level 1 _identify(.) by extension 'ros'
[1.932s] colcon.colcon_core.package_identification Level 1 _identify(.) by extensions ['cmake', 'python']
[1.932s] colcon.colcon_core.package_identification Level 1 _identify(.) by extension 'cmake'
[1.932s] colcon.colcon_core.package_identification Level 1 _identify(.) by extension 'python'
[1.933s] colcon.colcon_core.package_identification Level 1 _identify(.) by extensions ['python_setup_py']
[1.933s] colcon.colcon_core.package_identification Level 1 _identify(.) by extension 'python_setup_py'
[1.933s] colcon.colcon_core.package_identification Level 1 _identify(build) by extensions ['ignore', 'ignore_ament_install']
[1.934s] colcon.colcon_core.package_identification Level 1 _identify(build) by extension 'ignore'
[1.934s] colcon.colcon_core.package_identification Level 1 _identify(build) ignored
[1.935s] colcon.colcon_core.package_identification Level 1 _identify(data) by extensions ['ignore', 'ignore_ament_install']
[1.935s] colcon.colcon_core.package_identification Level 1 _identify(data) by extension 'ignore'
[1.936s] colcon.colcon_core.package_identification Level 1 _identify(data) by extension 'ignore_ament_install'
[1.936s] colcon.colcon_core.package_identification Level 1 _identify(data) by extensions ['colcon_pkg']
[1.936s] colcon.colcon_core.package_identification Level 1 _identify(data) by extension 'colcon_pkg'
[1.936s] colcon.colcon_core.package_identification Level 1 _identify(data) by extensions ['colcon_meta']
[1.936s] colcon.colcon_core.package_identification Level 1 _identify(data) by extension 'colcon_meta'
[1.936s] colcon.colcon_core.package_identification Level 1 _identify(data) by extensions ['ros']
[1.936s] colcon.colcon_core.package_identification Level 1 _identify(data) by extension 'ros'
[1.937s] colcon.colcon_core.package_identification Level 1 _identify(data) by extensions ['cmake', 'python']
[1.937s] colcon.colcon_core.package_identification Level 1 _identify(data) by extension 'cmake'
[1.937s] colcon.colcon_core.package_identification Level 1 _identify(data) by extension 'python'
[1.937s] colcon.colcon_core.package_identification Level 1 _identify(data) by extensions ['python_setup_py']
[1.937s] colcon.colcon_core.package_identification Level 1 _identify(data) by extension 'python_setup_py'
[1.937s] colcon.colcon_core.package_identification Level 1 _identify(data/dataset_001) by extensions ['ignore', 'ignore_ament_install']
[1.937s] colcon.colcon_core.package_identification Level 1 _identify(data/dataset_001) by extension 'ignore'
[1.937s] colcon.colcon_core.package_identification Level 1 _identify(data/dataset_001) by extension 'ignore_ament_install'
[1.938s] colcon.colcon_core.package_identification Level 1 _identify(data/dataset_001) by extensions ['colcon_pkg']
[1.938s] colcon.colcon_core.package_identification Level 1 _identify(data/dataset_001) by extension 'colcon_pkg'
[1.938s] colcon.colcon_core.package_identification Level 1 _identify(data/dataset_001) by extensions ['colcon_meta']
[1.938s] colcon.colcon_core.package_identification Level 1 _identify(data/dataset_001) by extension 'colcon_meta'
[1.938s] colcon.colcon_core.package_identification Level 1 _identify(data/dataset_001) by extensions ['ros']
[1.938s] colcon.colcon_core.package_identification Level 1 _identify(data/dataset_001) by extension 'ros'
[1.938s] colcon.colcon_core.package_identification Level 1 _identify(data/dataset_001) by extensions ['cmake', 'python']
[1.938s] colcon.colcon_core.package_identification Level 1 _identify(data/dataset_001) by extension 'cmake'
[1.938s] colcon.colcon_core.package_identification Level 1 _identify(data/dataset_001) by extension 'python'
[1.938s] colcon.colcon_core.package_identification Level 1 _identify(data/dataset_001) by extensions ['python_setup_py']
[1.938s] colcon.colcon_core.package_identification Level 1 _identify(data/dataset_001) by extension 'python_setup_py'
[1.938s] colcon.colcon_core.package_identification Level 1 _identify(data/results) by extensions ['ignore', 'ignore_ament_install']
[1.938s] colcon.colcon_core.package_identification Level 1 _identify(data/results) by extension 'ignore'
[1.938s] colcon.colcon_core.package_identification Level 1 _identify(data/results) by extension 'ignore_ament_install'
[1.939s] colcon.colcon_core.package_identification Level 1 _identify(data/results) by extensions ['colcon_pkg']
[1.939s] colcon.colcon_core.package_identification Level 1 _identify(data/results) by extension 'colcon_pkg'
[1.939s] colcon.colcon_core.package_identification Level 1 _identify(data/results) by extensions ['colcon_meta']
[1.939s] colcon.colcon_core.package_identification Level 1 _identify(data/results) by extension 'colcon_meta'
[1.939s] colcon.colcon_core.package_identification Level 1 _identify(data/results) by extensions ['ros']
[1.939s] colcon.colcon_core.package_identification Level 1 _identify(data/results) by extension 'ros'
[1.939s] colcon.colcon_core.package_identification Level 1 _identify(data/results) by extensions ['cmake', 'python']
[1.939s] colcon.colcon_core.package_identification Level 1 _identify(data/results) by extension 'cmake'
[1.939s] colcon.colcon_core.package_identification Level 1 _identify(data/results) by extension 'python'
[1.939s] colcon.colcon_core.package_identification Level 1 _identify(data/results) by extensions ['python_setup_py']
[1.939s] colcon.colcon_core.package_identification Level 1 _identify(data/results) by extension 'python_setup_py'
[1.939s] colcon.colcon_core.package_identification Level 1 _identify(data/results/csv_dump) by extensions ['ignore', 'ignore_ament_install']
[1.939s] colcon.colcon_core.package_identification Level 1 _identify(data/results/csv_dump) by extension 'ignore'
[1.940s] colcon.colcon_core.package_identification Level 1 _identify(data/results/csv_dump) by extension 'ignore_ament_install'
[1.940s] colcon.colcon_core.package_identification Level 1 _identify(data/results/csv_dump) by extensions ['colcon_pkg']
[1.940s] colcon.colcon_core.package_identification Level 1 _identify(data/results/csv_dump) by extension 'colcon_pkg'
[1.940s] colcon.colcon_core.package_identification Level 1 _identify(data/results/csv_dump) by extensions ['colcon_meta']
[1.940s] colcon.colcon_core.package_identification Level 1 _identify(data/results/csv_dump) by extension 'colcon_meta'
[1.940s] colcon.colcon_core.package_identification Level 1 _identify(data/results/csv_dump) by extensions ['ros']
[1.940s] colcon.colcon_core.package_identification Level 1 _identify(data/results/csv_dump) by extension 'ros'
[1.940s] colcon.colcon_core.package_identification Level 1 _identify(data/results/csv_dump) by extensions ['cmake', 'python']
[1.940s] colcon.colcon_core.package_identification Level 1 _identify(data/results/csv_dump) by extension 'cmake'
[1.940s] colcon.colcon_core.package_identification Level 1 _identify(data/results/csv_dump) by extension 'python'
[1.940s] colcon.colcon_core.package_identification Level 1 _identify(data/results/csv_dump) by extensions ['python_setup_py']
[1.940s] colcon.colcon_core.package_identification Level 1 _identify(data/results/csv_dump) by extension 'python_setup_py'
[1.941s] colcon.colcon_core.package_identification Level 1 _identify(data/results/csv_dump/qp_step_0000) by extensions ['ignore', 'ignore_ament_install']
[1.941s] colcon.colcon_core.package_identification Level 1 _identify(data/results/csv_dump/qp_step_0000) by extension 'ignore'
[1.941s] colcon.colcon_core.package_identification Level 1 _identify(data/results/csv_dump/qp_step_0000) by extension 'ignore_ament_install'
[1.941s] colcon.colcon_core.package_identification Level 1 _identify(data/results/csv_dump/qp_step_0000) by extensions ['colcon_pkg']
[1.941s] colcon.colcon_core.package_identification Level 1 _identify(data/results/csv_dump/qp_step_0000) by extension 'colcon_pkg'
[1.941s] colcon.colcon_core.package_identification Level 1 _identify(data/results/csv_dump/qp_step_0000) by extensions ['colcon_meta']
[1.941s] colcon.colcon_core.package_identification Level 1 _identify(data/results/csv_dump/qp_step_0000) by extension 'colcon_meta'
[1.942s] colcon.colcon_core.package_identification Level 1 _identify(data/results/csv_dump/qp_step_0000) by extensions ['ros']
[1.942s] colcon.colcon_core.package_identification Level 1 _identify(data/results/csv_dump/qp_step_0000) by extension 'ros'
[1.943s] colcon.colcon_core.package_identification Level 1 _identify(data/results/csv_dump/qp_step_0000) by extensions ['cmake', 'python']
[1.944s] colcon.colcon_core.package_identification Level 1 _identify(data/results/csv_dump/qp_step_0000) by extension 'cmake'
[1.944s] colcon.colcon_core.package_identification Level 1 _identify(data/results/csv_dump/qp_step_0000) by extension 'python'
[1.944s] colcon.colcon_core.package_identification Level 1 _identify(data/results/csv_dump/qp_step_0000) by extensions ['python_setup_py']
[1.944s] colcon.colcon_core.package_identification Level 1 _identify(data/results/csv_dump/qp_step_0000) by extension 'python_setup_py'
[1.945s] colcon.colcon_core.package_identification Level 1 _identify(data/results/csv_dump/qp_step_0001) by extensions ['ignore', 'ignore_ament_install']
[1.945s] colcon.colcon_core.package_identification Level 1 _identify(data/results/csv_dump/qp_step_0001) by extension 'ignore'
[1.945s] colcon.colcon_core.package_identification Level 1 _identify(data/results/csv_dump/qp_step_0001) by extension 'ignore_ament_install'
[1.945s] colcon.colcon_core.package_identification Level 1 _identify(data/results/csv_dump/qp_step_0001) by extensions ['colcon_pkg']
[1.946s] colcon.colcon_core.package_identification Level 1 _identify(data/results/csv_dump/qp_step_0001) by extension 'colcon_pkg'
[1.946s] colcon.colcon_core.package_identification Level 1 _identify(data/results/csv_dump/qp_step_0001) by extensions ['colcon_meta']
[1.946s] colcon.colcon_core.package_identification Level 1 _identify(data/results/csv_dump/qp_step_0001) by extension 'colcon_meta'
[1.946s] colcon.colcon_core.package_identification Level 1 _identify(data/results/csv_dump/qp_step_0001) by extensions ['ros']
[1.946s] colcon.colcon_core.package_identification Level 1 _identify(data/results/csv_dump/qp_step_0001) by extension 'ros'
[1.947s] colcon.colcon_core.package_identification Level 1 _identify(data/results/csv_dump/qp_step_0001) by extensions ['cmake', 'python']
[1.948s] colcon.colcon_core.package_identification Level 1 _identify(data/results/csv_dump/qp_step_0001) by extension 'cmake'
[1.948s] colcon.colcon_core.package_identification Level 1 _identify(data/results/csv_dump/qp_step_0001) by extension 'python'
[1.948s] colcon.colcon_core.package_identification Level 1 _identify(data/results/csv_dump/qp_step_0001) by extensions ['python_setup_py']
[1.948s] colcon.colcon_core.package_identification Level 1 _identify(data/results/csv_dump/qp_step_0001) by extension 'python_setup_py'
[1.948s] colcon.colcon_core.package_identification Level 1 _identify(data/results/csv_dump/qp_step_0002) by extensions ['ignore', 'ignore_ament_install']
[1.949s] colcon.colcon_core.package_identification Level 1 _identify(data/results/csv_dump/qp_step_0002) by extension 'ignore'
[1.949s] colcon.colcon_core.package_identification Level 1 _identify(data/results/csv_dump/qp_step_0002) by extension 'ignore_ament_install'
[1.949s] colcon.colcon_core.package_identification Level 1 _identify(data/results/csv_dump/qp_step_0002) by extensions ['colcon_pkg']
[1.949s] colcon.colcon_core.package_identification Level 1 _identify(data/results/csv_dump/qp_step_0002) by extension 'colcon_pkg'
[1.949s] colcon.colcon_core.package_identification Level 1 _identify(data/results/csv_dump/qp_step_0002) by extensions ['colcon_meta']
[1.949s] colcon.colcon_core.package_identification Level 1 _identify(data/results/csv_dump/qp_step_0002) by extension 'colcon_meta'
[1.949s] colcon.colcon_core.package_identification Level 1 _identify(data/results/csv_dump/qp_step_0002) by extensions ['ros']
[1.949s] colcon.colcon_core.package_identification Level 1 _identify(data/results/csv_dump/qp_step_0002) by extension 'ros'
[1.950s] colcon.colcon_core.package_identification Level 1 _identify(data/results/csv_dump/qp_step_0002) by extensions ['cmake', 'python']
[1.950s] colcon.colcon_core.package_identification Level 1 _identify(data/results/csv_dump/qp_step_0002) by extension 'cmake'
[1.950s] colcon.colcon_core.package_identification Level 1 _identify(data/results/csv_dump/qp_step_0002) by extension 'python'
[1.950s] colcon.colcon_core.package_identification Level 1 _identify(data/results/csv_dump/qp_step_0002) by extensions ['python_setup_py']
[1.950s] colcon.colcon_core.package_identification Level 1 _identify(data/results/csv_dump/qp_step_0002) by extension 'python_setup_py'
[1.950s] colcon.colcon_core.package_identification Level 1 _identify(data/test_export) by extensions ['ignore', 'ignore_ament_install']
[1.950s] colcon.colcon_core.package_identification Level 1 _identify(data/test_export) by extension 'ignore'
[1.951s] colcon.colcon_core.package_identification Level 1 _identify(data/test_export) by extension 'ignore_ament_install'
[1.951s] colcon.colcon_core.package_identification Level 1 _identify(data/test_export) by extensions ['colcon_pkg']
[1.951s] colcon.colcon_core.package_identification Level 1 _identify(data/test_export) by extension 'colcon_pkg'
[1.952s] colcon.colcon_core.package_identification Level 1 _identify(data/test_export) by extensions ['colcon_meta']
[1.952s] colcon.colcon_core.package_identification Level 1 _identify(data/test_export) by extension 'colcon_meta'
[1.952s] colcon.colcon_core.package_identification Level 1 _identify(data/test_export) by extensions ['ros']
[1.952s] colcon.colcon_core.package_identification Level 1 _identify(data/test_export) by extension 'ros'
[1.952s] colcon.colcon_core.package_identification Level 1 _identify(data/test_export) by extensions ['cmake', 'python']
[1.952s] colcon.colcon_core.package_identification Level 1 _identify(data/test_export) by extension 'cmake'
[1.952s] colcon.colcon_core.package_identification Level 1 _identify(data/test_export) by extension 'python'
[1.952s] colcon.colcon_core.package_identification Level 1 _identify(data/test_export) by extensions ['python_setup_py']
[1.952s] colcon.colcon_core.package_identification Level 1 _identify(data/test_export) by extension 'python_setup_py'
[1.953s] colcon.colcon_core.package_identification Level 1 _identify(docs) by extensions ['ignore', 'ignore_ament_install']
[1.953s] colcon.colcon_core.package_identification Level 1 _identify(docs) by extension 'ignore'
[1.953s] colcon.colcon_core.package_identification Level 1 _identify(docs) by extension 'ignore_ament_install'
[1.953s] colcon.colcon_core.package_identification Level 1 _identify(docs) by extensions ['colcon_pkg']
[1.953s] colcon.colcon_core.package_identification Level 1 _identify(docs) by extension 'colcon_pkg'
[1.953s] colcon.colcon_core.package_identification Level 1 _identify(docs) by extensions ['colcon_meta']
[1.954s] colcon.colcon_core.package_identification Level 1 _identify(docs) by extension 'colcon_meta'
[1.954s] colcon.colcon_core.package_identification Level 1 _identify(docs) by extensions ['ros']
[1.954s] colcon.colcon_core.package_identification Level 1 _identify(docs) by extension 'ros'
[1.954s] colcon.colcon_core.package_identification Level 1 _identify(docs) by extensions ['cmake', 'python']
[1.954s] colcon.colcon_core.package_identification Level 1 _identify(docs) by extension 'cmake'
[1.954s] colcon.colcon_core.package_identification Level 1 _identify(docs) by extension 'python'
[1.954s] colcon.colcon_core.package_identification Level 1 _identify(docs) by extensions ['python_setup_py']
[1.954s] colcon.colcon_core.package_identification Level 1 _identify(docs) by extension 'python_setup_py'
[1.954s] colcon.colcon_core.package_identification Level 1 _identify(install) by extensions ['ignore', 'ignore_ament_install']
[1.954s] colcon.colcon_core.package_identification Level 1 _identify(install) by extension 'ignore'
[1.954s] colcon.colcon_core.package_identification Level 1 _identify(install) ignored
[1.955s] colcon.colcon_core.package_identification Level 1 _identify(log) by extensions ['ignore', 'ignore_ament_install']
[1.955s] colcon.colcon_core.package_identification Level 1 _identify(log) by extension 'ignore'
[1.955s] colcon.colcon_core.package_identification Level 1 _identify(log) ignored
[1.955s] colcon.colcon_core.package_identification Level 1 _identify(results) by extensions ['ignore', 'ignore_ament_install']
[1.955s] colcon.colcon_core.package_identification Level 1 _identify(results) by extension 'ignore'
[1.955s] colcon.colcon_core.package_identification Level 1 _identify(results) by extension 'ignore_ament_install'
[1.955s] colcon.colcon_core.package_identification Level 1 _identify(results) by extensions ['colcon_pkg']
[1.955s] colcon.colcon_core.package_identification Level 1 _identify(results) by extension 'colcon_pkg'
[1.955s] colcon.colcon_core.package_identification Level 1 _identify(results) by extensions ['colcon_meta']
[1.955s] colcon.colcon_core.package_identification Level 1 _identify(results) by extension 'colcon_meta'
[1.955s] colcon.colcon_core.package_identification Level 1 _identify(results) by extensions ['ros']
[1.955s] colcon.colcon_core.package_identification Level 1 _identify(results) by extension 'ros'
[1.956s] colcon.colcon_core.package_identification Level 1 _identify(results) by extensions ['cmake', 'python']
[1.956s] colcon.colcon_core.package_identification Level 1 _identify(results) by extension 'cmake'
[1.956s] colcon.colcon_core.package_identification Level 1 _identify(results) by extension 'python'
[1.956s] colcon.colcon_core.package_identification Level 1 _identify(results) by extensions ['python_setup_py']
[1.956s] colcon.colcon_core.package_identification Level 1 _identify(results) by extension 'python_setup_py'
[1.956s] colcon.colcon_core.package_identification Level 1 _identify(results/test_plots) by extensions ['ignore', 'ignore_ament_install']
[1.956s] colcon.colcon_core.package_identification Level 1 _identify(results/test_plots) by extension 'ignore'
[1.956s] colcon.colcon_core.package_identification Level 1 _identify(results/test_plots) by extension 'ignore_ament_install'
[1.956s] colcon.colcon_core.package_identification Level 1 _identify(results/test_plots) by extensions ['colcon_pkg']
[1.956s] colcon.colcon_core.package_identification Level 1 _identify(results/test_plots) by extension 'colcon_pkg'
[1.956s] colcon.colcon_core.package_identification Level 1 _identify(results/test_plots) by extensions ['colcon_meta']
[1.956s] colcon.colcon_core.package_identification Level 1 _identify(results/test_plots) by extension 'colcon_meta'
[1.956s] colcon.colcon_core.package_identification Level 1 _identify(results/test_plots) by extensions ['ros']
[1.957s] colcon.colcon_core.package_identification Level 1 _identify(results/test_plots) by extension 'ros'
[1.957s] colcon.colcon_core.package_identification Level 1 _identify(results/test_plots) by extensions ['cmake', 'python']
[1.957s] colcon.colcon_core.package_identification Level 1 _identify(results/test_plots) by extension 'cmake'
[1.957s] colcon.colcon_core.package_identification Level 1 _identify(results/test_plots) by extension 'python'
[1.957s] colcon.colcon_core.package_identification Level 1 _identify(results/test_plots) by extensions ['python_setup_py']
[1.957s] colcon.colcon_core.package_identification Level 1 _identify(results/test_plots) by extension 'python_setup_py'
[1.957s] colcon.colcon_core.package_identification Level 1 _identify(scripts) by extensions ['ignore', 'ignore_ament_install']
[1.957s] colcon.colcon_core.package_identification Level 1 _identify(scripts) by extension 'ignore'
[1.957s] colcon.colcon_core.package_identification Level 1 _identify(scripts) by extension 'ignore_ament_install'
[1.957s] colcon.colcon_core.package_identification Level 1 _identify(scripts) by extensions ['colcon_pkg']
[1.957s] colcon.colcon_core.package_identification Level 1 _identify(scripts) by extension 'colcon_pkg'
[1.957s] colcon.colcon_core.package_identification Level 1 _identify(scripts) by extensions ['colcon_meta']
[1.957s] colcon.colcon_core.package_identification Level 1 _identify(scripts) by extension 'colcon_meta'
[1.958s] colcon.colcon_core.package_identification Level 1 _identify(scripts) by extensions ['ros']
[1.958s] colcon.colcon_core.package_identification Level 1 _identify(scripts) by extension 'ros'
[1.958s] colcon.colcon_core.package_identification Level 1 _identify(scripts) by extensions ['cmake', 'python']
[1.959s] colcon.colcon_core.package_identification Level 1 _identify(scripts) by extension 'cmake'
[1.959s] colcon.colcon_core.package_identification Level 1 _identify(scripts) by extension 'python'
[1.960s] colcon.colcon_core.package_identification Level 1 _identify(scripts) by extensions ['python_setup_py']
[1.960s] colcon.colcon_core.package_identification Level 1 _identify(scripts) by extension 'python_setup_py'
[1.961s] colcon.colcon_core.package_identification Level 1 _identify(src) by extensions ['ignore', 'ignore_ament_install']
[1.962s] colcon.colcon_core.package_identification Level 1 _identify(src) by extension 'ignore'
[1.962s] colcon.colcon_core.package_identification Level 1 _identify(src) by extension 'ignore_ament_install'
[1.962s] colcon.colcon_core.package_identification Level 1 _identify(src) by extensions ['colcon_pkg']
[1.963s] colcon.colcon_core.package_identification Level 1 _identify(src) by extension 'colcon_pkg'
[1.963s] colcon.colcon_core.package_identification Level 1 _identify(src) by extensions ['colcon_meta']
[1.963s] colcon.colcon_core.package_identification Level 1 _identify(src) by extension 'colcon_meta'
[1.963s] colcon.colcon_core.package_identification Level 1 _identify(src) by extensions ['ros']
[1.963s] colcon.colcon_core.package_identification Level 1 _identify(src) by extension 'ros'
[1.964s] colcon.colcon_core.package_identification Level 1 _identify(src) by extensions ['cmake', 'python']
[1.964s] colcon.colcon_core.package_identification Level 1 _identify(src) by extension 'cmake'
[1.964s] colcon.colcon_core.package_identification Level 1 _identify(src) by extension 'python'
[1.964s] colcon.colcon_core.package_identification Level 1 _identify(src) by extensions ['python_setup_py']
[1.964s] colcon.colcon_core.package_identification Level 1 _identify(src) by extension 'python_setup_py'
[1.965s] colcon.colcon_core.package_identification Level 1 _identify(src/__pycache__) by extensions ['ignore', 'ignore_ament_install']
[1.965s] colcon.colcon_core.package_identification Level 1 _identify(src/__pycache__) by extension 'ignore'
[1.965s] colcon.colcon_core.package_identification Level 1 _identify(src/__pycache__) by extension 'ignore_ament_install'
[1.965s] colcon.colcon_core.package_identification Level 1 _identify(src/__pycache__) by extensions ['colcon_pkg']
[1.965s] colcon.colcon_core.package_identification Level 1 _identify(src/__pycache__) by extension 'colcon_pkg'
[1.965s] colcon.colcon_core.package_identification Level 1 _identify(src/__pycache__) by extensions ['colcon_meta']
[1.965s] colcon.colcon_core.package_identification Level 1 _identify(src/__pycache__) by extension 'colcon_meta'
[1.966s] colcon.colcon_core.package_identification Level 1 _identify(src/__pycache__) by extensions ['ros']
[1.966s] colcon.colcon_core.package_identification Level 1 _identify(src/__pycache__) by extension 'ros'
[1.966s] colcon.colcon_core.package_identification Level 1 _identify(src/__pycache__) by extensions ['cmake', 'python']
[1.966s] colcon.colcon_core.package_identification Level 1 _identify(src/__pycache__) by extension 'cmake'
[1.966s] colcon.colcon_core.package_identification Level 1 _identify(src/__pycache__) by extension 'python'
[1.966s] colcon.colcon_core.package_identification Level 1 _identify(src/__pycache__) by extensions ['python_setup_py']
[1.966s] colcon.colcon_core.package_identification Level 1 _identify(src/__pycache__) by extension 'python_setup_py'
[1.966s] colcon.colcon_core.package_identification Level 1 _identify(src/dynamics) by extensions ['ignore', 'ignore_ament_install']
[1.966s] colcon.colcon_core.package_identification Level 1 _identify(src/dynamics) by extension 'ignore'
[1.967s] colcon.colcon_core.package_identification Level 1 _identify(src/dynamics) by extension 'ignore_ament_install'
[1.967s] colcon.colcon_core.package_identification Level 1 _identify(src/dynamics) by extensions ['colcon_pkg']
[1.967s] colcon.colcon_core.package_identification Level 1 _identify(src/dynamics) by extension 'colcon_pkg'
[1.968s] colcon.colcon_core.package_identification Level 1 _identify(src/dynamics) by extensions ['colcon_meta']
[1.968s] colcon.colcon_core.package_identification Level 1 _identify(src/dynamics) by extension 'colcon_meta'
[1.968s] colcon.colcon_core.package_identification Level 1 _identify(src/dynamics) by extensions ['ros']
[1.968s] colcon.colcon_core.package_identification Level 1 _identify(src/dynamics) by extension 'ros'
[1.968s] colcon.colcon_core.package_identification Level 1 _identify(src/dynamics) by extensions ['cmake', 'python']
[1.969s] colcon.colcon_core.package_identification Level 1 _identify(src/dynamics) by extension 'cmake'
[1.969s] colcon.colcon_core.package_identification Level 1 _identify(src/dynamics) by extension 'python'
[1.969s] colcon.colcon_core.package_identification Level 1 _identify(src/dynamics) by extensions ['python_setup_py']
[1.969s] colcon.colcon_core.package_identification Level 1 _identify(src/dynamics) by extension 'python_setup_py'
[1.969s] colcon.colcon_core.package_identification Level 1 _identify(src/dynamics/__pycache__) by extensions ['ignore', 'ignore_ament_install']
[1.970s] colcon.colcon_core.package_identification Level 1 _identify(src/dynamics/__pycache__) by extension 'ignore'
[1.970s] colcon.colcon_core.package_identification Level 1 _identify(src/dynamics/__pycache__) by extension 'ignore_ament_install'
[1.970s] colcon.colcon_core.package_identification Level 1 _identify(src/dynamics/__pycache__) by extensions ['colcon_pkg']
[1.970s] colcon.colcon_core.package_identification Level 1 _identify(src/dynamics/__pycache__) by extension 'colcon_pkg'
[1.970s] colcon.colcon_core.package_identification Level 1 _identify(src/dynamics/__pycache__) by extensions ['colcon_meta']
[1.970s] colcon.colcon_core.package_identification Level 1 _identify(src/dynamics/__pycache__) by extension 'colcon_meta'
[1.970s] colcon.colcon_core.package_identification Level 1 _identify(src/dynamics/__pycache__) by extensions ['ros']
[1.970s] colcon.colcon_core.package_identification Level 1 _identify(src/dynamics/__pycache__) by extension 'ros'
[1.971s] colcon.colcon_core.package_identification Level 1 _identify(src/dynamics/__pycache__) by extensions ['cmake', 'python']
[1.971s] colcon.colcon_core.package_identification Level 1 _identify(src/dynamics/__pycache__) by extension 'cmake'
[1.971s] colcon.colcon_core.package_identification Level 1 _identify(src/dynamics/__pycache__) by extension 'python'
[1.971s] colcon.colcon_core.package_identification Level 1 _identify(src/dynamics/__pycache__) by extensions ['python_setup_py']
[1.971s] colcon.colcon_core.package_identification Level 1 _identify(src/dynamics/__pycache__) by extension 'python_setup_py'
[1.971s] colcon.colcon_core.package_identification Level 1 _identify(src/mpc) by extensions ['ignore', 'ignore_ament_install']
[1.971s] colcon.colcon_core.package_identification Level 1 _identify(src/mpc) by extension 'ignore'
[1.971s] colcon.colcon_core.package_identification Level 1 _identify(src/mpc) by extension 'ignore_ament_install'
[1.971s] colcon.colcon_core.package_identification Level 1 _identify(src/mpc) by extensions ['colcon_pkg']
[1.971s] colcon.colcon_core.package_identification Level 1 _identify(src/mpc) by extension 'colcon_pkg'
[1.971s] colcon.colcon_core.package_identification Level 1 _identify(src/mpc) by extensions ['colcon_meta']
[1.971s] colcon.colcon_core.package_identification Level 1 _identify(src/mpc) by extension 'colcon_meta'
[1.972s] colcon.colcon_core.package_identification Level 1 _identify(src/mpc) by extensions ['ros']
[1.972s] colcon.colcon_core.package_identification Level 1 _identify(src/mpc) by extension 'ros'
[1.972s] colcon.colcon_core.package_identification Level 1 _identify(src/mpc) by extensions ['cmake', 'python']
[1.972s] colcon.colcon_core.package_identification Level 1 _identify(src/mpc) by extension 'cmake'
[1.972s] colcon.colcon_core.package_identification Level 1 _identify(src/mpc) by extension 'python'
[1.972s] colcon.colcon_core.package_identification Level 1 _identify(src/mpc) by extensions ['python_setup_py']
[1.972s] colcon.colcon_core.package_identification Level 1 _identify(src/mpc) by extension 'python_setup_py'
[1.972s] colcon.colcon_core.package_identification Level 1 _identify(src/mpc/__pycache__) by extensions ['ignore', 'ignore_ament_install']
[1.972s] colcon.colcon_core.package_identification Level 1 _identify(src/mpc/__pycache__) by extension 'ignore'
[1.972s] colcon.colcon_core.package_identification Level 1 _identify(src/mpc/__pycache__) by extension 'ignore_ament_install'
[1.973s] colcon.colcon_core.package_identification Level 1 _identify(src/mpc/__pycache__) by extensions ['colcon_pkg']
[1.973s] colcon.colcon_core.package_identification Level 1 _identify(src/mpc/__pycache__) by extension 'colcon_pkg'
[1.973s] colcon.colcon_core.package_identification Level 1 _identify(src/mpc/__pycache__) by extensions ['colcon_meta']
[1.973s] colcon.colcon_core.package_identification Level 1 _identify(src/mpc/__pycache__) by extension 'colcon_meta'
[1.973s] colcon.colcon_core.package_identification Level 1 _identify(src/mpc/__pycache__) by extensions ['ros']
[1.973s] colcon.colcon_core.package_identification Level 1 _identify(src/mpc/__pycache__) by extension 'ros'
[1.973s] colcon.colcon_core.package_identification Level 1 _identify(src/mpc/__pycache__) by extensions ['cmake', 'python']
[1.973s] colcon.colcon_core.package_identification Level 1 _identify(src/mpc/__pycache__) by extension 'cmake'
[1.973s] colcon.colcon_core.package_identification Level 1 _identify(src/mpc/__pycache__) by extension 'python'
[1.973s] colcon.colcon_core.package_identification Level 1 _identify(src/mpc/__pycache__) by extensions ['python_setup_py']
[1.973s] colcon.colcon_core.package_identification Level 1 _identify(src/mpc/__pycache__) by extension 'python_setup_py'
[1.973s] colcon.colcon_core.package_identification Level 1 _identify(src/ros2_arm_viz) by extensions ['ignore', 'ignore_ament_install']
[1.974s] colcon.colcon_core.package_identification Level 1 _identify(src/ros2_arm_viz) by extension 'ignore'
[1.974s] colcon.colcon_core.package_identification Level 1 _identify(src/ros2_arm_viz) by extension 'ignore_ament_install'
[1.974s] colcon.colcon_core.package_identification Level 1 _identify(src/ros2_arm_viz) by extensions ['colcon_pkg']
[1.974s] colcon.colcon_core.package_identification Level 1 _identify(src/ros2_arm_viz) by extension 'colcon_pkg'
[1.974s] colcon.colcon_core.package_identification Level 1 _identify(src/ros2_arm_viz) by extensions ['colcon_meta']
[1.974s] colcon.colcon_core.package_identification Level 1 _identify(src/ros2_arm_viz) by extension 'colcon_meta'
[1.974s] colcon.colcon_core.package_identification Level 1 _identify(src/ros2_arm_viz) by extensions ['ros']
[1.974s] colcon.colcon_core.package_identification Level 1 _identify(src/ros2_arm_viz) by extension 'ros'
[1.991s] colcon.colcon_core.package_identification DEBUG Package 'src/ros2_arm_viz' with type 'ros.ament_python' and name 'ros2_arm_viz'
[1.991s] colcon.colcon_core.package_identification Level 1 _identify(src/solver) by extensions ['ignore', 'ignore_ament_install']
[1.991s] colcon.colcon_core.package_identification Level 1 _identify(src/solver) by extension 'ignore'
[1.992s] colcon.colcon_core.package_identification Level 1 _identify(src/solver) by extension 'ignore_ament_install'
[1.992s] colcon.colcon_core.package_identification Level 1 _identify(src/solver) by extensions ['colcon_pkg']
[1.992s] colcon.colcon_core.package_identification Level 1 _identify(src/solver) by extension 'colcon_pkg'
[1.992s] colcon.colcon_core.package_identification Level 1 _identify(src/solver) by extensions ['colcon_meta']
[1.993s] colcon.colcon_core.package_identification Level 1 _identify(src/solver) by extension 'colcon_meta'
[1.994s] colcon.colcon_core.package_identification Level 1 _identify(src/solver) by extensions ['ros']
[1.994s] colcon.colcon_core.package_identification Level 1 _identify(src/solver) by extension 'ros'
[1.994s] colcon.colcon_core.package_identification Level 1 _identify(src/solver) by extensions ['cmake', 'python']
[1.994s] colcon.colcon_core.package_identification Level 1 _identify(src/solver) by extension 'cmake'
[1.994s] colcon.colcon_core.package_identification Level 1 _identify(src/solver) by extension 'python'
[1.995s] colcon.colcon_core.package_identification Level 1 _identify(src/solver) by extensions ['python_setup_py']
[1.995s] colcon.colcon_core.package_identification Level 1 _identify(src/solver) by extension 'python_setup_py'
[1.995s] colcon.colcon_core.package_identification Level 1 _identify(src/solver/__pycache__) by extensions ['ignore', 'ignore_ament_install']
[1.995s] colcon.colcon_core.package_identification Level 1 _identify(src/solver/__pycache__) by extension 'ignore'
[1.995s] colcon.colcon_core.package_identification Level 1 _identify(src/solver/__pycache__) by extension 'ignore_ament_install'
[1.996s] colcon.colcon_core.package_identification Level 1 _identify(src/solver/__pycache__) by extensions ['colcon_pkg']
[1.996s] colcon.colcon_core.package_identification Level 1 _identify(src/solver/__pycache__) by extension 'colcon_pkg'
[1.996s] colcon.colcon_core.package_identification Level 1 _identify(src/solver/__pycache__) by extensions ['colcon_meta']
[1.996s] colcon.colcon_core.package_identification Level 1 _identify(src/solver/__pycache__) by extension 'colcon_meta'
[1.996s] colcon.colcon_core.package_identification Level 1 _identify(src/solver/__pycache__) by extensions ['ros']
[1.996s] colcon.colcon_core.package_identification Level 1 _identify(src/solver/__pycache__) by extension 'ros'
[1.996s] colcon.colcon_core.package_identification Level 1 _identify(src/solver/__pycache__) by extensions ['cmake', 'python']
[1.996s] colcon.colcon_core.package_identification Level 1 _identify(src/solver/__pycache__) by extension 'cmake'
[1.997s] colcon.colcon_core.package_identification Level 1 _identify(src/solver/__pycache__) by extension 'python'
[1.997s] colcon.colcon_core.package_identification Level 1 _identify(src/solver/__pycache__) by extensions ['python_setup_py']
[1.997s] colcon.colcon_core.package_identification Level 1 _identify(src/solver/__pycache__) by extension 'python_setup_py'
[1.997s] colcon.colcon_core.package_identification Level 1 _identify(src/utils) by extensions ['ignore', 'ignore_ament_install']
[1.997s] colcon.colcon_core.package_identification Level 1 _identify(src/utils) by extension 'ignore'
[1.997s] colcon.colcon_core.package_identification Level 1 _identify(src/utils) by extension 'ignore_ament_install'
[1.997s] colcon.colcon_core.package_identification Level 1 _identify(src/utils) by extensions ['colcon_pkg']
[1.997s] colcon.colcon_core.package_identification Level 1 _identify(src/utils) by extension 'colcon_pkg'
[1.997s] colcon.colcon_core.package_identification Level 1 _identify(src/utils) by extensions ['colcon_meta']
[1.997s] colcon.colcon_core.package_identification Level 1 _identify(src/utils) by extension 'colcon_meta'
[1.997s] colcon.colcon_core.package_identification Level 1 _identify(src/utils) by extensions ['ros']
[1.997s] colcon.colcon_core.package_identification Level 1 _identify(src/utils) by extension 'ros'
[1.998s] colcon.colcon_core.package_identification Level 1 _identify(src/utils) by extensions ['cmake', 'python']
[1.998s] colcon.colcon_core.package_identification Level 1 _identify(src/utils) by extension 'cmake'
[1.998s] colcon.colcon_core.package_identification Level 1 _identify(src/utils) by extension 'python'
[1.998s] colcon.colcon_core.package_identification Level 1 _identify(src/utils) by extensions ['python_setup_py']
[1.998s] colcon.colcon_core.package_identification Level 1 _identify(src/utils) by extension 'python_setup_py'
[1.998s] colcon.colcon_core.package_identification Level 1 _identify(src/utils/__pycache__) by extensions ['ignore', 'ignore_ament_install']
[1.998s] colcon.colcon_core.package_identification Level 1 _identify(src/utils/__pycache__) by extension 'ignore'
[1.998s] colcon.colcon_core.package_identification Level 1 _identify(src/utils/__pycache__) by extension 'ignore_ament_install'
[1.998s] colcon.colcon_core.package_identification Level 1 _identify(src/utils/__pycache__) by extensions ['colcon_pkg']
[1.998s] colcon.colcon_core.package_identification Level 1 _identify(src/utils/__pycache__) by extension 'colcon_pkg'
[1.998s] colcon.colcon_core.package_identification Level 1 _identify(src/utils/__pycache__) by extensions ['colcon_meta']
[1.998s] colcon.colcon_core.package_identification Level 1 _identify(src/utils/__pycache__) by extension 'colcon_meta'
[1.999s] colcon.colcon_core.package_identification Level 1 _identify(src/utils/__pycache__) by extensions ['ros']
[1.999s] colcon.colcon_core.package_identification Level 1 _identify(src/utils/__pycache__) by extension 'ros'
[1.999s] colcon.colcon_core.package_identification Level 1 _identify(src/utils/__pycache__) by extensions ['cmake', 'python']
[1.999s] colcon.colcon_core.package_identification Level 1 _identify(src/utils/__pycache__) by extension 'cmake'
[1.999s] colcon.colcon_core.package_identification Level 1 _identify(src/utils/__pycache__) by extension 'python'
[1.999s] colcon.colcon_core.package_identification Level 1 _identify(src/utils/__pycache__) by extensions ['python_setup_py']
[1.999s] colcon.colcon_core.package_identification Level 1 _identify(src/utils/__pycache__) by extension 'python_setup_py'
[1.999s] colcon.colcon_core.package_identification Level 1 _identify(tests) by extensions ['ignore', 'ignore_ament_install']
[2.000s] colcon.colcon_core.package_identification Level 1 _identify(tests) by extension 'ignore'
[2.000s] colcon.colcon_core.package_identification Level 1 _identify(tests) by extension 'ignore_ament_install'
[2.000s] colcon.colcon_core.package_identification Level 1 _identify(tests) by extensions ['colcon_pkg']
[2.000s] colcon.colcon_core.package_identification Level 1 _identify(tests) by extension 'colcon_pkg'
[2.000s] colcon.colcon_core.package_identification Level 1 _identify(tests) by extensions ['colcon_meta']
[2.000s] colcon.colcon_core.package_identification Level 1 _identify(tests) by extension 'colcon_meta'
[2.000s] colcon.colcon_core.package_identification Level 1 _identify(tests) by extensions ['ros']
[2.000s] colcon.colcon_core.package_identification Level 1 _identify(tests) by extension 'ros'
[2.002s] colcon.colcon_core.package_identification Level 1 _identify(tests) by extensions ['cmake', 'python']
[2.002s] colcon.colcon_core.package_identification Level 1 _identify(tests) by extension 'cmake'
[2.002s] colcon.colcon_core.package_identification Level 1 _identify(tests) by extension 'python'
[2.002s] colcon.colcon_core.package_identification Level 1 _identify(tests) by extensions ['python_setup_py']
[2.002s] colcon.colcon_core.package_identification Level 1 _identify(tests) by extension 'python_setup_py'
[2.003s] colcon.colcon_core.package_identification Level 1 _identify(web_app) by extensions ['ignore', 'ignore_ament_install']
[2.003s] colcon.colcon_core.package_identification Level 1 _identify(web_app) by extension 'ignore'
[2.003s] colcon.colcon_core.package_identification Level 1 _identify(web_app) by extension 'ignore_ament_install'
[2.003s] colcon.colcon_core.package_identification Level 1 _identify(web_app) by extensions ['colcon_pkg']
[2.003s] colcon.colcon_core.package_identification Level 1 _identify(web_app) by extension 'colcon_pkg'
[2.003s] colcon.colcon_core.package_identification Level 1 _identify(web_app) by extensions ['colcon_meta']
[2.004s] colcon.colcon_core.package_identification Level 1 _identify(web_app) by extension 'colcon_meta'
[2.004s] colcon.colcon_core.package_identification Level 1 _identify(web_app) by extensions ['ros']
[2.004s] colcon.colcon_core.package_identification Level 1 _identify(web_app) by extension 'ros'
[2.004s] colcon.colcon_core.package_identification Level 1 _identify(web_app) by extensions ['cmake', 'python']
[2.004s] colcon.colcon_core.package_identification Level 1 _identify(web_app) by extension 'cmake'
[2.005s] colcon.colcon_core.package_identification Level 1 _identify(web_app) by extension 'python'
[2.005s] colcon.colcon_core.package_identification Level 1 _identify(web_app) by extensions ['python_setup_py']
[2.005s] colcon.colcon_core.package_identification Level 1 _identify(web_app) by extension 'python_setup_py'
[2.005s] colcon.colcon_core.package_identification Level 1 _identify(web_app/static) by extensions ['ignore', 'ignore_ament_install']
[2.006s] colcon.colcon_core.package_identification Level 1 _identify(web_app/static) by extension 'ignore'
[2.006s] colcon.colcon_core.package_identification Level 1 _identify(web_app/static) by extension 'ignore_ament_install'
[2.006s] colcon.colcon_core.package_identification Level 1 _identify(web_app/static) by extensions ['colcon_pkg']
[2.006s] colcon.colcon_core.package_identification Level 1 _identify(web_app/static) by extension 'colcon_pkg'
[2.006s] colcon.colcon_core.package_identification Level 1 _identify(web_app/static) by extensions ['colcon_meta']
[2.006s] colcon.colcon_core.package_identification Level 1 _identify(web_app/static) by extension 'colcon_meta'
[2.006s] colcon.colcon_core.package_identification Level 1 _identify(web_app/static) by extensions ['ros']
[2.006s] colcon.colcon_core.package_identification Level 1 _identify(web_app/static) by extension 'ros'
[2.006s] colcon.colcon_core.package_identification Level 1 _identify(web_app/static) by extensions ['cmake', 'python']
[2.006s] colcon.colcon_core.package_identification Level 1 _identify(web_app/static) by extension 'cmake'
[2.006s] colcon.colcon_core.package_identification Level 1 _identify(web_app/static) by extension 'python'
[2.006s] colcon.colcon_core.package_identification Level 1 _identify(web_app/static) by extensions ['python_setup_py']
[2.007s] colcon.colcon_core.package_identification Level 1 _identify(web_app/static) by extension 'python_setup_py'
[2.007s] colcon.colcon_core.package_identification Level 1 _identify(web_app_screenshots) by extensions ['ignore', 'ignore_ament_install']
[2.007s] colcon.colcon_core.package_identification Level 1 _identify(web_app_screenshots) by extension 'ignore'
[2.007s] colcon.colcon_core.package_identification Level 1 _identify(web_app_screenshots) by extension 'ignore_ament_install'
[2.007s] colcon.colcon_core.package_identification Level 1 _identify(web_app_screenshots) by extensions ['colcon_pkg']
[2.007s] colcon.colcon_core.package_identification Level 1 _identify(web_app_screenshots) by extension 'colcon_pkg'
[2.007s] colcon.colcon_core.package_identification Level 1 _identify(web_app_screenshots) by extensions ['colcon_meta']
[2.007s] colcon.colcon_core.package_identification Level 1 _identify(web_app_screenshots) by extension 'colcon_meta'
[2.007s] colcon.colcon_core.package_identification Level 1 _identify(web_app_screenshots) by extensions ['ros']
[2.007s] colcon.colcon_core.package_identification Level 1 _identify(web_app_screenshots) by extension 'ros'
[2.007s] colcon.colcon_core.package_identification Level 1 _identify(web_app_screenshots) by extensions ['cmake', 'python']
[2.007s] colcon.colcon_core.package_identification Level 1 _identify(web_app_screenshots) by extension 'cmake'
[2.007s] colcon.colcon_core.package_identification Level 1 _identify(web_app_screenshots) by extension 'python'
[2.008s] colcon.colcon_core.package_identification Level 1 _identify(web_app_screenshots) by extensions ['python_setup_py']
[2.008s] colcon.colcon_core.package_identification Level 1 _identify(web_app_screenshots) by extension 'python_setup_py'
[2.008s] colcon.colcon_core.package_discovery Level 1 discover_packages(recursive) using defaults
[2.009s] colcon.colcon_core.package_discovery Level 1 discover_packages(ignore) discover
[2.009s] colcon.colcon_core.package_discovery Level 1 discover_packages(ignore) using defaults
[2.009s] colcon.colcon_core.package_discovery Level 1 discover_packages(path) discover
[2.009s] colcon.colcon_core.package_discovery Level 1 discover_packages(path) using defaults
[2.140s] colcon.colcon_core.verb Level 5 set package 'ros2_arm_viz' build argument 'cmake_args' from command line to 'None'
[2.140s] colcon.colcon_core.verb Level 5 set package 'ros2_arm_viz' build argument 'cmake_target' from command line to 'None'
[2.140s] colcon.colcon_core.verb Level 5 set package 'ros2_arm_viz' build argument 'cmake_target_skip_unavailable' from command line to 'False'
[2.140s] colcon.colcon_core.verb Level 5 set package 'ros2_arm_viz' build argument 'cmake_clean_cache' from command line to 'False'
[2.142s] colcon.colcon_core.verb Level 5 set package 'ros2_arm_viz' build argument 'cmake_clean_first' from command line to 'False'
[2.142s] colcon.colcon_core.verb Level 5 set package 'ros2_arm_viz' build argument 'cmake_force_configure' from command line to 'False'
[2.143s] colcon.colcon_core.verb Level 5 set package 'ros2_arm_viz' build argument 'ament_cmake_args' from command line to 'None'
[2.143s] colcon.colcon_core.verb Level 5 set package 'ros2_arm_viz' build argument 'catkin_cmake_args' from command line to 'None'
[2.147s] colcon.colcon_core.verb Level 5 set package 'ros2_arm_viz' build argument 'catkin_skip_building_tests' from command line to 'False'
[2.147s] colcon.colcon_core.verb DEBUG Building package 'ros2_arm_viz' with the following arguments: {'ament_cmake_args': None, 'build_base': "/Users/alvin/Documents/Alvin/College/Academics/Master's Thesis/Code/Neuromorphic-Robot-Control/build/ros2_arm_viz", 'catkin_cmake_args': None, 'catkin_skip_building_tests': False, 'cmake_args': None, 'cmake_clean_cache': False, 'cmake_clean_first': False, 'cmake_force_configure': False, 'cmake_target': None, 'cmake_target_skip_unavailable': False, 'install_base': "/Users/alvin/Documents/Alvin/College/Academics/Master's Thesis/Code/Neuromorphic-Robot-Control/install/ros2_arm_viz", 'merge_install': False, 'path': "/Users/alvin/Documents/Alvin/College/Academics/Master's Thesis/Code/Neuromorphic-Robot-Control/src/ros2_arm_viz", 'symlink_install': False, 'test_result_base': None}
[2.148s] colcon.colcon_core.executor INFO Executing jobs using 'parallel' executor
[2.154s] colcon.colcon_parallel_executor.executor.parallel DEBUG run_until_complete
[2.155s] colcon.colcon_ros.task.ament_python.build INFO Building ROS package in '/Users/alvin/Documents/Alvin/College/Academics/Master's Thesis/Code/Neuromorphic-Robot-Control/src/ros2_arm_viz' with build type 'ament_python'
[2.155s] colcon.colcon_core.shell Level 1 create_environment_hook('ros2_arm_viz', 'ament_prefix_path')
[2.187s] colcon.colcon_core.plugin_system INFO Skipping extension 'colcon_core.shell.bat': Not used on non-Windows systems
[2.187s] colcon.colcon_core.shell INFO Creating environment hook '/Users/alvin/Documents/Alvin/College/Academics/Master's Thesis/Code/Neuromorphic-Robot-Control/install/ros2_arm_viz/share/ros2_arm_viz/hook/ament_prefix_path.ps1'
[2.190s] colcon.colcon_core.shell INFO Creating environment descriptor '/Users/alvin/Documents/Alvin/College/Academics/Master's Thesis/Code/Neuromorphic-Robot-Control/install/ros2_arm_viz/share/ros2_arm_viz/hook/ament_prefix_path.dsv'
[2.198s] colcon.colcon_core.shell INFO Creating environment hook '/Users/alvin/Documents/Alvin/College/Academics/Master's Thesis/Code/Neuromorphic-Robot-Control/install/ros2_arm_viz/share/ros2_arm_viz/hook/ament_prefix_path.sh'
[2.204s] colcon.colcon_core.shell INFO Skip shell extension 'powershell' for command environment: Not usable outside of PowerShell
[2.204s] colcon.colcon_core.shell DEBUG Skip shell extension 'dsv' for command environment
[4.118s] colcon.colcon_core.task.python.build INFO Building Python package in '/Users/alvin/Documents/Alvin/College/Academics/Master's Thesis/Code/Neuromorphic-Robot-Control/src/ros2_arm_viz'
[4.119s] colcon.colcon_core.shell INFO Skip shell extension 'powershell' for command environment: Not usable outside of PowerShell
[4.119s] colcon.colcon_core.shell DEBUG Skip shell extension 'dsv' for command environment
[6.298s] colcon.colcon_core.event_handler.log_command DEBUG Invoking command in '/Users/alvin/Documents/Alvin/College/Academics/Master's Thesis/Code/Neuromorphic-Robot-Control/src/ros2_arm_viz': PYTHONPATH=/Users/alvin/Documents/Alvin/College/Academics/Master's Thesis/Code/Neuromorphic-Robot-Control/build/ros2_arm_viz/prefix_override:/Users/alvin/y/envs/ros_env/lib/python3.11/site-packages/colcon_core/task/python/colcon_distutils_commands:/Users/alvin/Documents/Alvin/College/Academics/Master's Thesis/Code/Neuromorphic-Robot-Control/install/ros2_arm_viz/lib/python3.11/site-packages:${PYTHONPATH} SHLVL=3 _=/usr/bin/env /Users/alvin/y/envs/ros_env/bin/python3.11 -W ignore:setup.py install is deprecated -W ignore:easy_install command is deprecated setup.py egg_info --egg-base ../../build/ros2_arm_viz build --build-base /Users/alvin/Documents/Alvin/College/Academics/Master's Thesis/Code/Neuromorphic-Robot-Control/build/ros2_arm_viz/build install --record /Users/alvin/Documents/Alvin/College/Academics/Master's Thesis/Code/Neuromorphic-Robot-Control/build/ros2_arm_viz/install.log --single-version-externally-managed install_data
[8.224s] colcon.colcon_core.event_handler.log_command DEBUG Invoked command in '/Users/alvin/Documents/Alvin/College/Academics/Master's Thesis/Code/Neuromorphic-Robot-Control/src/ros2_arm_viz' returned '0': PYTHONPATH=/Users/alvin/Documents/Alvin/College/Academics/Master's Thesis/Code/Neuromorphic-Robot-Control/build/ros2_arm_viz/prefix_override:/Users/alvin/y/envs/ros_env/lib/python3.11/site-packages/colcon_core/task/python/colcon_distutils_commands:/Users/alvin/Documents/Alvin/College/Academics/Master's Thesis/Code/Neuromorphic-Robot-Control/install/ros2_arm_viz/lib/python3.11/site-packages:${PYTHONPATH} SHLVL=3 _=/usr/bin/env /Users/alvin/y/envs/ros_env/bin/python3.11 -W ignore:setup.py install is deprecated -W ignore:easy_install command is deprecated setup.py egg_info --egg-base ../../build/ros2_arm_viz build --build-base /Users/alvin/Documents/Alvin/College/Academics/Master's Thesis/Code/Neuromorphic-Robot-Control/build/ros2_arm_viz/build install --record /Users/alvin/Documents/Alvin/College/Academics/Master's Thesis/Code/Neuromorphic-Robot-Control/build/ros2_arm_viz/install.log --single-version-externally-managed install_data
[8.251s] colcon.colcon_core.environment Level 1 checking '/Users/alvin/Documents/Alvin/College/Academics/Master's Thesis/Code/Neuromorphic-Robot-Control/install/ros2_arm_viz' for CMake module files
[8.255s] colcon.colcon_core.environment Level 1 checking '/Users/alvin/Documents/Alvin/College/Academics/Master's Thesis/Code/Neuromorphic-Robot-Control/install/ros2_arm_viz' for CMake config files
[8.256s] colcon.colcon_core.environment Level 1 checking '/Users/alvin/Documents/Alvin/College/Academics/Master's Thesis/Code/Neuromorphic-Robot-Control/install/ros2_arm_viz/lib'
[8.257s] colcon.colcon_core.environment Level 1 checking '/Users/alvin/Documents/Alvin/College/Academics/Master's Thesis/Code/Neuromorphic-Robot-Control/install/ros2_arm_viz/bin'
[8.257s] colcon.colcon_core.environment Level 1 checking '/Users/alvin/Documents/Alvin/College/Academics/Master's Thesis/Code/Neuromorphic-Robot-Control/install/ros2_arm_viz/lib/pkgconfig/ros2_arm_viz.pc'
[8.257s] colcon.colcon_core.environment Level 1 checking '/Users/alvin/Documents/Alvin/College/Academics/Master's Thesis/Code/Neuromorphic-Robot-Control/install/ros2_arm_viz/lib/python3.11/site-packages'
[8.257s] colcon.colcon_core.shell Level 1 create_environment_hook('ros2_arm_viz', 'pythonpath')
[8.258s] colcon.colcon_core.shell INFO Creating environment hook '/Users/alvin/Documents/Alvin/College/Academics/Master's Thesis/Code/Neuromorphic-Robot-Control/install/ros2_arm_viz/share/ros2_arm_viz/hook/pythonpath.ps1'
[8.262s] colcon.colcon_core.shell INFO Creating environment descriptor '/Users/alvin/Documents/Alvin/College/Academics/Master's Thesis/Code/Neuromorphic-Robot-Control/install/ros2_arm_viz/share/ros2_arm_viz/hook/pythonpath.dsv'
[8.266s] colcon.colcon_core.shell INFO Creating environment hook '/Users/alvin/Documents/Alvin/College/Academics/Master's Thesis/Code/Neuromorphic-Robot-Control/install/ros2_arm_viz/share/ros2_arm_viz/hook/pythonpath.sh'
[8.270s] colcon.colcon_core.environment Level 1 checking '/Users/alvin/Documents/Alvin/College/Academics/Master's Thesis/Code/Neuromorphic-Robot-Control/install/ros2_arm_viz/bin'
[8.270s] colcon.colcon_core.environment Level 1 create_environment_scripts_only(ros2_arm_viz)
[8.271s] colcon.colcon_core.shell INFO Creating package script '/Users/alvin/Documents/Alvin/College/Academics/Master's Thesis/Code/Neuromorphic-Robot-Control/install/ros2_arm_viz/share/ros2_arm_viz/package.ps1'
[8.277s] colcon.colcon_core.shell INFO Creating package descriptor '/Users/alvin/Documents/Alvin/College/Academics/Master's Thesis/Code/Neuromorphic-Robot-Control/install/ros2_arm_viz/share/ros2_arm_viz/package.dsv'
[8.279s] colcon.colcon_core.shell INFO Creating package script '/Users/alvin/Documents/Alvin/College/Academics/Master's Thesis/Code/Neuromorphic-Robot-Control/install/ros2_arm_viz/share/ros2_arm_viz/package.sh'
[8.282s] colcon.colcon_core.shell INFO Creating package script '/Users/alvin/Documents/Alvin/College/Academics/Master's Thesis/Code/Neuromorphic-Robot-Control/install/ros2_arm_viz/share/ros2_arm_viz/package.bash'
[8.285s] colcon.colcon_core.shell INFO Creating package script '/Users/alvin/Documents/Alvin/College/Academics/Master's Thesis/Code/Neuromorphic-Robot-Control/install/ros2_arm_viz/share/ros2_arm_viz/package.zsh'
[8.288s] colcon.colcon_core.environment Level 1 create_file_with_runtime_dependencies(/Users/alvin/Documents/Alvin/College/Academics/Master's Thesis/Code/Neuromorphic-Robot-Control/install/ros2_arm_viz/share/colcon-core/packages/ros2_arm_viz)
[8.290s] colcon.colcon_parallel_executor.executor.parallel DEBUG closing loop
[8.290s] colcon.colcon_parallel_executor.executor.parallel DEBUG loop closed
[8.291s] colcon.colcon_parallel_executor.executor.parallel DEBUG run_until_complete finished with '0'
[8.293s] colcon.colcon_core.event_reactor DEBUG joining thread
[8.295s] colcon.colcon_core.event_reactor DEBUG joined thread
[8.296s] colcon.colcon_core.shell INFO Creating prefix script '/Users/alvin/Documents/Alvin/College/Academics/Master's Thesis/Code/Neuromorphic-Robot-Control/install/local_setup.ps1'
[8.298s] colcon.colcon_core.shell INFO Creating prefix util module '/Users/alvin/Documents/Alvin/College/Academics/Master's Thesis/Code/Neuromorphic-Robot-Control/install/_local_setup_util_ps1.py'
[8.302s] colcon.colcon_core.shell INFO Creating prefix chain script '/Users/alvin/Documents/Alvin/College/Academics/Master's Thesis/Code/Neuromorphic-Robot-Control/install/setup.ps1'
[8.307s] colcon.colcon_core.shell INFO Creating prefix script '/Users/alvin/Documents/Alvin/College/Academics/Master's Thesis/Code/Neuromorphic-Robot-Control/install/local_setup.sh'
[8.311s] colcon.colcon_core.shell INFO Creating prefix util module '/Users/alvin/Documents/Alvin/College/Academics/Master's Thesis/Code/Neuromorphic-Robot-Control/install/_local_setup_util_sh.py'
[8.313s] colcon.colcon_core.shell INFO Creating prefix chain script '/Users/alvin/Documents/Alvin/College/Academics/Master's Thesis/Code/Neuromorphic-Robot-Control/install/setup.sh'
[8.315s] colcon.colcon_core.shell INFO Creating prefix script '/Users/alvin/Documents/Alvin/College/Academics/Master's Thesis/Code/Neuromorphic-Robot-Control/install/local_setup.bash'
[8.318s] colcon.colcon_core.shell INFO Creating prefix chain script '/Users/alvin/Documents/Alvin/College/Academics/Master's Thesis/Code/Neuromorphic-Robot-Control/install/setup.bash'
[8.322s] colcon.colcon_core.shell INFO Creating prefix script '/Users/alvin/Documents/Alvin/College/Academics/Master's Thesis/Code/Neuromorphic-Robot-Control/install/local_setup.zsh'
[8.325s] colcon.colcon_core.shell INFO Creating prefix chain script '/Users/alvin/Documents/Alvin/College/Academics/Master's Thesis/Code/Neuromorphic-Robot-Control/install/setup.zsh'
