[0.000000] (-) TimerEvent: {}
[0.002196] (ros2_arm_viz) JobQueued: {'identifier': 'ros2_arm_viz', 'dependencies': OrderedDict()}
[0.004923] (ros2_arm_viz) JobStarted: {'identifier': 'ros2_arm_viz'}
[0.106438] (-) TimerEvent: {}
[0.208312] (-) TimerEvent: {}
[0.331580] (-) TimerEvent: {}
[0.432269] (-) TimerEvent: {}
[0.534513] (-) TimerEvent: {}
[0.636924] (-) TimerEvent: {}
[0.737248] (-) TimerEvent: {}
[0.838098] (-) TimerEvent: {}
[0.938430] (-) TimerEvent: {}
[1.038627] (-) TimerEvent: {}
[1.142726] (-) TimerEvent: {}
[1.243924] (-) TimerEvent: {}
[1.347322] (-) TimerEvent: {}
[1.451923] (-) TimerEvent: {}
[1.554404] (-) TimerEvent: {}
[1.660965] (-) TimerEvent: {}
[1.765045] (-) TimerEvent: {}
[1.868172] (-) TimerEvent: {}
[1.973158] (-) TimerEvent: {}
[2.073453] (-) TimerEvent: {}
[2.174470] (-) TimerEvent: {}
[2.277075] (-) TimerEvent: {}
[2.378452] (-) TimerEvent: {}
[2.478924] (-) TimerEvent: {}
[2.582137] (-) TimerEvent: {}
[2.684898] (-) TimerEvent: {}
[2.785167] (-) TimerEvent: {}
[2.889266] (-) TimerEvent: {}
[2.992864] (-) TimerEvent: {}
[3.097395] (-) TimerEvent: {}
[3.201592] (-) TimerEvent: {}
[3.302815] (-) TimerEvent: {}
[3.404887] (-) TimerEvent: {}
[3.485860] (ros2_arm_viz) Command: {'cmd': ['/Users/alvin/y/envs/ros_env/bin/python3.11', '-W', 'ignore:setup.py install is deprecated', '-W', 'ignore:easy_install command is deprecated', 'setup.py', 'egg_info', '--egg-base', '../../build/ros2_arm_viz', 'build', '--build-base', "/Users/alvin/Documents/Alvin/College/Academics/Master's Thesis/Code/Neuromorphic-Robot-Control/build/ros2_arm_viz/build", 'install', '--record', "/Users/alvin/Documents/Alvin/College/Academics/Master's Thesis/Code/Neuromorphic-Robot-Control/build/ros2_arm_viz/install.log", '--single-version-externally-managed', 'install_data'], 'cwd': "/Users/alvin/Documents/Alvin/College/Academics/Master's Thesis/Code/Neuromorphic-Robot-Control/src/ros2_arm_viz", 'env': {'_ZO_DOCTOR': '0', 'VSCODE_CRASH_REPORTER_PROCESS_TYPE': 'extensionHost', 'SHELL': '/bin/zsh', 'TERM': 'dumb', 'VSCODE_PROCESS_TITLE': 'extension-host (agent-exec) [3-18]', 'NEUROMORPHIC_ARM_PROJECT_ROOT': "/Users/alvin/Documents/Alvin/College/Academics/Master's Thesis/Code/Neuromorphic-Robot-Control", 'TMPDIR': '/var/folders/tb/skn1f_1957v8kj6tkdl4dsp80000gn/T/', 'CONDA_SHLVL': '0', 'CURSOR_TRACE_ID': 'd7b977746b004392a88b89ec2f616972', 'MallocNanoZone': '0', 'ROS_PYTHON_VERSION': '3', 'NO_COLOR': '1', 'ROS_VERSION': '2', 'COLCON_PREFIX_PATH': "/Users/alvin/Documents/Alvin/College/Academics/Master's Thesis/Code/Neuromorphic-Robot-Control/install", 'AMENT_PREFIX_PATH': "/Users/alvin/Documents/Alvin/College/Academics/Master's Thesis/Code/Neuromorphic-Robot-Control/install/ros2_arm_viz:/Users/alvin/y/envs/ros_env", 'PNPM_HOME': '/Users/alvin/Library/pnpm', 'USER': 'alvin', 'COMMAND_MODE': 'unix2003', 'SSH_AUTH_SOCK': '/private/tmp/com.apple.launchd.DnEUgPaxZp/Listeners', '__CF_USER_TEXT_ENCODING': '0x1F5:0:2', 'MAMBA_EXE': '/Users/alvin/.local/bin/micromamba', 'PATH': '/Users/alvin/y/envs/ros_env/bin:/Users/alvin/y/envs/ros_env/bin:/Users/alvin/y/envs/ros_env/bin:/Users/alvin/y/envs/ros_env/bin:/Users/alvin/y/envs/ros_env/bin:/Users/alvin/y/envs/ros_env/bin:/Users/alvin/y/envs/ros_env/bin:/Users/alvin/y/envs/ros_env/bin:/Users/alvin/y/envs/ros_env/bin:/Users/alvin/y/condabin:/Users/alvin/.antigravity/antigravity/bin:/Users/alvin/.codeium/windsurf/bin:/Library/Frameworks/Python.framework/Versions/3.13/bin:/usr/local/bin:/usr/bin:/bin:/usr/sbin:/sbin:/Library/TeX/texbin:/Users/alvin/.antigravity/antigravity/bin:/Users/alvin/.codeium/windsurf/bin:/Users/alvin/Library/pnpm:/Library/Frameworks/Python.framework/Versions/3.13/bin', '__CFBundleIdentifier': 'com.todesktop.230313mzl4w4u92', 'CONDA_PREFIX': '/Users/alvin/y/envs/ros_env', 'PWD': "/Users/alvin/Documents/Alvin/College/Academics/Master's Thesis/Code/Neuromorphic-Robot-Control/build/ros2_arm_viz", 'COLCON': '1', 'VSCODE_HANDLES_UNCAUGHT_ERRORS': 'true', 'MAMBA_ROOT_PREFIX': '/Users/alvin/y', 'VSCODE_ESM_ENTRYPOINT': 'vs/workbench/api/node/extensionHostProcess', 'CURSOR_AGENT': '1', 'XPC_FLAGS': '0x0', 'CURSOR_EXTENSION_HOST_ROLE': 'agent-exec', 'FORCE_COLOR': '0', 'XPC_SERVICE_NAME': '0', 'HOME': '/Users/alvin', 'SHLVL': '3', 'ROS_DISTRO': 'humble', 'VSCODE_NLS_CONFIG': '{"userLocale":"en-gb","osLocale":"en-gb","resolvedLanguage":"en","defaultMessagesFile":"/Applications/Cursor.app/Contents/Resources/app/out/nls.messages.json","locale":"en-gb","availableLanguages":{}}', 'CI': '1', 'LOGNAME': 'alvin', 'PYTHONPATH': "/Users/alvin/Documents/Alvin/College/Academics/Master's Thesis/Code/Neuromorphic-Robot-Control/build/ros2_arm_viz/prefix_override:/Users/alvin/y/envs/ros_env/lib/python3.11/site-packages/colcon_core/task/python/colcon_distutils_commands:/Users/alvin/Documents/Alvin/College/Academics/Master's Thesis/Code/Neuromorphic-Robot-Control/install/ros2_arm_viz/lib/python3.11/site-packages:/Users/alvin/Documents/Alvin/College/Academics/Master's Thesis/Code/Neuromorphic-Robot-Control/install/ros2_arm_viz/lib/python3.11/site-packages:/Users/alvin/y/envs/ros_env/lib/python311/site-packages:/Users/alvin/y/envs/ros_env/lib/python3.11/site-packages", 'LC_CTYPE': 'UTF-8', 'VSCODE_CODE_CACHE_PATH': '/Users/alvin/Library/Application Support/Cursor/CachedData/7d96c2a03bb088ad367615e9da1a3fe20fbbc6a0', 'VSCODE_IPC_HOOK': '/Users/alvin/Library/Application Support/Cursor/2.5.-main.sock', 'VSCODE_PID': '32668', 'ROS_LOCALHOST_ONLY': '0', 'VSCODE_CWD': '/', '_': '/usr/bin/env'}, 'shell': False}
[3.505746] (-) TimerEvent: {}
[3.608246] (-) TimerEvent: {}
[3.713077] (-) TimerEvent: {}
[3.818681] (-) TimerEvent: {}
[3.922471] (-) TimerEvent: {}
[4.026610] (-) TimerEvent: {}
[4.129081] (-) TimerEvent: {}
[4.229637] (-) TimerEvent: {}
[4.362632] (-) TimerEvent: {}
[4.466629] (-) TimerEvent: {}
[4.567976] (-) TimerEvent: {}
[4.668368] (-) TimerEvent: {}
[4.768840] (-) TimerEvent: {}
[4.871528] (-) TimerEvent: {}
[4.974524] (-) TimerEvent: {}
[5.076499] (-) TimerEvent: {}
[5.179117] (-) TimerEvent: {}
[5.281346] (-) TimerEvent: {}
[5.382081] (-) TimerEvent: {}
[5.482427] (-) TimerEvent: {}
[5.585094] (-) TimerEvent: {}
[5.685718] (-) TimerEvent: {}
[5.788593] (-) TimerEvent: {}
[5.889179] (-) TimerEvent: {}
[5.992610] (-) TimerEvent: {}
[6.095443] (-) TimerEvent: {}
[6.200171] (-) TimerEvent: {}
[6.305195] (-) TimerEvent: {}
[6.406257] (-) TimerEvent: {}
[6.507573] (-) TimerEvent: {}
[6.614014] (-) TimerEvent: {}
[6.718494] (-) TimerEvent: {}
[6.822069] (-) TimerEvent: {}
[6.922416] (-) TimerEvent: {}
[7.022857] (-) TimerEvent: {}
[7.123221] (-) TimerEvent: {}
[7.228920] (-) TimerEvent: {}
[7.332101] (-) TimerEvent: {}
[7.432950] (-) TimerEvent: {}
[7.529448] (ros2_arm_viz) StdoutLine: {'line': b'running egg_info\n'}
[7.533751] (-) TimerEvent: {}
[7.635356] (-) TimerEvent: {}
[7.735947] (-) TimerEvent: {}
[7.837016] (-) TimerEvent: {}
[7.944149] (-) TimerEvent: {}
[8.044795] (-) TimerEvent: {}
[8.131633] (ros2_arm_viz) StdoutLine: {'line': b'writing ../../build/ros2_arm_viz/ros2_arm_viz.egg-info/PKG-INFO\n'}
[8.145763] (-) TimerEvent: {}
[8.166688] (ros2_arm_viz) StdoutLine: {'line': b'writing dependency_links to ../../build/ros2_arm_viz/ros2_arm_viz.egg-info/dependency_links.txt\n'}
[8.167583] (ros2_arm_viz) StdoutLine: {'line': b'writing entry points to ../../build/ros2_arm_viz/ros2_arm_viz.egg-info/entry_points.txt\n'}
[8.169349] (ros2_arm_viz) StdoutLine: {'line': b'writing requirements to ../../build/ros2_arm_viz/ros2_arm_viz.egg-info/requires.txt\n'}
[8.172925] (ros2_arm_viz) StdoutLine: {'line': b'writing top-level names to ../../build/ros2_arm_viz/ros2_arm_viz.egg-info/top_level.txt\n'}
[8.246148] (-) TimerEvent: {}
[8.350067] (-) TimerEvent: {}
[8.451721] (-) TimerEvent: {}
[8.553727] (-) TimerEvent: {}
[8.607497] (ros2_arm_viz) StdoutLine: {'line': b"reading manifest file '../../build/ros2_arm_viz/ros2_arm_viz.egg-info/SOURCES.txt'\n"}
[8.613215] (ros2_arm_viz) StdoutLine: {'line': b"writing manifest file '../../build/ros2_arm_viz/ros2_arm_viz.egg-info/SOURCES.txt'\n"}
[8.619445] (ros2_arm_viz) StdoutLine: {'line': b'running build\n'}
[8.619909] (ros2_arm_viz) StdoutLine: {'line': b'running build_py\n'}
[8.621265] (ros2_arm_viz) StdoutLine: {'line': b"copying ros2_arm_viz/__init__.py -> /Users/alvin/Documents/Alvin/College/Academics/Master's Thesis/Code/Neuromorphic-Robot-Control/build/ros2_arm_viz/build/lib/ros2_arm_viz\n"}
[8.623810] (ros2_arm_viz) StdoutLine: {'line': b"copying ros2_arm_viz/joint_state_mpc_node.py -> /Users/alvin/Documents/Alvin/College/Academics/Master's Thesis/Code/Neuromorphic-Robot-Control/build/ros2_arm_viz/build/lib/ros2_arm_viz\n"}
[8.625543] (ros2_arm_viz) StdoutLine: {'line': b"copying ros2_arm_viz/robot_description_publisher_node.py -> /Users/alvin/Documents/Alvin/College/Academics/Master's Thesis/Code/Neuromorphic-Robot-Control/build/ros2_arm_viz/build/lib/ros2_arm_viz\n"}
[8.631451] (ros2_arm_viz) StdoutLine: {'line': b'running install\n'}
[8.654082] (-) TimerEvent: {}
[8.666310] (ros2_arm_viz) StdoutLine: {'line': b'running install_lib\n'}
[8.751429] (ros2_arm_viz) StdoutLine: {'line': b'running install_data\n'}
[8.752577] (ros2_arm_viz) StdoutLine: {'line': b"copying resource/ros2_arm_viz -> /Users/alvin/Documents/Alvin/College/Academics/Master's Thesis/Code/Neuromorphic-Robot-Control/install/ros2_arm_viz/share/ament_index/resource_index/packages\n"}
[8.755969] (-) TimerEvent: {}
[8.758637] (ros2_arm_viz) StdoutLine: {'line': b"copying package.xml -> /Users/alvin/Documents/Alvin/College/Academics/Master's Thesis/Code/Neuromorphic-Robot-Control/install/ros2_arm_viz/share/ros2_arm_viz\n"}
[8.759976] (ros2_arm_viz) StdoutLine: {'line': b"copying urdf/planar_arm_2dof.urdf -> /Users/alvin/Documents/Alvin/College/Academics/Master's Thesis/Code/Neuromorphic-Robot-Control/install/ros2_arm_viz/share/ros2_arm_viz/urdf\n"}
[8.762872] (ros2_arm_viz) StdoutLine: {'line': b"copying launch/display_arm_mpc.launch.py -> /Users/alvin/Documents/Alvin/College/Academics/Master's Thesis/Code/Neuromorphic-Robot-Control/install/ros2_arm_viz/share/ros2_arm_viz/launch\n"}
[8.765499] (ros2_arm_viz) StdoutLine: {'line': b"copying rviz/planar_arm.rviz -> /Users/alvin/Documents/Alvin/College/Academics/Master's Thesis/Code/Neuromorphic-Robot-Control/install/ros2_arm_viz/share/ros2_arm_viz/rviz\n"}
[8.767579] (ros2_arm_viz) StdoutLine: {'line': b'running install_egg_info\n'}
[8.856176] (-) TimerEvent: {}
[8.895187] (ros2_arm_viz) StdoutLine: {'line': b"removing '/Users/alvin/Documents/Alvin/College/Academics/Master's Thesis/Code/Neuromorphic-Robot-Control/install/ros2_arm_viz/lib/python3.11/site-packages/ros2_arm_viz-0.1.0-py3.11.egg-info' (and everything under it)\n"}
[8.904029] (ros2_arm_viz) StdoutLine: {'line': b"Copying ../../build/ros2_arm_viz/ros2_arm_viz.egg-info to /Users/alvin/Documents/Alvin/College/Academics/Master's Thesis/Code/Neuromorphic-Robot-Control/install/ros2_arm_viz/lib/python3.11/site-packages/ros2_arm_viz-0.1.0-py3.11.egg-info\n"}
[8.932923] (ros2_arm_viz) StdoutLine: {'line': b'running install_scripts\n'}
[8.956329] (-) TimerEvent: {}
[9.060856] (-) TimerEvent: {}
[9.166585] (-) TimerEvent: {}
[9.266919] (-) TimerEvent: {}
[9.371291] (-) TimerEvent: {}
[9.433183] (ros2_arm_viz) StdoutLine: {'line': b"Installing joint_state_mpc_node script to /Users/alvin/Documents/Alvin/College/Academics/Master's Thesis/Code/Neuromorphic-Robot-Control/install/ros2_arm_viz/lib/ros2_arm_viz\n"}
[9.435561] (ros2_arm_viz) StdoutLine: {'line': b"Installing robot_description_publisher_node script to /Users/alvin/Documents/Alvin/College/Academics/Master's Thesis/Code/Neuromorphic-Robot-Control/install/ros2_arm_viz/lib/ros2_arm_viz\n"}
[9.442122] (ros2_arm_viz) StdoutLine: {'line': b"writing list of installed files to '/Users/alvin/Documents/Alvin/College/Academics/Master's Thesis/Code/Neuromorphic-Robot-Control/build/ros2_arm_viz/install.log'\n"}
[9.472477] (-) TimerEvent: {}
[9.565970] (ros2_arm_viz) CommandEnded: {'returncode': 0}
[9.573116] (-) TimerEvent: {}
[9.647253] (ros2_arm_viz) JobEnded: {'identifier': 'ros2_arm_viz', 'rc': 0}
[9.649510] (-) EventReactorShutdown: {}
