[1.474s] colcon DEBUG Command line arguments: ['/Users/alvin/y/envs/ros_env/bin/colcon', 'build', '--packages-select', 'ros2_arm_viz']
[1.476s] colcon DEBUG Parsed command line arguments: Namespace(log_base=None, log_level=None, verb_name='build', build_base='build', install_base='install', merge_install=False, symlink_install=False, test_result_base=None, continue_on_error=False, executor='parallel', parallel_workers=4, event_handlers=None, ignore_user_meta=False, metas=['./colcon.meta'], base_paths=['.'], packages_ignore=None, packages_ignore_regex=None, paths=None, packages_up_to=None, packages_up_to_regex=None, packages_above=None, packages_above_and_dependencies=None, packages_above_depth=None, packages_select_by_dep=None, packages_skip_by_dep=None, packages_skip_up_to=None, packages_select_build_failed=False, packages_skip_build_finished=False, packages_select_test_failures=False, packages_skip_test_passed=False, packages_select=['ros2_arm_viz'], packages_skip=None, packages_select_regex=None, packages_skip_regex=None, packages_start=None, packages_end=None, cmake_args=None, cmake_target=None, cmake_target_skip_unavailable=False, cmake_clean_cache=False, cmake_clean_first=False, cmake_force_configure=False, ament_cmake_args=None, catkin_cmake_args=None, catkin_skip_building_tests=False, mixin_files=None, mixin=None, verb_parser=<colcon_mixin.mixin.mixin_argument.MixinArgumentDecorator object at 0x1053e45d0>, verb_extension=<colcon_core.verb.build.BuildVerb object at 0x1053e4250>, main=<bound method BuildVerb.main of <colcon_core.verb.build.BuildVerb object at 0x1053e4250>>, mixin_verb=('build',))
[2.071s] colcon.colcon_core.package_discovery Level 1 discover_packages(colcon_meta) check parameters
[2.072s] colcon.colcon_core.package_discovery Level 1 discover_packages(recursive) check parameters
[2.072s] colcon.colcon_core.package_discovery Level 1 discover_packages(ignore) check parameters
[2.073s] colcon.colcon_core.package_discovery Level 1 discover_packages(path) check parameters
[2.073s] colcon.colcon_core.package_discovery Level 1 discover_packages(colcon_meta) discover
[2.073s] colcon.colcon_core.package_discovery Level 1 discover_packages(recursive) discover
[2.073s] colcon.colcon_core.package_discovery INFO Crawling recursively for packages in '/Users/alvin/Documents/Alvin/College/Academics/Master's Thesis/Code/Neuromorphic-Robot-Control'
[2.074s] colcon.colcon_core.package_identification Level 1 _identify(.) by extensions ['ignore', 'ignore_ament_install']
[2.074s] colcon.colcon_core.package_identification Level 1 _identify(.) by extension 'ignore'
[2.075s] colcon.colcon_core.package_identification Level 1 _identify(.) by extension 'ignore_ament_install'
[2.075s] colcon.colcon_core.package_identification Level 1 _identify(.) by extensions ['colcon_pkg']
[2.076s] colcon.colcon_core.package_identification Level 1 _identify(.) by extension 'colcon_pkg'
[2.076s] colcon.colcon_core.package_identification Level 1 _identify(.) by extensions ['colcon_meta']
[2.076s] colcon.colcon_core.package_identification Level 1 _identify(.) by extension 'colcon_meta'
[2.077s] colcon.colcon_core.package_identification Level 1 _identify(.) by extensions ['ros']
[2.079s] colcon.colcon_core.package_identification Level 1 _identify(.) by extension 'ros'
[2.361s] colcon.colcon_core.package_identification Level 1 _identify(.) by extensions ['cmake', 'python']
[2.362s] colcon.colcon_core.package_identification Level 1 _identify(.) by extension 'cmake'
[2.362s] colcon.colcon_core.package_identification Level 1 _identify(.) by extension 'python'
[2.362s] colcon.colcon_core.package_identification Level 1 _identify(.) by extensions ['python_setup_py']
[2.363s] colcon.colcon_core.package_identification Level 1 _identify(.) by extension 'python_setup_py'
[2.363s] colcon.colcon_core.package_identification Level 1 _identify(build) by extensions ['ignore', 'ignore_ament_install']
[2.364s] colcon.colcon_core.package_identification Level 1 _identify(build) by extension 'ignore'
[2.364s] colcon.colcon_core.package_identification Level 1 _identify(build) ignored
[2.364s] colcon.colcon_core.package_identification Level 1 _identify(data) by extensions ['ignore', 'ignore_ament_install']
[2.365s] colcon.colcon_core.package_identification Level 1 _identify(data) by extension 'ignore'
[2.365s] colcon.colcon_core.package_identification Level 1 _identify(data) by extension 'ignore_ament_install'
[2.365s] colcon.colcon_core.package_identification Level 1 _identify(data) by extensions ['colcon_pkg']
[2.365s] colcon.colcon_core.package_identification Level 1 _identify(data) by extension 'colcon_pkg'
[2.366s] colcon.colcon_core.package_identification Level 1 _identify(data) by extensions ['colcon_meta']
[2.366s] colcon.colcon_core.package_identification Level 1 _identify(data) by extension 'colcon_meta'
[2.366s] colcon.colcon_core.package_identification Level 1 _identify(data) by extensions ['ros']
[2.368s] colcon.colcon_core.package_identification Level 1 _identify(data) by extension 'ros'
[2.368s] colcon.colcon_core.package_identification Level 1 _identify(data) by extensions ['cmake', 'python']
[2.368s] colcon.colcon_core.package_identification Level 1 _identify(data) by extension 'cmake'
[2.368s] colcon.colcon_core.package_identification Level 1 _identify(data) by extension 'python'
[2.369s] colcon.colcon_core.package_identification Level 1 _identify(data) by extensions ['python_setup_py']
[2.369s] colcon.colcon_core.package_identification Level 1 _identify(data) by extension 'python_setup_py'
[2.370s] colcon.colcon_core.package_identification Level 1 _identify(data/dataset_001) by extensions ['ignore', 'ignore_ament_install']
[2.370s] colcon.colcon_core.package_identification Level 1 _identify(data/dataset_001) by extension 'ignore'
[2.370s] colcon.colcon_core.package_identification Level 1 _identify(data/dataset_001) by extension 'ignore_ament_install'
[2.370s] colcon.colcon_core.package_identification Level 1 _identify(data/dataset_001) by extensions ['colcon_pkg']
[2.370s] colcon.colcon_core.package_identification Level 1 _identify(data/dataset_001) by extension 'colcon_pkg'
[2.370s] colcon.colcon_core.package_identification Level 1 _identify(data/dataset_001) by extensions ['colcon_meta']
[2.371s] colcon.colcon_core.package_identification Level 1 _identify(data/dataset_001) by extension 'colcon_meta'
[2.371s] colcon.colcon_core.package_identification Level 1 _identify(data/dataset_001) by extensions ['ros']
[2.371s] colcon.colcon_core.package_identification Level 1 _identify(data/dataset_001) by extension 'ros'
[2.371s] colcon.colcon_core.package_identification Level 1 _identify(data/dataset_001) by extensions ['cmake', 'python']
[2.371s] colcon.colcon_core.package_identification Level 1 _identify(data/dataset_001) by extension 'cmake'
[2.371s] colcon.colcon_core.package_identification Level 1 _identify(data/dataset_001) by extension 'python'
[2.371s] colcon.colcon_core.package_identification Level 1 _identify(data/dataset_001) by extensions ['python_setup_py']
[2.372s] colcon.colcon_core.package_identification Level 1 _identify(data/dataset_001) by extension 'python_setup_py'
[2.372s] colcon.colcon_core.package_identification Level 1 _identify(data/results) by extensions ['ignore', 'ignore_ament_install']
[2.372s] colcon.colcon_core.package_identification Level 1 _identify(data/results) by extension 'ignore'
[2.372s] colcon.colcon_core.package_identification Level 1 _identify(data/results) by extension 'ignore_ament_install'
[2.372s] colcon.colcon_core.package_identification Level 1 _identify(data/results) by extensions ['colcon_pkg']
[2.372s] colcon.colcon_core.package_identification Level 1 _identify(data/results) by extension 'colcon_pkg'
[2.372s] colcon.colcon_core.package_identification Level 1 _identify(data/results) by extensions ['colcon_meta']
[2.372s] colcon.colcon_core.package_identification Level 1 _identify(data/results) by extension 'colcon_meta'
[2.372s] colcon.colcon_core.package_identification Level 1 _identify(data/results) by extensions ['ros']
[2.372s] colcon.colcon_core.package_identification Level 1 _identify(data/results) by extension 'ros'
[2.372s] colcon.colcon_core.package_identification Level 1 _identify(data/results) by extensions ['cmake', 'python']
[2.373s] colcon.colcon_core.package_identification Level 1 _identify(data/results) by extension 'cmake'
[2.373s] colcon.colcon_core.package_identification Level 1 _identify(data/results) by extension 'python'
[2.373s] colcon.colcon_core.package_identification Level 1 _identify(data/results) by extensions ['python_setup_py']
[2.373s] colcon.colcon_core.package_identification Level 1 _identify(data/results) by extension 'python_setup_py'
[2.373s] colcon.colcon_core.package_identification Level 1 _identify(data/results/csv_dump) by extensions ['ignore', 'ignore_ament_install']
[2.373s] colcon.colcon_core.package_identification Level 1 _identify(data/results/csv_dump) by extension 'ignore'
[2.373s] colcon.colcon_core.package_identification Level 1 _identify(data/results/csv_dump) by extension 'ignore_ament_install'
[2.373s] colcon.colcon_core.package_identification Level 1 _identify(data/results/csv_dump) by extensions ['colcon_pkg']
[2.373s] colcon.colcon_core.package_identification Level 1 _identify(data/results/csv_dump) by extension 'colcon_pkg'
[2.373s] colcon.colcon_core.package_identification Level 1 _identify(data/results/csv_dump) by extensions ['colcon_meta']
[2.373s] colcon.colcon_core.package_identification Level 1 _identify(data/results/csv_dump) by extension 'colcon_meta'
[2.373s] colcon.colcon_core.package_identification Level 1 _identify(data/results/csv_dump) by extensions ['ros']
[2.373s] colcon.colcon_core.package_identification Level 1 _identify(data/results/csv_dump) by extension 'ros'
[2.373s] colcon.colcon_core.package_identification Level 1 _identify(data/results/csv_dump) by extensions ['cmake', 'python']
[2.374s] colcon.colcon_core.package_identification Level 1 _identify(data/results/csv_dump) by extension 'cmake'
[2.374s] colcon.colcon_core.package_identification Level 1 _identify(data/results/csv_dump) by extension 'python'
[2.374s] colcon.colcon_core.package_identification Level 1 _identify(data/results/csv_dump) by extensions ['python_setup_py']
[2.374s] colcon.colcon_core.package_identification Level 1 _identify(data/results/csv_dump) by extension 'python_setup_py'
[2.374s] colcon.colcon_core.package_identification Level 1 _identify(data/results/csv_dump/qp_step_0000) by extensions ['ignore', 'ignore_ament_install']
[2.374s] colcon.colcon_core.package_identification Level 1 _identify(data/results/csv_dump/qp_step_0000) by extension 'ignore'
[2.374s] colcon.colcon_core.package_identification Level 1 _identify(data/results/csv_dump/qp_step_0000) by extension 'ignore_ament_install'
[2.374s] colcon.colcon_core.package_identification Level 1 _identify(data/results/csv_dump/qp_step_0000) by extensions ['colcon_pkg']
[2.374s] colcon.colcon_core.package_identification Level 1 _identify(data/results/csv_dump/qp_step_0000) by extension 'colcon_pkg'
[2.374s] colcon.colcon_core.package_identification Level 1 _identify(data/results/csv_dump/qp_step_0000) by extensions ['colcon_meta']
[2.374s] colcon.colcon_core.package_identification Level 1 _identify(data/results/csv_dump/qp_step_0000) by extension 'colcon_meta'
[2.376s] colcon.colcon_core.package_identification Level 1 _identify(data/results/csv_dump/qp_step_0000) by extensions ['ros']
[2.377s] colcon.colcon_core.package_identification Level 1 _identify(data/results/csv_dump/qp_step_0000) by extension 'ros'
[2.378s] colcon.colcon_core.package_identification Level 1 _identify(data/results/csv_dump/qp_step_0000) by extensions ['cmake', 'python']
[2.378s] colcon.colcon_core.package_identification Level 1 _identify(data/results/csv_dump/qp_step_0000) by extension 'cmake'
[2.378s] colcon.colcon_core.package_identification Level 1 _identify(data/results/csv_dump/qp_step_0000) by extension 'python'
[2.378s] colcon.colcon_core.package_identification Level 1 _identify(data/results/csv_dump/qp_step_0000) by extensions ['python_setup_py']
[2.378s] colcon.colcon_core.package_identification Level 1 _identify(data/results/csv_dump/qp_step_0000) by extension 'python_setup_py'
[2.379s] colcon.colcon_core.package_identification Level 1 _identify(data/results/csv_dump/qp_step_0001) by extensions ['ignore', 'ignore_ament_install']
[2.379s] colcon.colcon_core.package_identification Level 1 _identify(data/results/csv_dump/qp_step_0001) by extension 'ignore'
[2.379s] colcon.colcon_core.package_identification Level 1 _identify(data/results/csv_dump/qp_step_0001) by extension 'ignore_ament_install'
[2.379s] colcon.colcon_core.package_identification Level 1 _identify(data/results/csv_dump/qp_step_0001) by extensions ['colcon_pkg']
[2.379s] colcon.colcon_core.package_identification Level 1 _identify(data/results/csv_dump/qp_step_0001) by extension 'colcon_pkg'
[2.379s] colcon.colcon_core.package_identification Level 1 _identify(data/results/csv_dump/qp_step_0001) by extensions ['colcon_meta']
[2.379s] colcon.colcon_core.package_identification Level 1 _identify(data/results/csv_dump/qp_step_0001) by extension 'colcon_meta'
[2.379s] colcon.colcon_core.package_identification Level 1 _identify(data/results/csv_dump/qp_step_0001) by extensions ['ros']
[2.379s] colcon.colcon_core.package_identification Level 1 _identify(data/results/csv_dump/qp_step_0001) by extension 'ros'
[2.379s] colcon.colcon_core.package_identification Level 1 _identify(data/results/csv_dump/qp_step_0001) by extensions ['cmake', 'python']
[2.379s] colcon.colcon_core.package_identification Level 1 _identify(data/results/csv_dump/qp_step_0001) by extension 'cmake'
[2.379s] colcon.colcon_core.package_identification Level 1 _identify(data/results/csv_dump/qp_step_0001) by extension 'python'
[2.379s] colcon.colcon_core.package_identification Level 1 _identify(data/results/csv_dump/qp_step_0001) by extensions ['python_setup_py']
[2.379s] colcon.colcon_core.package_identification Level 1 _identify(data/results/csv_dump/qp_step_0001) by extension 'python_setup_py'
[2.380s] colcon.colcon_core.package_identification Level 1 _identify(data/results/csv_dump/qp_step_0002) by extensions ['ignore', 'ignore_ament_install']
[2.380s] colcon.colcon_core.package_identification Level 1 _identify(data/results/csv_dump/qp_step_0002) by extension 'ignore'
[2.380s] colcon.colcon_core.package_identification Level 1 _identify(data/results/csv_dump/qp_step_0002) by extension 'ignore_ament_install'
[2.380s] colcon.colcon_core.package_identification Level 1 _identify(data/results/csv_dump/qp_step_0002) by extensions ['colcon_pkg']
[2.380s] colcon.colcon_core.package_identification Level 1 _identify(data/results/csv_dump/qp_step_0002) by extension 'colcon_pkg'
[2.380s] colcon.colcon_core.package_identification Level 1 _identify(data/results/csv_dump/qp_step_0002) by extensions ['colcon_meta']
[2.380s] colcon.colcon_core.package_identification Level 1 _identify(data/results/csv_dump/qp_step_0002) by extension 'colcon_meta'
[2.380s] colcon.colcon_core.package_identification Level 1 _identify(data/results/csv_dump/qp_step_0002) by extensions ['ros']
[2.380s] colcon.colcon_core.package_identification Level 1 _identify(data/results/csv_dump/qp_step_0002) by extension 'ros'
[2.380s] colcon.colcon_core.package_identification Level 1 _identify(data/results/csv_dump/qp_step_0002) by extensions ['cmake', 'python']
[2.380s] colcon.colcon_core.package_identification Level 1 _identify(data/results/csv_dump/qp_step_0002) by extension 'cmake'
[2.380s] colcon.colcon_core.package_identification Level 1 _identify(data/results/csv_dump/qp_step_0002) by extension 'python'
[2.380s] colcon.colcon_core.package_identification Level 1 _identify(data/results/csv_dump/qp_step_0002) by extensions ['python_setup_py']
[2.380s] colcon.colcon_core.package_identification Level 1 _identify(data/results/csv_dump/qp_step_0002) by extension 'python_setup_py'
[2.381s] colcon.colcon_core.package_identification Level 1 _identify(data/test_export) by extensions ['ignore', 'ignore_ament_install']
[2.381s] colcon.colcon_core.package_identification Level 1 _identify(data/test_export) by extension 'ignore'
[2.381s] colcon.colcon_core.package_identification Level 1 _identify(data/test_export) by extension 'ignore_ament_install'
[2.381s] colcon.colcon_core.package_identification Level 1 _identify(data/test_export) by extensions ['colcon_pkg']
[2.381s] colcon.colcon_core.package_identification Level 1 _identify(data/test_export) by extension 'colcon_pkg'
[2.381s] colcon.colcon_core.package_identification Level 1 _identify(data/test_export) by extensions ['colcon_meta']
[2.381s] colcon.colcon_core.package_identification Level 1 _identify(data/test_export) by extension 'colcon_meta'
[2.381s] colcon.colcon_core.package_identification Level 1 _identify(data/test_export) by extensions ['ros']
[2.381s] colcon.colcon_core.package_identification Level 1 _identify(data/test_export) by extension 'ros'
[2.381s] colcon.colcon_core.package_identification Level 1 _identify(data/test_export) by extensions ['cmake', 'python']
[2.381s] colcon.colcon_core.package_identification Level 1 _identify(data/test_export) by extension 'cmake'
[2.381s] colcon.colcon_core.package_identification Level 1 _identify(data/test_export) by extension 'python'
[2.381s] colcon.colcon_core.package_identification Level 1 _identify(data/test_export) by extensions ['python_setup_py']
[2.381s] colcon.colcon_core.package_identification Level 1 _identify(data/test_export) by extension 'python_setup_py'
[2.382s] colcon.colcon_core.package_identification Level 1 _identify(docs) by extensions ['ignore', 'ignore_ament_install']
[2.382s] colcon.colcon_core.package_identification Level 1 _identify(docs) by extension 'ignore'
[2.382s] colcon.colcon_core.package_identification Level 1 _identify(docs) by extension 'ignore_ament_install'
[2.382s] colcon.colcon_core.package_identification Level 1 _identify(docs) by extensions ['colcon_pkg']
[2.382s] colcon.colcon_core.package_identification Level 1 _identify(docs) by extension 'colcon_pkg'
[2.382s] colcon.colcon_core.package_identification Level 1 _identify(docs) by extensions ['colcon_meta']
[2.382s] colcon.colcon_core.package_identification Level 1 _identify(docs) by extension 'colcon_meta'
[2.383s] colcon.colcon_core.package_identification Level 1 _identify(docs) by extensions ['ros']
[2.383s] colcon.colcon_core.package_identification Level 1 _identify(docs) by extension 'ros'
[2.383s] colcon.colcon_core.package_identification Level 1 _identify(docs) by extensions ['cmake', 'python']
[2.383s] colcon.colcon_core.package_identification Level 1 _identify(docs) by extension 'cmake'
[2.383s] colcon.colcon_core.package_identification Level 1 _identify(docs) by extension 'python'
[2.383s] colcon.colcon_core.package_identification Level 1 _identify(docs) by extensions ['python_setup_py']
[2.383s] colcon.colcon_core.package_identification Level 1 _identify(docs) by extension 'python_setup_py'
[2.384s] colcon.colcon_core.package_identification Level 1 _identify(install) by extensions ['ignore', 'ignore_ament_install']
[2.384s] colcon.colcon_core.package_identification Level 1 _identify(install) by extension 'ignore'
[2.384s] colcon.colcon_core.package_identification Level 1 _identify(install) ignored
[2.384s] colcon.colcon_core.package_identification Level 1 _identify(log) by extensions ['ignore', 'ignore_ament_install']
[2.385s] colcon.colcon_core.package_identification Level 1 _identify(log) by extension 'ignore'
[2.385s] colcon.colcon_core.package_identification Level 1 _identify(log) ignored
[2.386s] colcon.colcon_core.package_identification Level 1 _identify(results) by extensions ['ignore', 'ignore_ament_install']
[2.386s] colcon.colcon_core.package_identification Level 1 _identify(results) by extension 'ignore'
[2.386s] colcon.colcon_core.package_identification Level 1 _identify(results) by extension 'ignore_ament_install'
[2.387s] colcon.colcon_core.package_identification Level 1 _identify(results) by extensions ['colcon_pkg']
[2.387s] colcon.colcon_core.package_identification Level 1 _identify(results) by extension 'colcon_pkg'
[2.387s] colcon.colcon_core.package_identification Level 1 _identify(results) by extensions ['colcon_meta']
[2.387s] colcon.colcon_core.package_identification Level 1 _identify(results) by extension 'colcon_meta'
[2.387s] colcon.colcon_core.package_identification Level 1 _identify(results) by extensions ['ros']
[2.387s] colcon.colcon_core.package_identification Level 1 _identify(results) by extension 'ros'
[2.388s] colcon.colcon_core.package_identification Level 1 _identify(results) by extensions ['cmake', 'python']
[2.388s] colcon.colcon_core.package_identification Level 1 _identify(results) by extension 'cmake'
[2.388s] colcon.colcon_core.package_identification Level 1 _identify(results) by extension 'python'
[2.388s] colcon.colcon_core.package_identification Level 1 _identify(results) by extensions ['python_setup_py']
[2.389s] colcon.colcon_core.package_identification Level 1 _identify(results) by extension 'python_setup_py'
[2.389s] colcon.colcon_core.package_identification Level 1 _identify(results/test_plots) by extensions ['ignore', 'ignore_ament_install']
[2.389s] colcon.colcon_core.package_identification Level 1 _identify(results/test_plots) by extension 'ignore'
[2.389s] colcon.colcon_core.package_identification Level 1 _identify(results/test_plots) by extension 'ignore_ament_install'
[2.389s] colcon.colcon_core.package_identification Level 1 _identify(results/test_plots) by extensions ['colcon_pkg']
[2.390s] colcon.colcon_core.package_identification Level 1 _identify(results/test_plots) by extension 'colcon_pkg'
[2.390s] colcon.colcon_core.package_identification Level 1 _identify(results/test_plots) by extensions ['colcon_meta']
[2.390s] colcon.colcon_core.package_identification Level 1 _identify(results/test_plots) by extension 'colcon_meta'
[2.390s] colcon.colcon_core.package_identification Level 1 _identify(results/test_plots) by extensions ['ros']
[2.390s] colcon.colcon_core.package_identification Level 1 _identify(results/test_plots) by extension 'ros'
[2.390s] colcon.colcon_core.package_identification Level 1 _identify(results/test_plots) by extensions ['cmake', 'python']
[2.390s] colcon.colcon_core.package_identification Level 1 _identify(results/test_plots) by extension 'cmake'
[2.390s] colcon.colcon_core.package_identification Level 1 _identify(results/test_plots) by extension 'python'
[2.390s] colcon.colcon_core.package_identification Level 1 _identify(results/test_plots) by extensions ['python_setup_py']
[2.390s] colcon.colcon_core.package_identification Level 1 _identify(results/test_plots) by extension 'python_setup_py'
[2.390s] colcon.colcon_core.package_identification Level 1 _identify(scripts) by extensions ['ignore', 'ignore_ament_install']
[2.391s] colcon.colcon_core.package_identification Level 1 _identify(scripts) by extension 'ignore'
[2.391s] colcon.colcon_core.package_identification Level 1 _identify(scripts) by extension 'ignore_ament_install'
[2.391s] colcon.colcon_core.package_identification Level 1 _identify(scripts) by extensions ['colcon_pkg']
[2.391s] colcon.colcon_core.package_identification Level 1 _identify(scripts) by extension 'colcon_pkg'
[2.391s] colcon.colcon_core.package_identification Level 1 _identify(scripts) by extensions ['colcon_meta']
[2.391s] colcon.colcon_core.package_identification Level 1 _identify(scripts) by extension 'colcon_meta'
[2.391s] colcon.colcon_core.package_identification Level 1 _identify(scripts) by extensions ['ros']
[2.391s] colcon.colcon_core.package_identification Level 1 _identify(scripts) by extension 'ros'
[2.391s] colcon.colcon_core.package_identification Level 1 _identify(scripts) by extensions ['cmake', 'python']
[2.391s] colcon.colcon_core.package_identification Level 1 _identify(scripts) by extension 'cmake'
[2.391s] colcon.colcon_core.package_identification Level 1 _identify(scripts) by extension 'python'
[2.391s] colcon.colcon_core.package_identification Level 1 _identify(scripts) by extensions ['python_setup_py']
[2.391s] colcon.colcon_core.package_identification Level 1 _identify(scripts) by extension 'python_setup_py'
[2.391s] colcon.colcon_core.package_identification Level 1 _identify(src) by extensions ['ignore', 'ignore_ament_install']
[2.392s] colcon.colcon_core.package_identification Level 1 _identify(src) by extension 'ignore'
[2.392s] colcon.colcon_core.package_identification Level 1 _identify(src) by extension 'ignore_ament_install'
[2.393s] colcon.colcon_core.package_identification Level 1 _identify(src) by extensions ['colcon_pkg']
[2.394s] colcon.colcon_core.package_identification Level 1 _identify(src) by extension 'colcon_pkg'
[2.395s] colcon.colcon_core.package_identification Level 1 _identify(src) by extensions ['colcon_meta']
[2.395s] colcon.colcon_core.package_identification Level 1 _identify(src) by extension 'colcon_meta'
[2.395s] colcon.colcon_core.package_identification Level 1 _identify(src) by extensions ['ros']
[2.395s] colcon.colcon_core.package_identification Level 1 _identify(src) by extension 'ros'
[2.395s] colcon.colcon_core.package_identification Level 1 _identify(src) by extensions ['cmake', 'python']
[2.395s] colcon.colcon_core.package_identification Level 1 _identify(src) by extension 'cmake'
[2.396s] colcon.colcon_core.package_identification Level 1 _identify(src) by extension 'python'
[2.396s] colcon.colcon_core.package_identification Level 1 _identify(src) by extensions ['python_setup_py']
[2.396s] colcon.colcon_core.package_identification Level 1 _identify(src) by extension 'python_setup_py'
[2.396s] colcon.colcon_core.package_identification Level 1 _identify(src/__pycache__) by extensions ['ignore', 'ignore_ament_install']
[2.397s] colcon.colcon_core.package_identification Level 1 _identify(src/__pycache__) by extension 'ignore'
[2.397s] colcon.colcon_core.package_identification Level 1 _identify(src/__pycache__) by extension 'ignore_ament_install'
[2.397s] colcon.colcon_core.package_identification Level 1 _identify(src/__pycache__) by extensions ['colcon_pkg']
[2.397s] colcon.colcon_core.package_identification Level 1 _identify(src/__pycache__) by extension 'colcon_pkg'
[2.397s] colcon.colcon_core.package_identification Level 1 _identify(src/__pycache__) by extensions ['colcon_meta']
[2.397s] colcon.colcon_core.package_identification Level 1 _identify(src/__pycache__) by extension 'colcon_meta'
[2.397s] colcon.colcon_core.package_identification Level 1 _identify(src/__pycache__) by extensions ['ros']
[2.397s] colcon.colcon_core.package_identification Level 1 _identify(src/__pycache__) by extension 'ros'
[2.397s] colcon.colcon_core.package_identification Level 1 _identify(src/__pycache__) by extensions ['cmake', 'python']
[2.397s] colcon.colcon_core.package_identification Level 1 _identify(src/__pycache__) by extension 'cmake'
[2.397s] colcon.colcon_core.package_identification Level 1 _identify(src/__pycache__) by extension 'python'
[2.397s] colcon.colcon_core.package_identification Level 1 _identify(src/__pycache__) by extensions ['python_setup_py']
[2.397s] colcon.colcon_core.package_identification Level 1 _identify(src/__pycache__) by extension 'python_setup_py'
[2.398s] colcon.colcon_core.package_identification Level 1 _identify(src/dynamics) by extensions ['ignore', 'ignore_ament_install']
[2.398s] colcon.colcon_core.package_identification Level 1 _identify(src/dynamics) by extension 'ignore'
[2.398s] colcon.colcon_core.package_identification Level 1 _identify(src/dynamics) by extension 'ignore_ament_install'
[2.398s] colcon.colcon_core.package_identification Level 1 _identify(src/dynamics) by extensions ['colcon_pkg']
[2.398s] colcon.colcon_core.package_identification Level 1 _identify(src/dynamics) by extension 'colcon_pkg'
[2.398s] colcon.colcon_core.package_identification Level 1 _identify(src/dynamics) by extensions ['colcon_meta']
[2.398s] colcon.colcon_core.package_identification Level 1 _identify(src/dynamics) by extension 'colcon_meta'
[2.398s] colcon.colcon_core.package_identification Level 1 _identify(src/dynamics) by extensions ['ros']
[2.398s] colcon.colcon_core.package_identification Level 1 _identify(src/dynamics) by extension 'ros'
[2.398s] colcon.colcon_core.package_identification Level 1 _identify(src/dynamics) by extensions ['cmake', 'python']
[2.398s] colcon.colcon_core.package_identification Level 1 _identify(src/dynamics) by extension 'cmake'
[2.398s] colcon.colcon_core.package_identification Level 1 _identify(src/dynamics) by extension 'python'
[2.399s] colcon.colcon_core.package_identification Level 1 _identify(src/dynamics) by extensions ['python_setup_py']
[2.399s] colcon.colcon_core.package_identification Level 1 _identify(src/dynamics) by extension 'python_setup_py'
[2.399s] colcon.colcon_core.package_identification Level 1 _identify(src/dynamics/__pycache__) by extensions ['ignore', 'ignore_ament_install']
[2.399s] colcon.colcon_core.package_identification Level 1 _identify(src/dynamics/__pycache__) by extension 'ignore'
[2.399s] colcon.colcon_core.package_identification Level 1 _identify(src/dynamics/__pycache__) by extension 'ignore_ament_install'
[2.399s] colcon.colcon_core.package_identification Level 1 _identify(src/dynamics/__pycache__) by extensions ['colcon_pkg']
[2.399s] colcon.colcon_core.package_identification Level 1 _identify(src/dynamics/__pycache__) by extension 'colcon_pkg'
[2.399s] colcon.colcon_core.package_identification Level 1 _identify(src/dynamics/__pycache__) by extensions ['colcon_meta']
[2.399s] colcon.colcon_core.package_identification Level 1 _identify(src/dynamics/__pycache__) by extension 'colcon_meta'
[2.399s] colcon.colcon_core.package_identification Level 1 _identify(src/dynamics/__pycache__) by extensions ['ros']
[2.400s] colcon.colcon_core.package_identification Level 1 _identify(src/dynamics/__pycache__) by extension 'ros'
[2.400s] colcon.colcon_core.package_identification Level 1 _identify(src/dynamics/__pycache__) by extensions ['cmake', 'python']
[2.400s] colcon.colcon_core.package_identification Level 1 _identify(src/dynamics/__pycache__) by extension 'cmake'
[2.400s] colcon.colcon_core.package_identification Level 1 _identify(src/dynamics/__pycache__) by extension 'python'
[2.400s] colcon.colcon_core.package_identification Level 1 _identify(src/dynamics/__pycache__) by extensions ['python_setup_py']
[2.400s] colcon.colcon_core.package_identification Level 1 _identify(src/dynamics/__pycache__) by extension 'python_setup_py'
[2.400s] colcon.colcon_core.package_identification Level 1 _identify(src/mpc) by extensions ['ignore', 'ignore_ament_install']
[2.400s] colcon.colcon_core.package_identification Level 1 _identify(src/mpc) by extension 'ignore'
[2.400s] colcon.colcon_core.package_identification Level 1 _identify(src/mpc) by extension 'ignore_ament_install'
[2.401s] colcon.colcon_core.package_identification Level 1 _identify(src/mpc) by extensions ['colcon_pkg']
[2.401s] colcon.colcon_core.package_identification Level 1 _identify(src/mpc) by extension 'colcon_pkg'
[2.401s] colcon.colcon_core.package_identification Level 1 _identify(src/mpc) by extensions ['colcon_meta']
[2.401s] colcon.colcon_core.package_identification Level 1 _identify(src/mpc) by extension 'colcon_meta'
[2.402s] colcon.colcon_core.package_identification Level 1 _identify(src/mpc) by extensions ['ros']
[2.402s] colcon.colcon_core.package_identification Level 1 _identify(src/mpc) by extension 'ros'
[2.402s] colcon.colcon_core.package_identification Level 1 _identify(src/mpc) by extensions ['cmake', 'python']
[2.402s] colcon.colcon_core.package_identification Level 1 _identify(src/mpc) by extension 'cmake'
[2.403s] colcon.colcon_core.package_identification Level 1 _identify(src/mpc) by extension 'python'
[2.403s] colcon.colcon_core.package_identification Level 1 _identify(src/mpc) by extensions ['python_setup_py']
[2.403s] colcon.colcon_core.package_identification Level 1 _identify(src/mpc) by extension 'python_setup_py'
[2.403s] colcon.colcon_core.package_identification Level 1 _identify(src/mpc/__pycache__) by extensions ['ignore', 'ignore_ament_install']
[2.403s] colcon.colcon_core.package_identification Level 1 _identify(src/mpc/__pycache__) by extension 'ignore'
[2.403s] colcon.colcon_core.package_identification Level 1 _identify(src/mpc/__pycache__) by extension 'ignore_ament_install'
[2.403s] colcon.colcon_core.package_identification Level 1 _identify(src/mpc/__pycache__) by extensions ['colcon_pkg']
[2.403s] colcon.colcon_core.package_identification Level 1 _identify(src/mpc/__pycache__) by extension 'colcon_pkg'
[2.404s] colcon.colcon_core.package_identification Level 1 _identify(src/mpc/__pycache__) by extensions ['colcon_meta']
[2.404s] colcon.colcon_core.package_identification Level 1 _identify(src/mpc/__pycache__) by extension 'colcon_meta'
[2.404s] colcon.colcon_core.package_identification Level 1 _identify(src/mpc/__pycache__) by extensions ['ros']
[2.404s] colcon.colcon_core.package_identification Level 1 _identify(src/mpc/__pycache__) by extension 'ros'
[2.404s] colcon.colcon_core.package_identification Level 1 _identify(src/mpc/__pycache__) by extensions ['cmake', 'python']
[2.404s] colcon.colcon_core.package_identification Level 1 _identify(src/mpc/__pycache__) by extension 'cmake'
[2.404s] colcon.colcon_core.package_identification Level 1 _identify(src/mpc/__pycache__) by extension 'python'
[2.404s] colcon.colcon_core.package_identification Level 1 _identify(src/mpc/__pycache__) by extensions ['python_setup_py']
[2.404s] colcon.colcon_core.package_identification Level 1 _identify(src/mpc/__pycache__) by extension 'python_setup_py'
[2.404s] colcon.colcon_core.package_identification Level 1 _identify(src/ros2_arm_viz) by extensions ['ignore', 'ignore_ament_install']
[2.404s] colcon.colcon_core.package_identification Level 1 _identify(src/ros2_arm_viz) by extension 'ignore'
[2.404s] colcon.colcon_core.package_identification Level 1 _identify(src/ros2_arm_viz) by extension 'ignore_ament_install'
[2.405s] colcon.colcon_core.package_identification Level 1 _identify(src/ros2_arm_viz) by extensions ['colcon_pkg']
[2.405s] colcon.colcon_core.package_identification Level 1 _identify(src/ros2_arm_viz) by extension 'colcon_pkg'
[2.405s] colcon.colcon_core.package_identification Level 1 _identify(src/ros2_arm_viz) by extensions ['colcon_meta']
[2.405s] colcon.colcon_core.package_identification Level 1 _identify(src/ros2_arm_viz) by extension 'colcon_meta'
[2.405s] colcon.colcon_core.package_identification Level 1 _identify(src/ros2_arm_viz) by extensions ['ros']
[2.405s] colcon.colcon_core.package_identification Level 1 _identify(src/ros2_arm_viz) by extension 'ros'
[2.421s] colcon.colcon_core.package_identification DEBUG Package 'src/ros2_arm_viz' with type 'ros.ament_python' and name 'ros2_arm_viz'
[2.421s] colcon.colcon_core.package_identification Level 1 _identify(src/solver) by extensions ['ignore', 'ignore_ament_install']
[2.421s] colcon.colcon_core.package_identification Level 1 _identify(src/solver) by extension 'ignore'
[2.422s] colcon.colcon_core.package_identification Level 1 _identify(src/solver) by extension 'ignore_ament_install'
[2.422s] colcon.colcon_core.package_identification Level 1 _identify(src/solver) by extensions ['colcon_pkg']
[2.422s] colcon.colcon_core.package_identification Level 1 _identify(src/solver) by extension 'colcon_pkg'
[2.422s] colcon.colcon_core.package_identification Level 1 _identify(src/solver) by extensions ['colcon_meta']
[2.422s] colcon.colcon_core.package_identification Level 1 _identify(src/solver) by extension 'colcon_meta'
[2.422s] colcon.colcon_core.package_identification Level 1 _identify(src/solver) by extensions ['ros']
[2.422s] colcon.colcon_core.package_identification Level 1 _identify(src/solver) by extension 'ros'
[2.422s] colcon.colcon_core.package_identification Level 1 _identify(src/solver) by extensions ['cmake', 'python']
[2.422s] colcon.colcon_core.package_identification Level 1 _identify(src/solver) by extension 'cmake'
[2.422s] colcon.colcon_core.package_identification Level 1 _identify(src/solver) by extension 'python'
[2.422s] colcon.colcon_core.package_identification Level 1 _identify(src/solver) by extensions ['python_setup_py']
[2.422s] colcon.colcon_core.package_identification Level 1 _identify(src/solver) by extension 'python_setup_py'
[2.422s] colcon.colcon_core.package_identification Level 1 _identify(src/solver/__pycache__) by extensions ['ignore', 'ignore_ament_install']
[2.422s] colcon.colcon_core.package_identification Level 1 _identify(src/solver/__pycache__) by extension 'ignore'
[2.423s] colcon.colcon_core.package_identification Level 1 _identify(src/solver/__pycache__) by extension 'ignore_ament_install'
[2.423s] colcon.colcon_core.package_identification Level 1 _identify(src/solver/__pycache__) by extensions ['colcon_pkg']
[2.423s] colcon.colcon_core.package_identification Level 1 _identify(src/solver/__pycache__) by extension 'colcon_pkg'
[2.423s] colcon.colcon_core.package_identification Level 1 _identify(src/solver/__pycache__) by extensions ['colcon_meta']
[2.423s] colcon.colcon_core.package_identification Level 1 _identify(src/solver/__pycache__) by extension 'colcon_meta'
[2.423s] colcon.colcon_core.package_identification Level 1 _identify(src/solver/__pycache__) by extensions ['ros']
[2.423s] colcon.colcon_core.package_identification Level 1 _identify(src/solver/__pycache__) by extension 'ros'
[2.423s] colcon.colcon_core.package_identification Level 1 _identify(src/solver/__pycache__) by extensions ['cmake', 'python']
[2.423s] colcon.colcon_core.package_identification Level 1 _identify(src/solver/__pycache__) by extension 'cmake'
[2.423s] colcon.colcon_core.package_identification Level 1 _identify(src/solver/__pycache__) by extension 'python'
[2.423s] colcon.colcon_core.package_identification Level 1 _identify(src/solver/__pycache__) by extensions ['python_setup_py']
[2.423s] colcon.colcon_core.package_identification Level 1 _identify(src/solver/__pycache__) by extension 'python_setup_py'
[2.423s] colcon.colcon_core.package_identification Level 1 _identify(src/utils) by extensions ['ignore', 'ignore_ament_install']
[2.424s] colcon.colcon_core.package_identification Level 1 _identify(src/utils) by extension 'ignore'
[2.424s] colcon.colcon_core.package_identification Level 1 _identify(src/utils) by extension 'ignore_ament_install'
[2.424s] colcon.colcon_core.package_identification Level 1 _identify(src/utils) by extensions ['colcon_pkg']
[2.424s] colcon.colcon_core.package_identification Level 1 _identify(src/utils) by extension 'colcon_pkg'
[2.424s] colcon.colcon_core.package_identification Level 1 _identify(src/utils) by extensions ['colcon_meta']
[2.424s] colcon.colcon_core.package_identification Level 1 _identify(src/utils) by extension 'colcon_meta'
[2.424s] colcon.colcon_core.package_identification Level 1 _identify(src/utils) by extensions ['ros']
[2.424s] colcon.colcon_core.package_identification Level 1 _identify(src/utils) by extension 'ros'
[2.424s] colcon.colcon_core.package_identification Level 1 _identify(src/utils) by extensions ['cmake', 'python']
[2.424s] colcon.colcon_core.package_identification Level 1 _identify(src/utils) by extension 'cmake'
[2.424s] colcon.colcon_core.package_identification Level 1 _identify(src/utils) by extension 'python'
[2.424s] colcon.colcon_core.package_identification Level 1 _identify(src/utils) by extensions ['python_setup_py']
[2.424s] colcon.colcon_core.package_identification Level 1 _identify(src/utils) by extension 'python_setup_py'
[2.425s] colcon.colcon_core.package_identification Level 1 _identify(src/utils/__pycache__) by extensions ['ignore', 'ignore_ament_install']
[2.426s] colcon.colcon_core.package_identification Level 1 _identify(src/utils/__pycache__) by extension 'ignore'
[2.427s] colcon.colcon_core.package_identification Level 1 _identify(src/utils/__pycache__) by extension 'ignore_ament_install'
[2.428s] colcon.colcon_core.package_identification Level 1 _identify(src/utils/__pycache__) by extensions ['colcon_pkg']
[2.428s] colcon.colcon_core.package_identification Level 1 _identify(src/utils/__pycache__) by extension 'colcon_pkg'
[2.428s] colcon.colcon_core.package_identification Level 1 _identify(src/utils/__pycache__) by extensions ['colcon_meta']
[2.428s] colcon.colcon_core.package_identification Level 1 _identify(src/utils/__pycache__) by extension 'colcon_meta'
[2.429s] colcon.colcon_core.package_identification Level 1 _identify(src/utils/__pycache__) by extensions ['ros']
[2.429s] colcon.colcon_core.package_identification Level 1 _identify(src/utils/__pycache__) by extension 'ros'
[2.430s] colcon.colcon_core.package_identification Level 1 _identify(src/utils/__pycache__) by extensions ['cmake', 'python']
[2.430s] colcon.colcon_core.package_identification Level 1 _identify(src/utils/__pycache__) by extension 'cmake'
[2.430s] colcon.colcon_core.package_identification Level 1 _identify(src/utils/__pycache__) by extension 'python'
[2.430s] colcon.colcon_core.package_identification Level 1 _identify(src/utils/__pycache__) by extensions ['python_setup_py']
[2.430s] colcon.colcon_core.package_identification Level 1 _identify(src/utils/__pycache__) by extension 'python_setup_py'
[2.431s] colcon.colcon_core.package_identification Level 1 _identify(tests) by extensions ['ignore', 'ignore_ament_install']
[2.431s] colcon.colcon_core.package_identification Level 1 _identify(tests) by extension 'ignore'
[2.431s] colcon.colcon_core.package_identification Level 1 _identify(tests) by extension 'ignore_ament_install'
[2.432s] colcon.colcon_core.package_identification Level 1 _identify(tests) by extensions ['colcon_pkg']
[2.432s] colcon.colcon_core.package_identification Level 1 _identify(tests) by extension 'colcon_pkg'
[2.434s] colcon.colcon_core.package_identification Level 1 _identify(tests) by extensions ['colcon_meta']
[2.434s] colcon.colcon_core.package_identification Level 1 _identify(tests) by extension 'colcon_meta'
[2.434s] colcon.colcon_core.package_identification Level 1 _identify(tests) by extensions ['ros']
[2.435s] colcon.colcon_core.package_identification Level 1 _identify(tests) by extension 'ros'
[2.435s] colcon.colcon_core.package_identification Level 1 _identify(tests) by extensions ['cmake', 'python']
[2.435s] colcon.colcon_core.package_identification Level 1 _identify(tests) by extension 'cmake'
[2.436s] colcon.colcon_core.package_identification Level 1 _identify(tests) by extension 'python'
[2.437s] colcon.colcon_core.package_identification Level 1 _identify(tests) by extensions ['python_setup_py']
[2.437s] colcon.colcon_core.package_identification Level 1 _identify(tests) by extension 'python_setup_py'
[2.438s] colcon.colcon_core.package_identification Level 1 _identify(web_app) by extensions ['ignore', 'ignore_ament_install']
[2.438s] colcon.colcon_core.package_identification Level 1 _identify(web_app) by extension 'ignore'
[2.438s] colcon.colcon_core.package_identification Level 1 _identify(web_app) by extension 'ignore_ament_install'
[2.439s] colcon.colcon_core.package_identification Level 1 _identify(web_app) by extensions ['colcon_pkg']
[2.439s] colcon.colcon_core.package_identification Level 1 _identify(web_app) by extension 'colcon_pkg'
[2.439s] colcon.colcon_core.package_identification Level 1 _identify(web_app) by extensions ['colcon_meta']
[2.439s] colcon.colcon_core.package_identification Level 1 _identify(web_app) by extension 'colcon_meta'
[2.439s] colcon.colcon_core.package_identification Level 1 _identify(web_app) by extensions ['ros']
[2.439s] colcon.colcon_core.package_identification Level 1 _identify(web_app) by extension 'ros'
[2.439s] colcon.colcon_core.package_identification Level 1 _identify(web_app) by extensions ['cmake', 'python']
[2.439s] colcon.colcon_core.package_identification Level 1 _identify(web_app) by extension 'cmake'
[2.439s] colcon.colcon_core.package_identification Level 1 _identify(web_app) by extension 'python'
[2.439s] colcon.colcon_core.package_identification Level 1 _identify(web_app) by extensions ['python_setup_py']
[2.439s] colcon.colcon_core.package_identification Level 1 _identify(web_app) by extension 'python_setup_py'
[2.439s] colcon.colcon_core.package_identification Level 1 _identify(web_app/static) by extensions ['ignore', 'ignore_ament_install']
[2.439s] colcon.colcon_core.package_identification Level 1 _identify(web_app/static) by extension 'ignore'
[2.440s] colcon.colcon_core.package_identification Level 1 _identify(web_app/static) by extension 'ignore_ament_install'
[2.440s] colcon.colcon_core.package_identification Level 1 _identify(web_app/static) by extensions ['colcon_pkg']
[2.440s] colcon.colcon_core.package_identification Level 1 _identify(web_app/static) by extension 'colcon_pkg'
[2.440s] colcon.colcon_core.package_identification Level 1 _identify(web_app/static) by extensions ['colcon_meta']
[2.440s] colcon.colcon_core.package_identification Level 1 _identify(web_app/static) by extension 'colcon_meta'
[2.440s] colcon.colcon_core.package_identification Level 1 _identify(web_app/static) by extensions ['ros']
[2.440s] colcon.colcon_core.package_identification Level 1 _identify(web_app/static) by extension 'ros'
[2.440s] colcon.colcon_core.package_identification Level 1 _identify(web_app/static) by extensions ['cmake', 'python']
[2.440s] colcon.colcon_core.package_identification Level 1 _identify(web_app/static) by extension 'cmake'
[2.440s] colcon.colcon_core.package_identification Level 1 _identify(web_app/static) by extension 'python'
[2.440s] colcon.colcon_core.package_identification Level 1 _identify(web_app/static) by extensions ['python_setup_py']
[2.440s] colcon.colcon_core.package_identification Level 1 _identify(web_app/static) by extension 'python_setup_py'
[2.440s] colcon.colcon_core.package_identification Level 1 _identify(web_app_screenshots) by extensions ['ignore', 'ignore_ament_install']
[2.440s] colcon.colcon_core.package_identification Level 1 _identify(web_app_screenshots) by extension 'ignore'
[2.441s] colcon.colcon_core.package_identification Level 1 _identify(web_app_screenshots) by extension 'ignore_ament_install'
[2.441s] colcon.colcon_core.package_identification Level 1 _identify(web_app_screenshots) by extensions ['colcon_pkg']
[2.441s] colcon.colcon_core.package_identification Level 1 _identify(web_app_screenshots) by extension 'colcon_pkg'
[2.441s] colcon.colcon_core.package_identification Level 1 _identify(web_app_screenshots) by extensions ['colcon_meta']
[2.441s] colcon.colcon_core.package_identification Level 1 _identify(web_app_screenshots) by extension 'colcon_meta'
[2.441s] colcon.colcon_core.package_identification Level 1 _identify(web_app_screenshots) by extensions ['ros']
[2.441s] colcon.colcon_core.package_identification Level 1 _identify(web_app_screenshots) by extension 'ros'
[2.441s] colcon.colcon_core.package_identification Level 1 _identify(web_app_screenshots) by extensions ['cmake', 'python']
[2.441s] colcon.colcon_core.package_identification Level 1 _identify(web_app_screenshots) by extension 'cmake'
[2.441s] colcon.colcon_core.package_identification Level 1 _identify(web_app_screenshots) by extension 'python'
[2.441s] colcon.colcon_core.package_identification Level 1 _identify(web_app_screenshots) by extensions ['python_setup_py']
[2.441s] colcon.colcon_core.package_identification Level 1 _identify(web_app_screenshots) by extension 'python_setup_py'
[2.441s] colcon.colcon_core.package_discovery Level 1 discover_packages(recursive) using defaults
[2.441s] colcon.colcon_core.package_discovery Level 1 discover_packages(ignore) discover
[2.441s] colcon.colcon_core.package_discovery Level 1 discover_packages(ignore) using defaults
[2.441s] colcon.colcon_core.package_discovery Level 1 discover_packages(path) discover
[2.441s] colcon.colcon_core.package_discovery Level 1 discover_packages(path) using defaults
[2.527s] colcon.colcon_core.verb Level 5 set package 'ros2_arm_viz' build argument 'cmake_args' from command line to 'None'
[2.528s] colcon.colcon_core.verb Level 5 set package 'ros2_arm_viz' build argument 'cmake_target' from command line to 'None'
[2.528s] colcon.colcon_core.verb Level 5 set package 'ros2_arm_viz' build argument 'cmake_target_skip_unavailable' from command line to 'False'
[2.528s] colcon.colcon_core.verb Level 5 set package 'ros2_arm_viz' build argument 'cmake_clean_cache' from command line to 'False'
[2.528s] colcon.colcon_core.verb Level 5 set package 'ros2_arm_viz' build argument 'cmake_clean_first' from command line to 'False'
[2.528s] colcon.colcon_core.verb Level 5 set package 'ros2_arm_viz' build argument 'cmake_force_configure' from command line to 'False'
[2.528s] colcon.colcon_core.verb Level 5 set package 'ros2_arm_viz' build argument 'ament_cmake_args' from command line to 'None'
[2.528s] colcon.colcon_core.verb Level 5 set package 'ros2_arm_viz' build argument 'catkin_cmake_args' from command line to 'None'
[2.528s] colcon.colcon_core.verb Level 5 set package 'ros2_arm_viz' build argument 'catkin_skip_building_tests' from command line to 'False'
[2.528s] colcon.colcon_core.verb DEBUG Building package 'ros2_arm_viz' with the following arguments: {'ament_cmake_args': None, 'build_base': "/Users/alvin/Documents/Alvin/College/Academics/Master's Thesis/Code/Neuromorphic-Robot-Control/build/ros2_arm_viz", 'catkin_cmake_args': None, 'catkin_skip_building_tests': False, 'cmake_args': None, 'cmake_clean_cache': False, 'cmake_clean_first': False, 'cmake_force_configure': False, 'cmake_target': None, 'cmake_target_skip_unavailable': False, 'install_base': "/Users/alvin/Documents/Alvin/College/Academics/Master's Thesis/Code/Neuromorphic-Robot-Control/install/ros2_arm_viz", 'merge_install': False, 'path': "/Users/alvin/Documents/Alvin/College/Academics/Master's Thesis/Code/Neuromorphic-Robot-Control/src/ros2_arm_viz", 'symlink_install': False, 'test_result_base': None}
[2.529s] colcon.colcon_core.executor INFO Executing jobs using 'parallel' executor
[2.533s] colcon.colcon_parallel_executor.executor.parallel DEBUG run_until_complete
[2.534s] colcon.colcon_ros.task.ament_python.build INFO Building ROS package in '/Users/alvin/Documents/Alvin/College/Academics/Master's Thesis/Code/Neuromorphic-Robot-Control/src/ros2_arm_viz' with build type 'ament_python'
[2.535s] colcon.colcon_core.shell Level 1 create_environment_hook('ros2_arm_viz', 'ament_prefix_path')
[2.557s] colcon.colcon_core.plugin_system INFO Skipping extension 'colcon_core.shell.bat': Not used on non-Windows systems
[2.557s] colcon.colcon_core.shell INFO Creating environment hook '/Users/alvin/Documents/Alvin/College/Academics/Master's Thesis/Code/Neuromorphic-Robot-Control/install/ros2_arm_viz/share/ros2_arm_viz/hook/ament_prefix_path.ps1'
[2.562s] colcon.colcon_core.shell INFO Creating environment descriptor '/Users/alvin/Documents/Alvin/College/Academics/Master's Thesis/Code/Neuromorphic-Robot-Control/install/ros2_arm_viz/share/ros2_arm_viz/hook/ament_prefix_path.dsv'
[2.567s] colcon.colcon_core.shell INFO Creating environment hook '/Users/alvin/Documents/Alvin/College/Academics/Master's Thesis/Code/Neuromorphic-Robot-Control/install/ros2_arm_viz/share/ros2_arm_viz/hook/ament_prefix_path.sh'
[2.573s] colcon.colcon_core.shell INFO Skip shell extension 'powershell' for command environment: Not usable outside of PowerShell
[2.574s] colcon.colcon_core.shell DEBUG Skip shell extension 'dsv' for command environment
[4.007s] colcon.colcon_core.task.python.build INFO Building Python package in '/Users/alvin/Documents/Alvin/College/Academics/Master's Thesis/Code/Neuromorphic-Robot-Control/src/ros2_arm_viz'
[4.008s] colcon.colcon_core.shell INFO Skip shell extension 'powershell' for command environment: Not usable outside of PowerShell
[4.009s] colcon.colcon_core.shell DEBUG Skip shell extension 'dsv' for command environment
[6.031s] colcon.colcon_core.event_handler.log_command DEBUG Invoking command in '/Users/alvin/Documents/Alvin/College/Academics/Master's Thesis/Code/Neuromorphic-Robot-Control/src/ros2_arm_viz': PYTHONPATH=/Users/alvin/Documents/Alvin/College/Academics/Master's Thesis/Code/Neuromorphic-Robot-Control/build/ros2_arm_viz/prefix_override:/Users/alvin/y/envs/ros_env/lib/python3.11/site-packages/colcon_core/task/python/colcon_distutils_commands:/Users/alvin/Documents/Alvin/College/Academics/Master's Thesis/Code/Neuromorphic-Robot-Control/install/ros2_arm_viz/lib/python3.11/site-packages:${PYTHONPATH} SHLVL=3 _=/usr/bin/env /Users/alvin/y/envs/ros_env/bin/python3.11 -W ignore:setup.py install is deprecated -W ignore:easy_install command is deprecated setup.py egg_info --egg-base ../../build/ros2_arm_viz build --build-base /Users/alvin/Documents/Alvin/College/Academics/Master's Thesis/Code/Neuromorphic-Robot-Control/build/ros2_arm_viz/build install --record /Users/alvin/Documents/Alvin/College/Academics/Master's Thesis/Code/Neuromorphic-Robot-Control/build/ros2_arm_viz/install.log --single-version-externally-managed install_data
[12.098s] colcon.colcon_core.event_handler.log_command DEBUG Invoked command in '/Users/alvin/Documents/Alvin/College/Academics/Master's Thesis/Code/Neuromorphic-Robot-Control/src/ros2_arm_viz' returned '0': PYTHONPATH=/Users/alvin/Documents/Alvin/College/Academics/Master's Thesis/Code/Neuromorphic-Robot-Control/build/ros2_arm_viz/prefix_override:/Users/alvin/y/envs/ros_env/lib/python3.11/site-packages/colcon_core/task/python/colcon_distutils_commands:/Users/alvin/Documents/Alvin/College/Academics/Master's Thesis/Code/Neuromorphic-Robot-Control/install/ros2_arm_viz/lib/python3.11/site-packages:${PYTHONPATH} SHLVL=3 _=/usr/bin/env /Users/alvin/y/envs/ros_env/bin/python3.11 -W ignore:setup.py install is deprecated -W ignore:easy_install command is deprecated setup.py egg_info --egg-base ../../build/ros2_arm_viz build --build-base /Users/alvin/Documents/Alvin/College/Academics/Master's Thesis/Code/Neuromorphic-Robot-Control/build/ros2_arm_viz/build install --record /Users/alvin/Documents/Alvin/College/Academics/Master's Thesis/Code/Neuromorphic-Robot-Control/build/ros2_arm_viz/install.log --single-version-externally-managed install_data
[12.124s] colcon.colcon_core.environment Level 1 checking '/Users/alvin/Documents/Alvin/College/Academics/Master's Thesis/Code/Neuromorphic-Robot-Control/install/ros2_arm_viz' for CMake module files
[12.131s] colcon.colcon_core.environment Level 1 checking '/Users/alvin/Documents/Alvin/College/Academics/Master's Thesis/Code/Neuromorphic-Robot-Control/install/ros2_arm_viz' for CMake config files
[12.134s] colcon.colcon_core.environment Level 1 checking '/Users/alvin/Documents/Alvin/College/Academics/Master's Thesis/Code/Neuromorphic-Robot-Control/install/ros2_arm_viz/lib'
[12.135s] colcon.colcon_core.environment Level 1 checking '/Users/alvin/Documents/Alvin/College/Academics/Master's Thesis/Code/Neuromorphic-Robot-Control/install/ros2_arm_viz/bin'
[12.136s] colcon.colcon_core.environment Level 1 checking '/Users/alvin/Documents/Alvin/College/Academics/Master's Thesis/Code/Neuromorphic-Robot-Control/install/ros2_arm_viz/lib/pkgconfig/ros2_arm_viz.pc'
[12.138s] colcon.colcon_core.environment Level 1 checking '/Users/alvin/Documents/Alvin/College/Academics/Master's Thesis/Code/Neuromorphic-Robot-Control/install/ros2_arm_viz/lib/python3.11/site-packages'
[12.138s] colcon.colcon_core.shell Level 1 create_environment_hook('ros2_arm_viz', 'pythonpath')
[12.139s] colcon.colcon_core.shell INFO Creating environment hook '/Users/alvin/Documents/Alvin/College/Academics/Master's Thesis/Code/Neuromorphic-Robot-Control/install/ros2_arm_viz/share/ros2_arm_viz/hook/pythonpath.ps1'
[12.141s] colcon.colcon_core.shell INFO Creating environment descriptor '/Users/alvin/Documents/Alvin/College/Academics/Master's Thesis/Code/Neuromorphic-Robot-Control/install/ros2_arm_viz/share/ros2_arm_viz/hook/pythonpath.dsv'
[12.145s] colcon.colcon_core.shell INFO Creating environment hook '/Users/alvin/Documents/Alvin/College/Academics/Master's Thesis/Code/Neuromorphic-Robot-Control/install/ros2_arm_viz/share/ros2_arm_viz/hook/pythonpath.sh'
[12.150s] colcon.colcon_core.environment Level 1 checking '/Users/alvin/Documents/Alvin/College/Academics/Master's Thesis/Code/Neuromorphic-Robot-Control/install/ros2_arm_viz/bin'
[12.150s] colcon.colcon_core.environment Level 1 create_environment_scripts_only(ros2_arm_viz)
[12.151s] colcon.colcon_core.shell INFO Creating package script '/Users/alvin/Documents/Alvin/College/Academics/Master's Thesis/Code/Neuromorphic-Robot-Control/install/ros2_arm_viz/share/ros2_arm_viz/package.ps1'
[12.157s] colcon.colcon_core.shell INFO Creating package descriptor '/Users/alvin/Documents/Alvin/College/Academics/Master's Thesis/Code/Neuromorphic-Robot-Control/install/ros2_arm_viz/share/ros2_arm_viz/package.dsv'
[12.159s] colcon.colcon_core.shell INFO Creating package script '/Users/alvin/Documents/Alvin/College/Academics/Master's Thesis/Code/Neuromorphic-Robot-Control/install/ros2_arm_viz/share/ros2_arm_viz/package.sh'
[12.162s] colcon.colcon_core.shell INFO Creating package script '/Users/alvin/Documents/Alvin/College/Academics/Master's Thesis/Code/Neuromorphic-Robot-Control/install/ros2_arm_viz/share/ros2_arm_viz/package.bash'
[12.165s] colcon.colcon_core.shell INFO Creating package script '/Users/alvin/Documents/Alvin/College/Academics/Master's Thesis/Code/Neuromorphic-Robot-Control/install/ros2_arm_viz/share/ros2_arm_viz/package.zsh'
[12.177s] colcon.colcon_core.environment Level 1 create_file_with_runtime_dependencies(/Users/alvin/Documents/Alvin/College/Academics/Master's Thesis/Code/Neuromorphic-Robot-Control/install/ros2_arm_viz/share/colcon-core/packages/ros2_arm_viz)
[12.180s] colcon.colcon_parallel_executor.executor.parallel DEBUG closing loop
[12.180s] colcon.colcon_parallel_executor.executor.parallel DEBUG loop closed
[12.180s] colcon.colcon_parallel_executor.executor.parallel DEBUG run_until_complete finished with '0'
[12.180s] colcon.colcon_core.event_reactor DEBUG joining thread
[12.183s] colcon.colcon_core.event_reactor DEBUG joined thread
[12.183s] colcon.colcon_core.shell INFO Creating prefix script '/Users/alvin/Documents/Alvin/College/Academics/Master's Thesis/Code/Neuromorphic-Robot-Control/install/local_setup.ps1'
[12.194s] colcon.colcon_core.shell INFO Creating prefix util module '/Users/alvin/Documents/Alvin/College/Academics/Master's Thesis/Code/Neuromorphic-Robot-Control/install/_local_setup_util_ps1.py'
[12.203s] colcon.colcon_core.shell INFO Creating prefix chain script '/Users/alvin/Documents/Alvin/College/Academics/Master's Thesis/Code/Neuromorphic-Robot-Control/install/setup.ps1'
[12.214s] colcon.colcon_core.shell INFO Creating prefix script '/Users/alvin/Documents/Alvin/College/Academics/Master's Thesis/Code/Neuromorphic-Robot-Control/install/local_setup.sh'
[12.218s] colcon.colcon_core.shell INFO Creating prefix util module '/Users/alvin/Documents/Alvin/College/Academics/Master's Thesis/Code/Neuromorphic-Robot-Control/install/_local_setup_util_sh.py'
[12.222s] colcon.colcon_core.shell INFO Creating prefix chain script '/Users/alvin/Documents/Alvin/College/Academics/Master's Thesis/Code/Neuromorphic-Robot-Control/install/setup.sh'
[12.225s] colcon.colcon_core.shell INFO Creating prefix script '/Users/alvin/Documents/Alvin/College/Academics/Master's Thesis/Code/Neuromorphic-Robot-Control/install/local_setup.bash'
[12.235s] colcon.colcon_core.shell INFO Creating prefix chain script '/Users/alvin/Documents/Alvin/College/Academics/Master's Thesis/Code/Neuromorphic-Robot-Control/install/setup.bash'
[12.240s] colcon.colcon_core.shell INFO Creating prefix script '/Users/alvin/Documents/Alvin/College/Academics/Master's Thesis/Code/Neuromorphic-Robot-Control/install/local_setup.zsh'
[12.242s] colcon.colcon_core.shell INFO Creating prefix chain script '/Users/alvin/Documents/Alvin/College/Academics/Master's Thesis/Code/Neuromorphic-Robot-Control/install/setup.zsh'
