[1.716s] colcon DEBUG Command line arguments: ['/Users/alvin/y/envs/ros_env/bin/colcon', 'build', '--packages-select', 'ros2_arm_viz']
[1.716s] colcon DEBUG Parsed command line arguments: Namespace(log_base=None, log_level=None, verb_name='build', build_base='build', install_base='install', merge_install=False, symlink_install=False, test_result_base=None, continue_on_error=False, executor='parallel', parallel_workers=4, event_handlers=None, ignore_user_meta=False, metas=['./colcon.meta'], base_paths=['.'], packages_ignore=None, packages_ignore_regex=None, paths=None, packages_up_to=None, packages_up_to_regex=None, packages_above=None, packages_above_and_dependencies=None, packages_above_depth=None, packages_select_by_dep=None, packages_skip_by_dep=None, packages_skip_up_to=None, packages_select_build_failed=False, packages_skip_build_finished=False, packages_select_test_failures=False, packages_skip_test_passed=False, packages_select=['ros2_arm_viz'], packages_skip=None, packages_select_regex=None, packages_skip_regex=None, packages_start=None, packages_end=None, cmake_args=None, cmake_target=None, cmake_target_skip_unavailable=False, cmake_clean_cache=False, cmake_clean_first=False, cmake_force_configure=False, ament_cmake_args=None, catkin_cmake_args=None, catkin_skip_building_tests=False, mixin_files=None, mixin=None, verb_parser=<colcon_mixin.mixin.mixin_argument.MixinArgumentDecorator object at 0x10dbe8310>, verb_extension=<colcon_core.verb.build.BuildVerb object at 0x10dbdbe90>, main=<bound method BuildVerb.main of <colcon_core.verb.build.BuildVerb object at 0x10dbdbe90>>, mixin_verb=('build',))
[2.022s] colcon.colcon_core.package_discovery Level 1 discover_packages(colcon_meta) check parameters
[2.022s] colcon.colcon_core.package_discovery Level 1 discover_packages(recursive) check parameters
[2.022s] colcon.colcon_core.package_discovery Level 1 discover_packages(ignore) check parameters
[2.022s] colcon.colcon_core.package_discovery Level 1 discover_packages(path) check parameters
[2.022s] colcon.colcon_core.package_discovery Level 1 discover_packages(colcon_meta) discover
[2.022s] colcon.colcon_core.package_discovery Level 1 discover_packages(recursive) discover
[2.023s] colcon.colcon_core.package_discovery INFO Crawling recursively for packages in '/Users/alvin/Documents/Alvin/College/Academics/Master's Thesis/Code/Neuromorphic-Robot-Control'
[2.023s] colcon.colcon_core.package_identification Level 1 _identify(.) by extensions ['ignore', 'ignore_ament_install']
[2.023s] colcon.colcon_core.package_identification Level 1 _identify(.) by extension 'ignore'
[2.023s] colcon.colcon_core.package_identification Level 1 _identify(.) by extension 'ignore_ament_install'
[2.023s] colcon.colcon_core.package_identification Level 1 _identify(.) by extensions ['colcon_pkg']
[2.023s] colcon.colcon_core.package_identification Level 1 _identify(.) by extension 'colcon_pkg'
[2.023s] colcon.colcon_core.package_identification Level 1 _identify(.) by extensions ['colcon_meta']
[2.023s] colcon.colcon_core.package_identification Level 1 _identify(.) by extension 'colcon_meta'
[2.023s] colcon.colcon_core.package_identification Level 1 _identify(.) by extensions ['ros']
[2.023s] colcon.colcon_core.package_identification Level 1 _identify(.) by extension 'ros'
[2.188s] colcon.colcon_core.package_identification Level 1 _identify(.) by extensions ['cmake', 'python']
[2.189s] colcon.colcon_core.package_identification Level 1 _identify(.) by extension 'cmake'
[2.189s] colcon.colcon_core.package_identification Level 1 _identify(.) by extension 'python'
[2.189s] colcon.colcon_core.package_identification Level 1 _identify(.) by extensions ['python_setup_py']
[2.189s] colcon.colcon_core.package_identification Level 1 _identify(.) by extension 'python_setup_py'
[2.189s] colcon.colcon_core.package_identification Level 1 _identify(build) by extensions ['ignore', 'ignore_ament_install']
[2.189s] colcon.colcon_core.package_identification Level 1 _identify(build) by extension 'ignore'
[2.189s] colcon.colcon_core.package_identification Level 1 _identify(build) ignored
[2.189s] colcon.colcon_core.package_identification Level 1 _identify(data) by extensions ['ignore', 'ignore_ament_install']
[2.190s] colcon.colcon_core.package_identification Level 1 _identify(data) by extension 'ignore'
[2.190s] colcon.colcon_core.package_identification Level 1 _identify(data) by extension 'ignore_ament_install'
[2.190s] colcon.colcon_core.package_identification Level 1 _identify(data) by extensions ['colcon_pkg']
[2.190s] colcon.colcon_core.package_identification Level 1 _identify(data) by extension 'colcon_pkg'
[2.190s] colcon.colcon_core.package_identification Level 1 _identify(data) by extensions ['colcon_meta']
[2.190s] colcon.colcon_core.package_identification Level 1 _identify(data) by extension 'colcon_meta'
[2.190s] colcon.colcon_core.package_identification Level 1 _identify(data) by extensions ['ros']
[2.190s] colcon.colcon_core.package_identification Level 1 _identify(data) by extension 'ros'
[2.190s] colcon.colcon_core.package_identification Level 1 _identify(data) by extensions ['cmake', 'python']
[2.190s] colcon.colcon_core.package_identification Level 1 _identify(data) by extension 'cmake'
[2.190s] colcon.colcon_core.package_identification Level 1 _identify(data) by extension 'python'
[2.190s] colcon.colcon_core.package_identification Level 1 _identify(data) by extensions ['python_setup_py']
[2.190s] colcon.colcon_core.package_identification Level 1 _identify(data) by extension 'python_setup_py'
[2.191s] colcon.colcon_core.package_identification Level 1 _identify(data/dataset_001) by extensions ['ignore', 'ignore_ament_install']
[2.191s] colcon.colcon_core.package_identification Level 1 _identify(data/dataset_001) by extension 'ignore'
[2.191s] colcon.colcon_core.package_identification Level 1 _identify(data/dataset_001) by extension 'ignore_ament_install'
[2.191s] colcon.colcon_core.package_identification Level 1 _identify(data/dataset_001) by extensions ['colcon_pkg']
[2.191s] colcon.colcon_core.package_identification Level 1 _identify(data/dataset_001) by extension 'colcon_pkg'
[2.191s] colcon.colcon_core.package_identification Level 1 _identify(data/dataset_001) by extensions ['colcon_meta']
[2.191s] colcon.colcon_core.package_identification Level 1 _identify(data/dataset_001) by extension 'colcon_meta'
[2.191s] colcon.colcon_core.package_identification Level 1 _identify(data/dataset_001) by extensions ['ros']
[2.191s] colcon.colcon_core.package_identification Level 1 _identify(data/dataset_001) by extension 'ros'
[2.191s] colcon.colcon_core.package_identification Level 1 _identify(data/dataset_001) by extensions ['cmake', 'python']
[2.191s] colcon.colcon_core.package_identification Level 1 _identify(data/dataset_001) by extension 'cmake'
[2.191s] colcon.colcon_core.package_identification Level 1 _identify(data/dataset_001) by extension 'python'
[2.191s] colcon.colcon_core.package_identification Level 1 _identify(data/dataset_001) by extensions ['python_setup_py']
[2.191s] colcon.colcon_core.package_identification Level 1 _identify(data/dataset_001) by extension 'python_setup_py'
[2.192s] colcon.colcon_core.package_identification Level 1 _identify(data/results) by extensions ['ignore', 'ignore_ament_install']
[2.192s] colcon.colcon_core.package_identification Level 1 _identify(data/results) by extension 'ignore'
[2.192s] colcon.colcon_core.package_identification Level 1 _identify(data/results) by extension 'ignore_ament_install'
[2.192s] colcon.colcon_core.package_identification Level 1 _identify(data/results) by extensions ['colcon_pkg']
[2.192s] colcon.colcon_core.package_identification Level 1 _identify(data/results) by extension 'colcon_pkg'
[2.192s] colcon.colcon_core.package_identification Level 1 _identify(data/results) by extensions ['colcon_meta']
[2.192s] colcon.colcon_core.package_identification Level 1 _identify(data/results) by extension 'colcon_meta'
[2.192s] colcon.colcon_core.package_identification Level 1 _identify(data/results) by extensions ['ros']
[2.192s] colcon.colcon_core.package_identification Level 1 _identify(data/results) by extension 'ros'
[2.193s] colcon.colcon_core.package_identification Level 1 _identify(data/results) by extensions ['cmake', 'python']
[2.193s] colcon.colcon_core.package_identification Level 1 _identify(data/results) by extension 'cmake'
[2.193s] colcon.colcon_core.package_identification Level 1 _identify(data/results) by extension 'python'
[2.193s] colcon.colcon_core.package_identification Level 1 _identify(data/results) by extensions ['python_setup_py']
[2.193s] colcon.colcon_core.package_identification Level 1 _identify(data/results) by extension 'python_setup_py'
[2.196s] colcon.colcon_core.package_identification Level 1 _identify(data/results/csv_dump) by extensions ['ignore', 'ignore_ament_install']
[2.196s] colcon.colcon_core.package_identification Level 1 _identify(data/results/csv_dump) by extension 'ignore'
[2.197s] colcon.colcon_core.package_identification Level 1 _identify(data/results/csv_dump) by extension 'ignore_ament_install'
[2.197s] colcon.colcon_core.package_identification Level 1 _identify(data/results/csv_dump) by extensions ['colcon_pkg']
[2.197s] colcon.colcon_core.package_identification Level 1 _identify(data/results/csv_dump) by extension 'colcon_pkg'
[2.197s] colcon.colcon_core.package_identification Level 1 _identify(data/results/csv_dump) by extensions ['colcon_meta']
[2.197s] colcon.colcon_core.package_identification Level 1 _identify(data/results/csv_dump) by extension 'colcon_meta'
[2.197s] colcon.colcon_core.package_identification Level 1 _identify(data/results/csv_dump) by extensions ['ros']
[2.197s] colcon.colcon_core.package_identification Level 1 _identify(data/results/csv_dump) by extension 'ros'
[2.197s] colcon.colcon_core.package_identification Level 1 _identify(data/results/csv_dump) by extensions ['cmake', 'python']
[2.197s] colcon.colcon_core.package_identification Level 1 _identify(data/results/csv_dump) by extension 'cmake'
[2.197s] colcon.colcon_core.package_identification Level 1 _identify(data/results/csv_dump) by extension 'python'
[2.197s] colcon.colcon_core.package_identification Level 1 _identify(data/results/csv_dump) by extensions ['python_setup_py']
[2.197s] colcon.colcon_core.package_identification Level 1 _identify(data/results/csv_dump) by extension 'python_setup_py'
[2.198s] colcon.colcon_core.package_identification Level 1 _identify(data/results/csv_dump/qp_step_0000) by extensions ['ignore', 'ignore_ament_install']
[2.198s] colcon.colcon_core.package_identification Level 1 _identify(data/results/csv_dump/qp_step_0000) by extension 'ignore'
[2.198s] colcon.colcon_core.package_identification Level 1 _identify(data/results/csv_dump/qp_step_0000) by extension 'ignore_ament_install'
[2.198s] colcon.colcon_core.package_identification Level 1 _identify(data/results/csv_dump/qp_step_0000) by extensions ['colcon_pkg']
[2.198s] colcon.colcon_core.package_identification Level 1 _identify(data/results/csv_dump/qp_step_0000) by extension 'colcon_pkg'
[2.198s] colcon.colcon_core.package_identification Level 1 _identify(data/results/csv_dump/qp_step_0000) by extensions ['colcon_meta']
[2.198s] colcon.colcon_core.package_identification Level 1 _identify(data/results/csv_dump/qp_step_0000) by extension 'colcon_meta'
[2.198s] colcon.colcon_core.package_identification Level 1 _identify(data/results/csv_dump/qp_step_0000) by extensions ['ros']
[2.198s] colcon.colcon_core.package_identification Level 1 _identify(data/results/csv_dump/qp_step_0000) by extension 'ros'
[2.198s] colcon.colcon_core.package_identification Level 1 _identify(data/results/csv_dump/qp_step_0000) by extensions ['cmake', 'python']
[2.198s] colcon.colcon_core.package_identification Level 1 _identify(data/results/csv_dump/qp_step_0000) by extension 'cmake'
[2.198s] colcon.colcon_core.package_identification Level 1 _identify(data/results/csv_dump/qp_step_0000) by extension 'python'
[2.198s] colcon.colcon_core.package_identification Level 1 _identify(data/results/csv_dump/qp_step_0000) by extensions ['python_setup_py']
[2.199s] colcon.colcon_core.package_identification Level 1 _identify(data/results/csv_dump/qp_step_0000) by extension 'python_setup_py'
[2.199s] colcon.colcon_core.package_identification Level 1 _identify(data/results/csv_dump/qp_step_0001) by extensions ['ignore', 'ignore_ament_install']
[2.199s] colcon.colcon_core.package_identification Level 1 _identify(data/results/csv_dump/qp_step_0001) by extension 'ignore'
[2.199s] colcon.colcon_core.package_identification Level 1 _identify(data/results/csv_dump/qp_step_0001) by extension 'ignore_ament_install'
[2.199s] colcon.colcon_core.package_identification Level 1 _identify(data/results/csv_dump/qp_step_0001) by extensions ['colcon_pkg']
[2.199s] colcon.colcon_core.package_identification Level 1 _identify(data/results/csv_dump/qp_step_0001) by extension 'colcon_pkg'
[2.199s] colcon.colcon_core.package_identification Level 1 _identify(data/results/csv_dump/qp_step_0001) by extensions ['colcon_meta']
[2.199s] colcon.colcon_core.package_identification Level 1 _identify(data/results/csv_dump/qp_step_0001) by extension 'colcon_meta'
[2.199s] colcon.colcon_core.package_identification Level 1 _identify(data/results/csv_dump/qp_step_0001) by extensions ['ros']
[2.199s] colcon.colcon_core.package_identification Level 1 _identify(data/results/csv_dump/qp_step_0001) by extension 'ros'
[2.199s] colcon.colcon_core.package_identification Level 1 _identify(data/results/csv_dump/qp_step_0001) by extensions ['cmake', 'python']
[2.199s] colcon.colcon_core.package_identification Level 1 _identify(data/results/csv_dump/qp_step_0001) by extension 'cmake'
[2.200s] colcon.colcon_core.package_identification Level 1 _identify(data/results/csv_dump/qp_step_0001) by extension 'python'
[2.200s] colcon.colcon_core.package_identification Level 1 _identify(data/results/csv_dump/qp_step_0001) by extensions ['python_setup_py']
[2.200s] colcon.colcon_core.package_identification Level 1 _identify(data/results/csv_dump/qp_step_0001) by extension 'python_setup_py'
[2.200s] colcon.colcon_core.package_identification Level 1 _identify(data/results/csv_dump/qp_step_0002) by extensions ['ignore', 'ignore_ament_install']
[2.200s] colcon.colcon_core.package_identification Level 1 _identify(data/results/csv_dump/qp_step_0002) by extension 'ignore'
[2.200s] colcon.colcon_core.package_identification Level 1 _identify(data/results/csv_dump/qp_step_0002) by extension 'ignore_ament_install'
[2.200s] colcon.colcon_core.package_identification Level 1 _identify(data/results/csv_dump/qp_step_0002) by extensions ['colcon_pkg']
[2.200s] colcon.colcon_core.package_identification Level 1 _identify(data/results/csv_dump/qp_step_0002) by extension 'colcon_pkg'
[2.200s] colcon.colcon_core.package_identification Level 1 _identify(data/results/csv_dump/qp_step_0002) by extensions ['colcon_meta']
[2.200s] colcon.colcon_core.package_identification Level 1 _identify(data/results/csv_dump/qp_step_0002) by extension 'colcon_meta'
[2.200s] colcon.colcon_core.package_identification Level 1 _identify(data/results/csv_dump/qp_step_0002) by extensions ['ros']
[2.200s] colcon.colcon_core.package_identification Level 1 _identify(data/results/csv_dump/qp_step_0002) by extension 'ros'
[2.201s] colcon.colcon_core.package_identification Level 1 _identify(data/results/csv_dump/qp_step_0002) by extensions ['cmake', 'python']
[2.201s] colcon.colcon_core.package_identification Level 1 _identify(data/results/csv_dump/qp_step_0002) by extension 'cmake'
[2.201s] colcon.colcon_core.package_identification Level 1 _identify(data/results/csv_dump/qp_step_0002) by extension 'python'
[2.201s] colcon.colcon_core.package_identification Level 1 _identify(data/results/csv_dump/qp_step_0002) by extensions ['python_setup_py']
[2.201s] colcon.colcon_core.package_identification Level 1 _identify(data/results/csv_dump/qp_step_0002) by extension 'python_setup_py'
[2.201s] colcon.colcon_core.package_identification Level 1 _identify(data/test_export) by extensions ['ignore', 'ignore_ament_install']
[2.201s] colcon.colcon_core.package_identification Level 1 _identify(data/test_export) by extension 'ignore'
[2.201s] colcon.colcon_core.package_identification Level 1 _identify(data/test_export) by extension 'ignore_ament_install'
[2.201s] colcon.colcon_core.package_identification Level 1 _identify(data/test_export) by extensions ['colcon_pkg']
[2.201s] colcon.colcon_core.package_identification Level 1 _identify(data/test_export) by extension 'colcon_pkg'
[2.201s] colcon.colcon_core.package_identification Level 1 _identify(data/test_export) by extensions ['colcon_meta']
[2.201s] colcon.colcon_core.package_identification Level 1 _identify(data/test_export) by extension 'colcon_meta'
[2.203s] colcon.colcon_core.package_identification Level 1 _identify(data/test_export) by extensions ['ros']
[2.203s] colcon.colcon_core.package_identification Level 1 _identify(data/test_export) by extension 'ros'
[2.204s] colcon.colcon_core.package_identification Level 1 _identify(data/test_export) by extensions ['cmake', 'python']
[2.204s] colcon.colcon_core.package_identification Level 1 _identify(data/test_export) by extension 'cmake'
[2.205s] colcon.colcon_core.package_identification Level 1 _identify(data/test_export) by extension 'python'
[2.205s] colcon.colcon_core.package_identification Level 1 _identify(data/test_export) by extensions ['python_setup_py']
[2.205s] colcon.colcon_core.package_identification Level 1 _identify(data/test_export) by extension 'python_setup_py'
[2.206s] colcon.colcon_core.package_identification Level 1 _identify(docs) by extensions ['ignore', 'ignore_ament_install']
[2.206s] colcon.colcon_core.package_identification Level 1 _identify(docs) by extension 'ignore'
[2.206s] colcon.colcon_core.package_identification Level 1 _identify(docs) by extension 'ignore_ament_install'
[2.206s] colcon.colcon_core.package_identification Level 1 _identify(docs) by extensions ['colcon_pkg']
[2.206s] colcon.colcon_core.package_identification Level 1 _identify(docs) by extension 'colcon_pkg'
[2.206s] colcon.colcon_core.package_identification Level 1 _identify(docs) by extensions ['colcon_meta']
[2.206s] colcon.colcon_core.package_identification Level 1 _identify(docs) by extension 'colcon_meta'
[2.207s] colcon.colcon_core.package_identification Level 1 _identify(docs) by extensions ['ros']
[2.207s] colcon.colcon_core.package_identification Level 1 _identify(docs) by extension 'ros'
[2.207s] colcon.colcon_core.package_identification Level 1 _identify(docs) by extensions ['cmake', 'python']
[2.207s] colcon.colcon_core.package_identification Level 1 _identify(docs) by extension 'cmake'
[2.207s] colcon.colcon_core.package_identification Level 1 _identify(docs) by extension 'python'
[2.207s] colcon.colcon_core.package_identification Level 1 _identify(docs) by extensions ['python_setup_py']
[2.207s] colcon.colcon_core.package_identification Level 1 _identify(docs) by extension 'python_setup_py'
[2.207s] colcon.colcon_core.package_identification Level 1 _identify(install) by extensions ['ignore', 'ignore_ament_install']
[2.207s] colcon.colcon_core.package_identification Level 1 _identify(install) by extension 'ignore'
[2.208s] colcon.colcon_core.package_identification Level 1 _identify(install) ignored
[2.209s] colcon.colcon_core.package_identification Level 1 _identify(log) by extensions ['ignore', 'ignore_ament_install']
[2.209s] colcon.colcon_core.package_identification Level 1 _identify(log) by extension 'ignore'
[2.210s] colcon.colcon_core.package_identification Level 1 _identify(log) ignored
[2.210s] colcon.colcon_core.package_identification Level 1 _identify(results) by extensions ['ignore', 'ignore_ament_install']
[2.215s] colcon.colcon_core.package_identification Level 1 _identify(results) by extension 'ignore'
[2.215s] colcon.colcon_core.package_identification Level 1 _identify(results) by extension 'ignore_ament_install'
[2.215s] colcon.colcon_core.package_identification Level 1 _identify(results) by extensions ['colcon_pkg']
[2.215s] colcon.colcon_core.package_identification Level 1 _identify(results) by extension 'colcon_pkg'
[2.215s] colcon.colcon_core.package_identification Level 1 _identify(results) by extensions ['colcon_meta']
[2.215s] colcon.colcon_core.package_identification Level 1 _identify(results) by extension 'colcon_meta'
[2.216s] colcon.colcon_core.package_identification Level 1 _identify(results) by extensions ['ros']
[2.216s] colcon.colcon_core.package_identification Level 1 _identify(results) by extension 'ros'
[2.216s] colcon.colcon_core.package_identification Level 1 _identify(results) by extensions ['cmake', 'python']
[2.216s] colcon.colcon_core.package_identification Level 1 _identify(results) by extension 'cmake'
[2.217s] colcon.colcon_core.package_identification Level 1 _identify(results) by extension 'python'
[2.217s] colcon.colcon_core.package_identification Level 1 _identify(results) by extensions ['python_setup_py']
[2.217s] colcon.colcon_core.package_identification Level 1 _identify(results) by extension 'python_setup_py'
[2.218s] colcon.colcon_core.package_identification Level 1 _identify(results/test_plots) by extensions ['ignore', 'ignore_ament_install']
[2.219s] colcon.colcon_core.package_identification Level 1 _identify(results/test_plots) by extension 'ignore'
[2.219s] colcon.colcon_core.package_identification Level 1 _identify(results/test_plots) by extension 'ignore_ament_install'
[2.219s] colcon.colcon_core.package_identification Level 1 _identify(results/test_plots) by extensions ['colcon_pkg']
[2.219s] colcon.colcon_core.package_identification Level 1 _identify(results/test_plots) by extension 'colcon_pkg'
[2.219s] colcon.colcon_core.package_identification Level 1 _identify(results/test_plots) by extensions ['colcon_meta']
[2.220s] colcon.colcon_core.package_identification Level 1 _identify(results/test_plots) by extension 'colcon_meta'
[2.221s] colcon.colcon_core.package_identification Level 1 _identify(results/test_plots) by extensions ['ros']
[2.221s] colcon.colcon_core.package_identification Level 1 _identify(results/test_plots) by extension 'ros'
[2.221s] colcon.colcon_core.package_identification Level 1 _identify(results/test_plots) by extensions ['cmake', 'python']
[2.221s] colcon.colcon_core.package_identification Level 1 _identify(results/test_plots) by extension 'cmake'
[2.221s] colcon.colcon_core.package_identification Level 1 _identify(results/test_plots) by extension 'python'
[2.221s] colcon.colcon_core.package_identification Level 1 _identify(results/test_plots) by extensions ['python_setup_py']
[2.222s] colcon.colcon_core.package_identification Level 1 _identify(results/test_plots) by extension 'python_setup_py'
[2.222s] colcon.colcon_core.package_identification Level 1 _identify(scripts) by extensions ['ignore', 'ignore_ament_install']
[2.222s] colcon.colcon_core.package_identification Level 1 _identify(scripts) by extension 'ignore'
[2.222s] colcon.colcon_core.package_identification Level 1 _identify(scripts) by extension 'ignore_ament_install'
[2.222s] colcon.colcon_core.package_identification Level 1 _identify(scripts) by extensions ['colcon_pkg']
[2.222s] colcon.colcon_core.package_identification Level 1 _identify(scripts) by extension 'colcon_pkg'
[2.222s] colcon.colcon_core.package_identification Level 1 _identify(scripts) by extensions ['colcon_meta']
[2.222s] colcon.colcon_core.package_identification Level 1 _identify(scripts) by extension 'colcon_meta'
[2.222s] colcon.colcon_core.package_identification Level 1 _identify(scripts) by extensions ['ros']
[2.222s] colcon.colcon_core.package_identification Level 1 _identify(scripts) by extension 'ros'
[2.223s] colcon.colcon_core.package_identification Level 1 _identify(scripts) by extensions ['cmake', 'python']
[2.223s] colcon.colcon_core.package_identification Level 1 _identify(scripts) by extension 'cmake'
[2.223s] colcon.colcon_core.package_identification Level 1 _identify(scripts) by extension 'python'
[2.223s] colcon.colcon_core.package_identification Level 1 _identify(scripts) by extensions ['python_setup_py']
[2.223s] colcon.colcon_core.package_identification Level 1 _identify(scripts) by extension 'python_setup_py'
[2.223s] colcon.colcon_core.package_identification Level 1 _identify(src) by extensions ['ignore', 'ignore_ament_install']
[2.223s] colcon.colcon_core.package_identification Level 1 _identify(src) by extension 'ignore'
[2.223s] colcon.colcon_core.package_identification Level 1 _identify(src) by extension 'ignore_ament_install'
[2.223s] colcon.colcon_core.package_identification Level 1 _identify(src) by extensions ['colcon_pkg']
[2.223s] colcon.colcon_core.package_identification Level 1 _identify(src) by extension 'colcon_pkg'
[2.223s] colcon.colcon_core.package_identification Level 1 _identify(src) by extensions ['colcon_meta']
[2.223s] colcon.colcon_core.package_identification Level 1 _identify(src) by extension 'colcon_meta'
[2.223s] colcon.colcon_core.package_identification Level 1 _identify(src) by extensions ['ros']
[2.224s] colcon.colcon_core.package_identification Level 1 _identify(src) by extension 'ros'
[2.224s] colcon.colcon_core.package_identification Level 1 _identify(src) by extensions ['cmake', 'python']
[2.224s] colcon.colcon_core.package_identification Level 1 _identify(src) by extension 'cmake'
[2.224s] colcon.colcon_core.package_identification Level 1 _identify(src) by extension 'python'
[2.224s] colcon.colcon_core.package_identification Level 1 _identify(src) by extensions ['python_setup_py']
[2.224s] colcon.colcon_core.package_identification Level 1 _identify(src) by extension 'python_setup_py'
[2.224s] colcon.colcon_core.package_identification Level 1 _identify(src/__pycache__) by extensions ['ignore', 'ignore_ament_install']
[2.224s] colcon.colcon_core.package_identification Level 1 _identify(src/__pycache__) by extension 'ignore'
[2.224s] colcon.colcon_core.package_identification Level 1 _identify(src/__pycache__) by extension 'ignore_ament_install'
[2.224s] colcon.colcon_core.package_identification Level 1 _identify(src/__pycache__) by extensions ['colcon_pkg']
[2.224s] colcon.colcon_core.package_identification Level 1 _identify(src/__pycache__) by extension 'colcon_pkg'
[2.225s] colcon.colcon_core.package_identification Level 1 _identify(src/__pycache__) by extensions ['colcon_meta']
[2.225s] colcon.colcon_core.package_identification Level 1 _identify(src/__pycache__) by extension 'colcon_meta'
[2.225s] colcon.colcon_core.package_identification Level 1 _identify(src/__pycache__) by extensions ['ros']
[2.225s] colcon.colcon_core.package_identification Level 1 _identify(src/__pycache__) by extension 'ros'
[2.225s] colcon.colcon_core.package_identification Level 1 _identify(src/__pycache__) by extensions ['cmake', 'python']
[2.225s] colcon.colcon_core.package_identification Level 1 _identify(src/__pycache__) by extension 'cmake'
[2.225s] colcon.colcon_core.package_identification Level 1 _identify(src/__pycache__) by extension 'python'
[2.225s] colcon.colcon_core.package_identification Level 1 _identify(src/__pycache__) by extensions ['python_setup_py']
[2.225s] colcon.colcon_core.package_identification Level 1 _identify(src/__pycache__) by extension 'python_setup_py'
[2.225s] colcon.colcon_core.package_identification Level 1 _identify(src/dynamics) by extensions ['ignore', 'ignore_ament_install']
[2.225s] colcon.colcon_core.package_identification Level 1 _identify(src/dynamics) by extension 'ignore'
[2.226s] colcon.colcon_core.package_identification Level 1 _identify(src/dynamics) by extension 'ignore_ament_install'
[2.226s] colcon.colcon_core.package_identification Level 1 _identify(src/dynamics) by extensions ['colcon_pkg']
[2.226s] colcon.colcon_core.package_identification Level 1 _identify(src/dynamics) by extension 'colcon_pkg'
[2.226s] colcon.colcon_core.package_identification Level 1 _identify(src/dynamics) by extensions ['colcon_meta']
[2.227s] colcon.colcon_core.package_identification Level 1 _identify(src/dynamics) by extension 'colcon_meta'
[2.227s] colcon.colcon_core.package_identification Level 1 _identify(src/dynamics) by extensions ['ros']
[2.227s] colcon.colcon_core.package_identification Level 1 _identify(src/dynamics) by extension 'ros'
[2.227s] colcon.colcon_core.package_identification Level 1 _identify(src/dynamics) by extensions ['cmake', 'python']
[2.227s] colcon.colcon_core.package_identification Level 1 _identify(src/dynamics) by extension 'cmake'
[2.227s] colcon.colcon_core.package_identification Level 1 _identify(src/dynamics) by extension 'python'
[2.227s] colcon.colcon_core.package_identification Level 1 _identify(src/dynamics) by extensions ['python_setup_py']
[2.227s] colcon.colcon_core.package_identification Level 1 _identify(src/dynamics) by extension 'python_setup_py'
[2.228s] colcon.colcon_core.package_identification Level 1 _identify(src/dynamics/__pycache__) by extensions ['ignore', 'ignore_ament_install']
[2.228s] colcon.colcon_core.package_identification Level 1 _identify(src/dynamics/__pycache__) by extension 'ignore'
[2.228s] colcon.colcon_core.package_identification Level 1 _identify(src/dynamics/__pycache__) by extension 'ignore_ament_install'
[2.229s] colcon.colcon_core.package_identification Level 1 _identify(src/dynamics/__pycache__) by extensions ['colcon_pkg']
[2.229s] colcon.colcon_core.package_identification Level 1 _identify(src/dynamics/__pycache__) by extension 'colcon_pkg'
[2.229s] colcon.colcon_core.package_identification Level 1 _identify(src/dynamics/__pycache__) by extensions ['colcon_meta']
[2.229s] colcon.colcon_core.package_identification Level 1 _identify(src/dynamics/__pycache__) by extension 'colcon_meta'
[2.229s] colcon.colcon_core.package_identification Level 1 _identify(src/dynamics/__pycache__) by extensions ['ros']
[2.229s] colcon.colcon_core.package_identification Level 1 _identify(src/dynamics/__pycache__) by extension 'ros'
[2.229s] colcon.colcon_core.package_identification Level 1 _identify(src/dynamics/__pycache__) by extensions ['cmake', 'python']
[2.229s] colcon.colcon_core.package_identification Level 1 _identify(src/dynamics/__pycache__) by extension 'cmake'
[2.229s] colcon.colcon_core.package_identification Level 1 _identify(src/dynamics/__pycache__) by extension 'python'
[2.229s] colcon.colcon_core.package_identification Level 1 _identify(src/dynamics/__pycache__) by extensions ['python_setup_py']
[2.229s] colcon.colcon_core.package_identification Level 1 _identify(src/dynamics/__pycache__) by extension 'python_setup_py'
[2.229s] colcon.colcon_core.package_identification Level 1 _identify(src/mpc) by extensions ['ignore', 'ignore_ament_install']
[2.230s] colcon.colcon_core.package_identification Level 1 _identify(src/mpc) by extension 'ignore'
[2.230s] colcon.colcon_core.package_identification Level 1 _identify(src/mpc) by extension 'ignore_ament_install'
[2.230s] colcon.colcon_core.package_identification Level 1 _identify(src/mpc) by extensions ['colcon_pkg']
[2.230s] colcon.colcon_core.package_identification Level 1 _identify(src/mpc) by extension 'colcon_pkg'
[2.230s] colcon.colcon_core.package_identification Level 1 _identify(src/mpc) by extensions ['colcon_meta']
[2.230s] colcon.colcon_core.package_identification Level 1 _identify(src/mpc) by extension 'colcon_meta'
[2.230s] colcon.colcon_core.package_identification Level 1 _identify(src/mpc) by extensions ['ros']
[2.230s] colcon.colcon_core.package_identification Level 1 _identify(src/mpc) by extension 'ros'
[2.230s] colcon.colcon_core.package_identification Level 1 _identify(src/mpc) by extensions ['cmake', 'python']
[2.230s] colcon.colcon_core.package_identification Level 1 _identify(src/mpc) by extension 'cmake'
[2.230s] colcon.colcon_core.package_identification Level 1 _identify(src/mpc) by extension 'python'
[2.230s] colcon.colcon_core.package_identification Level 1 _identify(src/mpc) by extensions ['python_setup_py']
[2.230s] colcon.colcon_core.package_identification Level 1 _identify(src/mpc) by extension 'python_setup_py'
[2.231s] colcon.colcon_core.package_identification Level 1 _identify(src/mpc/__pycache__) by extensions ['ignore', 'ignore_ament_install']
[2.231s] colcon.colcon_core.package_identification Level 1 _identify(src/mpc/__pycache__) by extension 'ignore'
[2.231s] colcon.colcon_core.package_identification Level 1 _identify(src/mpc/__pycache__) by extension 'ignore_ament_install'
[2.231s] colcon.colcon_core.package_identification Level 1 _identify(src/mpc/__pycache__) by extensions ['colcon_pkg']
[2.231s] colcon.colcon_core.package_identification Level 1 _identify(src/mpc/__pycache__) by extension 'colcon_pkg'
[2.231s] colcon.colcon_core.package_identification Level 1 _identify(src/mpc/__pycache__) by extensions ['colcon_meta']
[2.231s] colcon.colcon_core.package_identification Level 1 _identify(src/mpc/__pycache__) by extension 'colcon_meta'
[2.231s] colcon.colcon_core.package_identification Level 1 _identify(src/mpc/__pycache__) by extensions ['ros']
[2.231s] colcon.colcon_core.package_identification Level 1 _identify(src/mpc/__pycache__) by extension 'ros'
[2.231s] colcon.colcon_core.package_identification Level 1 _identify(src/mpc/__pycache__) by extensions ['cmake', 'python']
[2.231s] colcon.colcon_core.package_identification Level 1 _identify(src/mpc/__pycache__) by extension 'cmake'
[2.231s] colcon.colcon_core.package_identification Level 1 _identify(src/mpc/__pycache__) by extension 'python'
[2.231s] colcon.colcon_core.package_identification Level 1 _identify(src/mpc/__pycache__) by extensions ['python_setup_py']
[2.231s] colcon.colcon_core.package_identification Level 1 _identify(src/mpc/__pycache__) by extension 'python_setup_py'
[2.232s] colcon.colcon_core.package_identification Level 1 _identify(src/ros2_arm_viz) by extensions ['ignore', 'ignore_ament_install']
[2.232s] colcon.colcon_core.package_identification Level 1 _identify(src/ros2_arm_viz) by extension 'ignore'
[2.232s] colcon.colcon_core.package_identification Level 1 _identify(src/ros2_arm_viz) by extension 'ignore_ament_install'
[2.232s] colcon.colcon_core.package_identification Level 1 _identify(src/ros2_arm_viz) by extensions ['colcon_pkg']
[2.232s] colcon.colcon_core.package_identification Level 1 _identify(src/ros2_arm_viz) by extension 'colcon_pkg'
[2.232s] colcon.colcon_core.package_identification Level 1 _identify(src/ros2_arm_viz) by extensions ['colcon_meta']
[2.232s] colcon.colcon_core.package_identification Level 1 _identify(src/ros2_arm_viz) by extension 'colcon_meta'
[2.232s] colcon.colcon_core.package_identification Level 1 _identify(src/ros2_arm_viz) by extensions ['ros']
[2.232s] colcon.colcon_core.package_identification Level 1 _identify(src/ros2_arm_viz) by extension 'ros'
[2.246s] colcon.colcon_core.package_identification DEBUG Package 'src/ros2_arm_viz' with type 'ros.ament_python' and name 'ros2_arm_viz'
[2.246s] colcon.colcon_core.package_identification Level 1 _identify(src/solver) by extensions ['ignore', 'ignore_ament_install']
[2.246s] colcon.colcon_core.package_identification Level 1 _identify(src/solver) by extension 'ignore'
[2.246s] colcon.colcon_core.package_identification Level 1 _identify(src/solver) by extension 'ignore_ament_install'
[2.246s] colcon.colcon_core.package_identification Level 1 _identify(src/solver) by extensions ['colcon_pkg']
[2.246s] colcon.colcon_core.package_identification Level 1 _identify(src/solver) by extension 'colcon_pkg'
[2.246s] colcon.colcon_core.package_identification Level 1 _identify(src/solver) by extensions ['colcon_meta']
[2.246s] colcon.colcon_core.package_identification Level 1 _identify(src/solver) by extension 'colcon_meta'
[2.246s] colcon.colcon_core.package_identification Level 1 _identify(src/solver) by extensions ['ros']
[2.246s] colcon.colcon_core.package_identification Level 1 _identify(src/solver) by extension 'ros'
[2.247s] colcon.colcon_core.package_identification Level 1 _identify(src/solver) by extensions ['cmake', 'python']
[2.247s] colcon.colcon_core.package_identification Level 1 _identify(src/solver) by extension 'cmake'
[2.247s] colcon.colcon_core.package_identification Level 1 _identify(src/solver) by extension 'python'
[2.247s] colcon.colcon_core.package_identification Level 1 _identify(src/solver) by extensions ['python_setup_py']
[2.247s] colcon.colcon_core.package_identification Level 1 _identify(src/solver) by extension 'python_setup_py'
[2.247s] colcon.colcon_core.package_identification Level 1 _identify(src/solver/__pycache__) by extensions ['ignore', 'ignore_ament_install']
[2.247s] colcon.colcon_core.package_identification Level 1 _identify(src/solver/__pycache__) by extension 'ignore'
[2.247s] colcon.colcon_core.package_identification Level 1 _identify(src/solver/__pycache__) by extension 'ignore_ament_install'
[2.247s] colcon.colcon_core.package_identification Level 1 _identify(src/solver/__pycache__) by extensions ['colcon_pkg']
[2.247s] colcon.colcon_core.package_identification Level 1 _identify(src/solver/__pycache__) by extension 'colcon_pkg'
[2.247s] colcon.colcon_core.package_identification Level 1 _identify(src/solver/__pycache__) by extensions ['colcon_meta']
[2.247s] colcon.colcon_core.package_identification Level 1 _identify(src/solver/__pycache__) by extension 'colcon_meta'
[2.248s] colcon.colcon_core.package_identification Level 1 _identify(src/solver/__pycache__) by extensions ['ros']
[2.248s] colcon.colcon_core.package_identification Level 1 _identify(src/solver/__pycache__) by extension 'ros'
[2.248s] colcon.colcon_core.package_identification Level 1 _identify(src/solver/__pycache__) by extensions ['cmake', 'python']
[2.248s] colcon.colcon_core.package_identification Level 1 _identify(src/solver/__pycache__) by extension 'cmake'
[2.248s] colcon.colcon_core.package_identification Level 1 _identify(src/solver/__pycache__) by extension 'python'
[2.248s] colcon.colcon_core.package_identification Level 1 _identify(src/solver/__pycache__) by extensions ['python_setup_py']
[2.248s] colcon.colcon_core.package_identification Level 1 _identify(src/solver/__pycache__) by extension 'python_setup_py'
[2.248s] colcon.colcon_core.package_identification Level 1 _identify(src/utils) by extensions ['ignore', 'ignore_ament_install']
[2.248s] colcon.colcon_core.package_identification Level 1 _identify(src/utils) by extension 'ignore'
[2.248s] colcon.colcon_core.package_identification Level 1 _identify(src/utils) by extension 'ignore_ament_install'
[2.248s] colcon.colcon_core.package_identification Level 1 _identify(src/utils) by extensions ['colcon_pkg']
[2.248s] colcon.colcon_core.package_identification Level 1 _identify(src/utils) by extension 'colcon_pkg'
[2.248s] colcon.colcon_core.package_identification Level 1 _identify(src/utils) by extensions ['colcon_meta']
[2.248s] colcon.colcon_core.package_identification Level 1 _identify(src/utils) by extension 'colcon_meta'
[2.249s] colcon.colcon_core.package_identification Level 1 _identify(src/utils) by extensions ['ros']
[2.249s] colcon.colcon_core.package_identification Level 1 _identify(src/utils) by extension 'ros'
[2.249s] colcon.colcon_core.package_identification Level 1 _identify(src/utils) by extensions ['cmake', 'python']
[2.249s] colcon.colcon_core.package_identification Level 1 _identify(src/utils) by extension 'cmake'
[2.249s] colcon.colcon_core.package_identification Level 1 _identify(src/utils) by extension 'python'
[2.249s] colcon.colcon_core.package_identification Level 1 _identify(src/utils) by extensions ['python_setup_py']
[2.249s] colcon.colcon_core.package_identification Level 1 _identify(src/utils) by extension 'python_setup_py'
[2.250s] colcon.colcon_core.package_identification Level 1 _identify(src/utils/__pycache__) by extensions ['ignore', 'ignore_ament_install']
[2.250s] colcon.colcon_core.package_identification Level 1 _identify(src/utils/__pycache__) by extension 'ignore'
[2.250s] colcon.colcon_core.package_identification Level 1 _identify(src/utils/__pycache__) by extension 'ignore_ament_install'
[2.250s] colcon.colcon_core.package_identification Level 1 _identify(src/utils/__pycache__) by extensions ['colcon_pkg']
[2.250s] colcon.colcon_core.package_identification Level 1 _identify(src/utils/__pycache__) by extension 'colcon_pkg'
[2.250s] colcon.colcon_core.package_identification Level 1 _identify(src/utils/__pycache__) by extensions ['colcon_meta']
[2.250s] colcon.colcon_core.package_identification Level 1 _identify(src/utils/__pycache__) by extension 'colcon_meta'
[2.250s] colcon.colcon_core.package_identification Level 1 _identify(src/utils/__pycache__) by extensions ['ros']
[2.250s] colcon.colcon_core.package_identification Level 1 _identify(src/utils/__pycache__) by extension 'ros'
[2.251s] colcon.colcon_core.package_identification Level 1 _identify(src/utils/__pycache__) by extensions ['cmake', 'python']
[2.251s] colcon.colcon_core.package_identification Level 1 _identify(src/utils/__pycache__) by extension 'cmake'
[2.251s] colcon.colcon_core.package_identification Level 1 _identify(src/utils/__pycache__) by extension 'python'
[2.251s] colcon.colcon_core.package_identification Level 1 _identify(src/utils/__pycache__) by extensions ['python_setup_py']
[2.251s] colcon.colcon_core.package_identification Level 1 _identify(src/utils/__pycache__) by extension 'python_setup_py'
[2.252s] colcon.colcon_core.package_identification Level 1 _identify(tests) by extensions ['ignore', 'ignore_ament_install']
[2.252s] colcon.colcon_core.package_identification Level 1 _identify(tests) by extension 'ignore'
[2.253s] colcon.colcon_core.package_identification Level 1 _identify(tests) by extension 'ignore_ament_install'
[2.256s] colcon.colcon_core.package_identification Level 1 _identify(tests) by extensions ['colcon_pkg']
[2.256s] colcon.colcon_core.package_identification Level 1 _identify(tests) by extension 'colcon_pkg'
[2.256s] colcon.colcon_core.package_identification Level 1 _identify(tests) by extensions ['colcon_meta']
[2.256s] colcon.colcon_core.package_identification Level 1 _identify(tests) by extension 'colcon_meta'
[2.257s] colcon.colcon_core.package_identification Level 1 _identify(tests) by extensions ['ros']
[2.257s] colcon.colcon_core.package_identification Level 1 _identify(tests) by extension 'ros'
[2.257s] colcon.colcon_core.package_identification Level 1 _identify(tests) by extensions ['cmake', 'python']
[2.257s] colcon.colcon_core.package_identification Level 1 _identify(tests) by extension 'cmake'
[2.257s] colcon.colcon_core.package_identification Level 1 _identify(tests) by extension 'python'
[2.257s] colcon.colcon_core.package_identification Level 1 _identify(tests) by extensions ['python_setup_py']
[2.257s] colcon.colcon_core.package_identification Level 1 _identify(tests) by extension 'python_setup_py'
[2.258s] colcon.colcon_core.package_identification Level 1 _identify(web_app) by extensions ['ignore', 'ignore_ament_install']
[2.258s] colcon.colcon_core.package_identification Level 1 _identify(web_app) by extension 'ignore'
[2.258s] colcon.colcon_core.package_identification Level 1 _identify(web_app) by extension 'ignore_ament_install'
[2.258s] colcon.colcon_core.package_identification Level 1 _identify(web_app) by extensions ['colcon_pkg']
[2.258s] colcon.colcon_core.package_identification Level 1 _identify(web_app) by extension 'colcon_pkg'
[2.258s] colcon.colcon_core.package_identification Level 1 _identify(web_app) by extensions ['colcon_meta']
[2.258s] colcon.colcon_core.package_identification Level 1 _identify(web_app) by extension 'colcon_meta'
[2.258s] colcon.colcon_core.package_identification Level 1 _identify(web_app) by extensions ['ros']
[2.258s] colcon.colcon_core.package_identification Level 1 _identify(web_app) by extension 'ros'
[2.259s] colcon.colcon_core.package_identification Level 1 _identify(web_app) by extensions ['cmake', 'python']
[2.259s] colcon.colcon_core.package_identification Level 1 _identify(web_app) by extension 'cmake'
[2.259s] colcon.colcon_core.package_identification Level 1 _identify(web_app) by extension 'python'
[2.260s] colcon.colcon_core.package_identification Level 1 _identify(web_app) by extensions ['python_setup_py']
[2.260s] colcon.colcon_core.package_identification Level 1 _identify(web_app) by extension 'python_setup_py'
[2.260s] colcon.colcon_core.package_identification Level 1 _identify(web_app/static) by extensions ['ignore', 'ignore_ament_install']
[2.261s] colcon.colcon_core.package_identification Level 1 _identify(web_app/static) by extension 'ignore'
[2.261s] colcon.colcon_core.package_identification Level 1 _identify(web_app/static) by extension 'ignore_ament_install'
[2.261s] colcon.colcon_core.package_identification Level 1 _identify(web_app/static) by extensions ['colcon_pkg']
[2.262s] colcon.colcon_core.package_identification Level 1 _identify(web_app/static) by extension 'colcon_pkg'
[2.262s] colcon.colcon_core.package_identification Level 1 _identify(web_app/static) by extensions ['colcon_meta']
[2.262s] colcon.colcon_core.package_identification Level 1 _identify(web_app/static) by extension 'colcon_meta'
[2.263s] colcon.colcon_core.package_identification Level 1 _identify(web_app/static) by extensions ['ros']
[2.263s] colcon.colcon_core.package_identification Level 1 _identify(web_app/static) by extension 'ros'
[2.263s] colcon.colcon_core.package_identification Level 1 _identify(web_app/static) by extensions ['cmake', 'python']
[2.263s] colcon.colcon_core.package_identification Level 1 _identify(web_app/static) by extension 'cmake'
[2.263s] colcon.colcon_core.package_identification Level 1 _identify(web_app/static) by extension 'python'
[2.263s] colcon.colcon_core.package_identification Level 1 _identify(web_app/static) by extensions ['python_setup_py']
[2.263s] colcon.colcon_core.package_identification Level 1 _identify(web_app/static) by extension 'python_setup_py'
[2.264s] colcon.colcon_core.package_identification Level 1 _identify(web_app_screenshots) by extensions ['ignore', 'ignore_ament_install']
[2.264s] colcon.colcon_core.package_identification Level 1 _identify(web_app_screenshots) by extension 'ignore'
[2.264s] colcon.colcon_core.package_identification Level 1 _identify(web_app_screenshots) by extension 'ignore_ament_install'
[2.264s] colcon.colcon_core.package_identification Level 1 _identify(web_app_screenshots) by extensions ['colcon_pkg']
[2.264s] colcon.colcon_core.package_identification Level 1 _identify(web_app_screenshots) by extension 'colcon_pkg'
[2.264s] colcon.colcon_core.package_identification Level 1 _identify(web_app_screenshots) by extensions ['colcon_meta']
[2.264s] colcon.colcon_core.package_identification Level 1 _identify(web_app_screenshots) by extension 'colcon_meta'
[2.264s] colcon.colcon_core.package_identification Level 1 _identify(web_app_screenshots) by extensions ['ros']
[2.264s] colcon.colcon_core.package_identification Level 1 _identify(web_app_screenshots) by extension 'ros'
[2.264s] colcon.colcon_core.package_identification Level 1 _identify(web_app_screenshots) by extensions ['cmake', 'python']
[2.264s] colcon.colcon_core.package_identification Level 1 _identify(web_app_screenshots) by extension 'cmake'
[2.265s] colcon.colcon_core.package_identification Level 1 _identify(web_app_screenshots) by extension 'python'
[2.265s] colcon.colcon_core.package_identification Level 1 _identify(web_app_screenshots) by extensions ['python_setup_py']
[2.265s] colcon.colcon_core.package_identification Level 1 _identify(web_app_screenshots) by extension 'python_setup_py'
[2.265s] colcon.colcon_core.package_discovery Level 1 discover_packages(recursive) using defaults
[2.265s] colcon.colcon_core.package_discovery Level 1 discover_packages(ignore) discover
[2.265s] colcon.colcon_core.package_discovery Level 1 discover_packages(ignore) using defaults
[2.265s] colcon.colcon_core.package_discovery Level 1 discover_packages(path) discover
[2.265s] colcon.colcon_core.package_discovery Level 1 discover_packages(path) using defaults
[2.348s] colcon.colcon_core.verb Level 5 set package 'ros2_arm_viz' build argument 'cmake_args' from command line to 'None'
[2.348s] colcon.colcon_core.verb Level 5 set package 'ros2_arm_viz' build argument 'cmake_target' from command line to 'None'
[2.348s] colcon.colcon_core.verb Level 5 set package 'ros2_arm_viz' build argument 'cmake_target_skip_unavailable' from command line to 'False'
[2.348s] colcon.colcon_core.verb Level 5 set package 'ros2_arm_viz' build argument 'cmake_clean_cache' from command line to 'False'
[2.348s] colcon.colcon_core.verb Level 5 set package 'ros2_arm_viz' build argument 'cmake_clean_first' from command line to 'False'
[2.348s] colcon.colcon_core.verb Level 5 set package 'ros2_arm_viz' build argument 'cmake_force_configure' from command line to 'False'
[2.348s] colcon.colcon_core.verb Level 5 set package 'ros2_arm_viz' build argument 'ament_cmake_args' from command line to 'None'
[2.348s] colcon.colcon_core.verb Level 5 set package 'ros2_arm_viz' build argument 'catkin_cmake_args' from command line to 'None'
[2.348s] colcon.colcon_core.verb Level 5 set package 'ros2_arm_viz' build argument 'catkin_skip_building_tests' from command line to 'False'
[2.348s] colcon.colcon_core.verb DEBUG Building package 'ros2_arm_viz' with the following arguments: {'ament_cmake_args': None, 'build_base': "/Users/alvin/Documents/Alvin/College/Academics/Master's Thesis/Code/Neuromorphic-Robot-Control/build/ros2_arm_viz", 'catkin_cmake_args': None, 'catkin_skip_building_tests': False, 'cmake_args': None, 'cmake_clean_cache': False, 'cmake_clean_first': False, 'cmake_force_configure': False, 'cmake_target': None, 'cmake_target_skip_unavailable': False, 'install_base': "/Users/alvin/Documents/Alvin/College/Academics/Master's Thesis/Code/Neuromorphic-Robot-Control/install/ros2_arm_viz", 'merge_install': False, 'path': "/Users/alvin/Documents/Alvin/College/Academics/Master's Thesis/Code/Neuromorphic-Robot-Control/src/ros2_arm_viz", 'symlink_install': False, 'test_result_base': None}
[2.348s] colcon.colcon_core.executor INFO Executing jobs using 'parallel' executor
[2.349s] colcon.colcon_parallel_executor.executor.parallel DEBUG run_until_complete
[2.350s] colcon.colcon_ros.task.ament_python.build INFO Building ROS package in '/Users/alvin/Documents/Alvin/College/Academics/Master's Thesis/Code/Neuromorphic-Robot-Control/src/ros2_arm_viz' with build type 'ament_python'
[2.350s] colcon.colcon_core.shell Level 1 create_environment_hook('ros2_arm_viz', 'ament_prefix_path')
[2.380s] colcon.colcon_core.plugin_system INFO Skipping extension 'colcon_core.shell.bat': Not used on non-Windows systems
[2.380s] colcon.colcon_core.shell INFO Creating environment hook '/Users/alvin/Documents/Alvin/College/Academics/Master's Thesis/Code/Neuromorphic-Robot-Control/install/ros2_arm_viz/share/ros2_arm_viz/hook/ament_prefix_path.ps1'
[2.383s] colcon.colcon_core.shell INFO Creating environment descriptor '/Users/alvin/Documents/Alvin/College/Academics/Master's Thesis/Code/Neuromorphic-Robot-Control/install/ros2_arm_viz/share/ros2_arm_viz/hook/ament_prefix_path.dsv'
[2.389s] colcon.colcon_core.shell INFO Creating environment hook '/Users/alvin/Documents/Alvin/College/Academics/Master's Thesis/Code/Neuromorphic-Robot-Control/install/ros2_arm_viz/share/ros2_arm_viz/hook/ament_prefix_path.sh'
[2.391s] colcon.colcon_core.shell INFO Skip shell extension 'powershell' for command environment: Not usable outside of PowerShell
[2.391s] colcon.colcon_core.shell DEBUG Skip shell extension 'dsv' for command environment
[3.263s] colcon.colcon_core.task.python.build INFO Building Python package in '/Users/alvin/Documents/Alvin/College/Academics/Master's Thesis/Code/Neuromorphic-Robot-Control/src/ros2_arm_viz'
[3.264s] colcon.colcon_core.shell INFO Skip shell extension 'powershell' for command environment: Not usable outside of PowerShell
[3.264s] colcon.colcon_core.shell DEBUG Skip shell extension 'dsv' for command environment
[5.364s] colcon.colcon_core.event_handler.log_command DEBUG Invoking command in '/Users/alvin/Documents/Alvin/College/Academics/Master's Thesis/Code/Neuromorphic-Robot-Control/src/ros2_arm_viz': PYTHONPATH=/Users/alvin/Documents/Alvin/College/Academics/Master's Thesis/Code/Neuromorphic-Robot-Control/build/ros2_arm_viz/prefix_override:/Users/alvin/y/envs/ros_env/lib/python3.11/site-packages/colcon_core/task/python/colcon_distutils_commands:/Users/alvin/Documents/Alvin/College/Academics/Master's Thesis/Code/Neuromorphic-Robot-Control/install/ros2_arm_viz/lib/python3.11/site-packages:${PYTHONPATH} SHLVL=3 _=/usr/bin/env /Users/alvin/y/envs/ros_env/bin/python3.11 -W ignore:setup.py install is deprecated -W ignore:easy_install command is deprecated setup.py egg_info --egg-base ../../build/ros2_arm_viz build --build-base /Users/alvin/Documents/Alvin/College/Academics/Master's Thesis/Code/Neuromorphic-Robot-Control/build/ros2_arm_viz/build install --record /Users/alvin/Documents/Alvin/College/Academics/Master's Thesis/Code/Neuromorphic-Robot-Control/build/ros2_arm_viz/install.log --single-version-externally-managed install_data
[9.289s] colcon.colcon_core.event_handler.log_command DEBUG Invoked command in '/Users/alvin/Documents/Alvin/College/Academics/Master's Thesis/Code/Neuromorphic-Robot-Control/src/ros2_arm_viz' returned '0': PYTHONPATH=/Users/alvin/Documents/Alvin/College/Academics/Master's Thesis/Code/Neuromorphic-Robot-Control/build/ros2_arm_viz/prefix_override:/Users/alvin/y/envs/ros_env/lib/python3.11/site-packages/colcon_core/task/python/colcon_distutils_commands:/Users/alvin/Documents/Alvin/College/Academics/Master's Thesis/Code/Neuromorphic-Robot-Control/install/ros2_arm_viz/lib/python3.11/site-packages:${PYTHONPATH} SHLVL=3 _=/usr/bin/env /Users/alvin/y/envs/ros_env/bin/python3.11 -W ignore:setup.py install is deprecated -W ignore:easy_install command is deprecated setup.py egg_info --egg-base ../../build/ros2_arm_viz build --build-base /Users/alvin/Documents/Alvin/College/Academics/Master's Thesis/Code/Neuromorphic-Robot-Control/build/ros2_arm_viz/build install --record /Users/alvin/Documents/Alvin/College/Academics/Master's Thesis/Code/Neuromorphic-Robot-Control/build/ros2_arm_viz/install.log --single-version-externally-managed install_data
[9.427s] colcon.colcon_core.environment Level 1 checking '/Users/alvin/Documents/Alvin/College/Academics/Master's Thesis/Code/Neuromorphic-Robot-Control/install/ros2_arm_viz' for CMake module files
[9.439s] colcon.colcon_core.environment Level 1 checking '/Users/alvin/Documents/Alvin/College/Academics/Master's Thesis/Code/Neuromorphic-Robot-Control/install/ros2_arm_viz' for CMake config files
[9.441s] colcon.colcon_core.environment Level 1 checking '/Users/alvin/Documents/Alvin/College/Academics/Master's Thesis/Code/Neuromorphic-Robot-Control/install/ros2_arm_viz/lib'
[9.441s] colcon.colcon_core.environment Level 1 checking '/Users/alvin/Documents/Alvin/College/Academics/Master's Thesis/Code/Neuromorphic-Robot-Control/install/ros2_arm_viz/bin'
[9.441s] colcon.colcon_core.environment Level 1 checking '/Users/alvin/Documents/Alvin/College/Academics/Master's Thesis/Code/Neuromorphic-Robot-Control/install/ros2_arm_viz/lib/pkgconfig/ros2_arm_viz.pc'
[9.442s] colcon.colcon_core.environment Level 1 checking '/Users/alvin/Documents/Alvin/College/Academics/Master's Thesis/Code/Neuromorphic-Robot-Control/install/ros2_arm_viz/lib/python3.11/site-packages'
[9.442s] colcon.colcon_core.shell Level 1 create_environment_hook('ros2_arm_viz', 'pythonpath')
[9.443s] colcon.colcon_core.shell INFO Creating environment hook '/Users/alvin/Documents/Alvin/College/Academics/Master's Thesis/Code/Neuromorphic-Robot-Control/install/ros2_arm_viz/share/ros2_arm_viz/hook/pythonpath.ps1'
[9.446s] colcon.colcon_core.shell INFO Creating environment descriptor '/Users/alvin/Documents/Alvin/College/Academics/Master's Thesis/Code/Neuromorphic-Robot-Control/install/ros2_arm_viz/share/ros2_arm_viz/hook/pythonpath.dsv'
[9.447s] colcon.colcon_core.shell INFO Creating environment hook '/Users/alvin/Documents/Alvin/College/Academics/Master's Thesis/Code/Neuromorphic-Robot-Control/install/ros2_arm_viz/share/ros2_arm_viz/hook/pythonpath.sh'
[9.449s] colcon.colcon_core.environment Level 1 checking '/Users/alvin/Documents/Alvin/College/Academics/Master's Thesis/Code/Neuromorphic-Robot-Control/install/ros2_arm_viz/bin'
[9.449s] colcon.colcon_core.environment Level 1 create_environment_scripts_only(ros2_arm_viz)
[9.450s] colcon.colcon_core.shell INFO Creating package script '/Users/alvin/Documents/Alvin/College/Academics/Master's Thesis/Code/Neuromorphic-Robot-Control/install/ros2_arm_viz/share/ros2_arm_viz/package.ps1'
[9.457s] colcon.colcon_core.shell INFO Creating package descriptor '/Users/alvin/Documents/Alvin/College/Academics/Master's Thesis/Code/Neuromorphic-Robot-Control/install/ros2_arm_viz/share/ros2_arm_viz/package.dsv'
[9.462s] colcon.colcon_core.shell INFO Creating package script '/Users/alvin/Documents/Alvin/College/Academics/Master's Thesis/Code/Neuromorphic-Robot-Control/install/ros2_arm_viz/share/ros2_arm_viz/package.sh'
[9.464s] colcon.colcon_core.shell INFO Creating package script '/Users/alvin/Documents/Alvin/College/Academics/Master's Thesis/Code/Neuromorphic-Robot-Control/install/ros2_arm_viz/share/ros2_arm_viz/package.bash'
[9.472s] colcon.colcon_core.shell INFO Creating package script '/Users/alvin/Documents/Alvin/College/Academics/Master's Thesis/Code/Neuromorphic-Robot-Control/install/ros2_arm_viz/share/ros2_arm_viz/package.zsh'
[9.475s] colcon.colcon_core.environment Level 1 create_file_with_runtime_dependencies(/Users/alvin/Documents/Alvin/College/Academics/Master's Thesis/Code/Neuromorphic-Robot-Control/install/ros2_arm_viz/share/colcon-core/packages/ros2_arm_viz)
[9.478s] colcon.colcon_parallel_executor.executor.parallel DEBUG closing loop
[9.478s] colcon.colcon_parallel_executor.executor.parallel DEBUG loop closed
[9.481s] colcon.colcon_parallel_executor.executor.parallel DEBUG run_until_complete finished with '0'
[9.481s] colcon.colcon_core.event_reactor DEBUG joining thread
[9.482s] colcon.colcon_core.event_reactor DEBUG joined thread
[9.483s] colcon.colcon_core.shell INFO Creating prefix script '/Users/alvin/Documents/Alvin/College/Academics/Master's Thesis/Code/Neuromorphic-Robot-Control/install/local_setup.ps1'
[9.489s] colcon.colcon_core.shell INFO Creating prefix util module '/Users/alvin/Documents/Alvin/College/Academics/Master's Thesis/Code/Neuromorphic-Robot-Control/install/_local_setup_util_ps1.py'
[9.497s] colcon.colcon_core.shell INFO Creating prefix chain script '/Users/alvin/Documents/Alvin/College/Academics/Master's Thesis/Code/Neuromorphic-Robot-Control/install/setup.ps1'
[9.500s] colcon.colcon_core.shell INFO Creating prefix script '/Users/alvin/Documents/Alvin/College/Academics/Master's Thesis/Code/Neuromorphic-Robot-Control/install/local_setup.sh'
[9.502s] colcon.colcon_core.shell INFO Creating prefix util module '/Users/alvin/Documents/Alvin/College/Academics/Master's Thesis/Code/Neuromorphic-Robot-Control/install/_local_setup_util_sh.py'
[9.506s] colcon.colcon_core.shell INFO Creating prefix chain script '/Users/alvin/Documents/Alvin/College/Academics/Master's Thesis/Code/Neuromorphic-Robot-Control/install/setup.sh'
[9.514s] colcon.colcon_core.shell INFO Creating prefix script '/Users/alvin/Documents/Alvin/College/Academics/Master's Thesis/Code/Neuromorphic-Robot-Control/install/local_setup.bash'
[9.516s] colcon.colcon_core.shell INFO Creating prefix chain script '/Users/alvin/Documents/Alvin/College/Academics/Master's Thesis/Code/Neuromorphic-Robot-Control/install/setup.bash'
[9.522s] colcon.colcon_core.shell INFO Creating prefix script '/Users/alvin/Documents/Alvin/College/Academics/Master's Thesis/Code/Neuromorphic-Robot-Control/install/local_setup.zsh'
[9.524s] colcon.colcon_core.shell INFO Creating prefix chain script '/Users/alvin/Documents/Alvin/College/Academics/Master's Thesis/Code/Neuromorphic-Robot-Control/install/setup.zsh'
